{"C:\\Users\\karthik\\Desktop\\Whizzgit\\clinivio-frontend\\src\\app\\(dashboard)\\hrms\\constants.ts": {"path":"C:\\Users\\karthik\\Desktop\\Whizzgit\\clinivio-frontend\\src\\app\\(dashboard)\\hrms\\constants.ts","statementMap":{"0":{"start":{"line":12,"column":13},"end":{"line":12,"column":37}},"1":{"start":{"line":20,"column":13},"end":{"line":20,"column":32}},"2":{"start":{"line":33,"column":13},"end":{"line":33,"column":24}},"3":{"start":{"line":27,"column":13},"end":{"line":27,"column":34}},"4":{"start":{"line":1,"column":13},"end":{"line":1,"column":22}},"5":{"start":{"line":40,"column":16},"end":{"line":40,"column":24}},"6":{"start":{"line":35,"column":16},"end":{"line":35,"column":23}},"7":{"start":{"line":1,"column":86},"end":{"line":10,"column":null}},"8":{"start":{"line":12,"column":64},"end":{"line":18,"column":null}},"9":{"start":{"line":20,"column":59},"end":{"line":25,"column":null}},"10":{"start":{"line":27,"column":61},"end":{"line":31,"column":null}},"11":{"start":{"line":33,"column":27},"end":{"line":33,"column":null}},"12":{"start":{"line":36,"column":2},"end":{"line":36,"column":null}},"13":{"start":{"line":36,"column":12},"end":{"line":36,"column":null}},"14":{"start":{"line":37,"column":2},"end":{"line":37,"column":null}},"15":{"start":{"line":41,"column":12},"end":{"line":41,"column":null}},"16":{"start":{"line":42,"column":2},"end":{"line":42,"column":null}}},"fnMap":{"0":{"name":"fmtDate","decl":{"start":{"line":35,"column":16},"end":{"line":35,"column":23}},"loc":{"start":{"line":35,"column":43},"end":{"line":38,"column":null}}},"1":{"name":"currency","decl":{"start":{"line":40,"column":16},"end":{"line":40,"column":24}},"loc":{"start":{"line":40,"column":51},"end":{"line":43,"column":null}}}},"branchMap":{"0":{"loc":{"start":{"line":36,"column":2},"end":{"line":36,"column":null}},"type":"if","locations":[{"start":{"line":36,"column":2},"end":{"line":36,"column":null}},{"start":{},"end":{}}]},"1":{"loc":{"start":{"line":41,"column":19},"end":{"line":41,"column":null}},"type":"binary-expr","locations":[{"start":{"line":41,"column":19},"end":{"line":41,"column":24}},{"start":{"line":41,"column":24},"end":{"line":41,"column":null}}]}},"s":{"0":0,"1":0,"2":0,"3":0,"4":0,"5":0,"6":0,"7":0,"8":0,"9":0,"10":0,"11":0,"12":0,"13":0,"14":0,"15":0,"16":0},"f":{"0":0,"1":0},"b":{"0":[0,0],"1":[0,0]}}
,"C:\\Users\\karthik\\Desktop\\Whizzgit\\clinivio-frontend\\src\\app\\(dashboard)\\hrms\\hooks.ts": {"path":"C:\\Users\\karthik\\Desktop\\Whizzgit\\clinivio-frontend\\src\\app\\(dashboard)\\hrms\\hooks.ts","statementMap":{"0":{"start":{"line":124,"column":16},"end":{"line":124,"column":29}},"1":{"start":{"line":53,"column":16},"end":{"line":53,"column":29}},"2":{"start":{"line":211,"column":16},"end":{"line":211,"column":38}},"3":{"start":{"line":177,"column":16},"end":{"line":177,"column":40}},"4":{"start":{"line":36,"column":16},"end":{"line":36,"column":30}},"5":{"start":{"line":106,"column":16},"end":{"line":106,"column":30}},"6":{"start":{"line":241,"column":16},"end":{"line":241,"column":32}},"7":{"start":{"line":133,"column":16},"end":{"line":133,"column":32}},"8":{"start":{"line":86,"column":16},"end":{"line":86,"column":32}},"9":{"start":{"line":75,"column":16},"end":{"line":75,"column":33}},"10":{"start":{"line":68,"column":16},"end":{"line":68,"column":31}},"11":{"start":{"line":147,"column":16},"end":{"line":147,"column":33}},"12":{"start":{"line":99,"column":16},"end":{"line":99,"column":34}},"13":{"start":{"line":29,"column":16},"end":{"line":29,"column":27}},"14":{"start":{"line":196,"column":16},"end":{"line":196,"column":33}},"15":{"start":{"line":165,"column":16},"end":{"line":165,"column":35}},"16":{"start":{"line":15,"column":16},"end":{"line":15,"column":25}},"17":{"start":{"line":230,"column":16},"end":{"line":230,"column":38}},"18":{"start":{"line":154,"column":16},"end":{"line":154,"column":37}},"19":{"start":{"line":1,"column":54},"end":{"line":1,"column":null}},"20":{"start":{"line":2,"column":31},"end":{"line":2,"column":null}},"21":{"start":{"line":16,"column":2},"end":{"line":26,"column":null}},"22":{"start":{"line":19,"column":21},"end":{"line":19,"column":null}},"23":{"start":{"line":20,"column":6},"end":{"line":20,"column":null}},"24":{"start":{"line":20,"column":26},"end":{"line":20,"column":null}},"25":{"start":{"line":21,"column":6},"end":{"line":21,"column":null}},"26":{"start":{"line":21,"column":24},"end":{"line":21,"column":null}},"27":{"start":{"line":22,"column":6},"end":{"line":22,"column":null}},"28":{"start":{"line":22,"column":22},"end":{"line":22,"column":null}},"29":{"start":{"line":23,"column":18},"end":{"line":23,"column":null}},"30":{"start":{"line":24,"column":6},"end":{"line":24,"column":null}},"31":{"start":{"line":30,"column":2},"end":{"line":33,"column":null}},"32":{"start":{"line":32,"column":25},"end":{"line":32,"column":84}},"33":{"start":{"line":37,"column":13},"end":{"line":37,"column":null}},"34":{"start":{"line":38,"column":2},"end":{"line":48,"column":null}},"35":{"start":{"line":46,"column":10},"end":{"line":46,"column":70}},"36":{"start":{"line":47,"column":21},"end":{"line":47,"column":null}},"37":{"start":{"line":54,"column":2},"end":{"line":65,"column":null}},"38":{"start":{"line":57,"column":21},"end":{"line":57,"column":null}},"39":{"start":{"line":58,"column":6},"end":{"line":58,"column":null}},"40":{"start":{"line":58,"column":26},"end":{"line":58,"column":null}},"41":{"start":{"line":59,"column":6},"end":{"line":59,"column":null}},"42":{"start":{"line":59,"column":24},"end":{"line":59,"column":null}},"43":{"start":{"line":60,"column":6},"end":{"line":60,"column":null}},"44":{"start":{"line":60,"column":24},"end":{"line":60,"column":null}},"45":{"start":{"line":61,"column":6},"end":{"line":61,"column":null}},"46":{"start":{"line":61,"column":22},"end":{"line":61,"column":null}},"47":{"start":{"line":62,"column":18},"end":{"line":62,"column":null}},"48":{"start":{"line":63,"column":6},"end":{"line":63,"column":null}},"49":{"start":{"line":69,"column":2},"end":{"line":72,"column":null}},"50":{"start":{"line":71,"column":25},"end":{"line":71,"column":93}},"51":{"start":{"line":76,"column":13},"end":{"line":76,"column":null}},"52":{"start":{"line":77,"column":2},"end":{"line":81,"column":null}},"53":{"start":{"line":79,"column":6},"end":{"line":79,"column":75}},"54":{"start":{"line":80,"column":21},"end":{"line":80,"column":null}},"55":{"start":{"line":87,"column":2},"end":{"line":96,"column":null}},"56":{"start":{"line":90,"column":21},"end":{"line":90,"column":null}},"57":{"start":{"line":91,"column":6},"end":{"line":91,"column":null}},"58":{"start":{"line":91,"column":26},"end":{"line":91,"column":null}},"59":{"start":{"line":92,"column":6},"end":{"line":92,"column":null}},"60":{"start":{"line":92,"column":26},"end":{"line":92,"column":null}},"61":{"start":{"line":93,"column":18},"end":{"line":93,"column":null}},"62":{"start":{"line":94,"column":6},"end":{"line":94,"column":null}},"63":{"start":{"line":100,"column":2},"end":{"line":103,"column":null}},"64":{"start":{"line":102,"column":25},"end":{"line":102,"column":99}},"65":{"start":{"line":107,"column":13},"end":{"line":107,"column":null}},"66":{"start":{"line":108,"column":2},"end":{"line":121,"column":null}},"67":{"start":{"line":116,"column":10},"end":{"line":116,"column":99}},"68":{"start":{"line":118,"column":6},"end":{"line":118,"column":null}},"69":{"start":{"line":119,"column":6},"end":{"line":119,"column":null}},"70":{"start":{"line":125,"column":13},"end":{"line":125,"column":null}},"71":{"start":{"line":126,"column":2},"end":{"line":130,"column":null}},"72":{"start":{"line":128,"column":6},"end":{"line":128,"column":84}},"73":{"start":{"line":129,"column":21},"end":{"line":129,"column":null}},"74":{"start":{"line":134,"column":2},"end":{"line":144,"column":null}},"75":{"start":{"line":137,"column":21},"end":{"line":137,"column":null}},"76":{"start":{"line":138,"column":6},"end":{"line":138,"column":null}},"77":{"start":{"line":138,"column":18},"end":{"line":138,"column":null}},"78":{"start":{"line":139,"column":6},"end":{"line":139,"column":null}},"79":{"start":{"line":139,"column":16},"end":{"line":139,"column":null}},"80":{"start":{"line":140,"column":18},"end":{"line":140,"column":null}},"81":{"start":{"line":141,"column":6},"end":{"line":141,"column":null}},"82":{"start":{"line":148,"column":2},"end":{"line":151,"column":null}},"83":{"start":{"line":150,"column":25},"end":{"line":150,"column":98}},"84":{"start":{"line":155,"column":13},"end":{"line":155,"column":null}},"85":{"start":{"line":156,"column":2},"end":{"line":160,"column":null}},"86":{"start":{"line":158,"column":6},"end":{"line":158,"column":81}},"87":{"start":{"line":159,"column":21},"end":{"line":159,"column":null}},"88":{"start":{"line":166,"column":2},"end":{"line":174,"column":null}},"89":{"start":{"line":169,"column":21},"end":{"line":169,"column":null}},"90":{"start":{"line":170,"column":18},"end":{"line":170,"column":null}},"91":{"start":{"line":171,"column":6},"end":{"line":171,"column":null}},"92":{"start":{"line":178,"column":13},"end":{"line":178,"column":null}},"93":{"start":{"line":179,"column":2},"end":{"line":193,"column":null}},"94":{"start":{"line":191,"column":10},"end":{"line":191,"column":91}},"95":{"start":{"line":192,"column":21},"end":{"line":192,"column":null}},"96":{"start":{"line":197,"column":2},"end":{"line":208,"column":null}},"97":{"start":{"line":200,"column":21},"end":{"line":200,"column":null}},"98":{"start":{"line":201,"column":6},"end":{"line":201,"column":null}},"99":{"start":{"line":201,"column":26},"end":{"line":201,"column":null}},"100":{"start":{"line":202,"column":6},"end":{"line":202,"column":null}},"101":{"start":{"line":202,"column":25},"end":{"line":202,"column":null}},"102":{"start":{"line":203,"column":6},"end":{"line":203,"column":null}},"103":{"start":{"line":203,"column":24},"end":{"line":203,"column":null}},"104":{"start":{"line":204,"column":6},"end":{"line":204,"column":null}},"105":{"start":{"line":204,"column":26},"end":{"line":204,"column":null}},"106":{"start":{"line":205,"column":18},"end":{"line":205,"column":null}},"107":{"start":{"line":206,"column":6},"end":{"line":206,"column":null}},"108":{"start":{"line":212,"column":13},"end":{"line":212,"column":null}},"109":{"start":{"line":213,"column":2},"end":{"line":227,"column":null}},"110":{"start":{"line":225,"column":10},"end":{"line":225,"column":87}},"111":{"start":{"line":226,"column":21},"end":{"line":226,"column":null}},"112":{"start":{"line":231,"column":13},"end":{"line":231,"column":null}},"113":{"start":{"line":232,"column":2},"end":{"line":236,"column":null}},"114":{"start":{"line":234,"column":6},"end":{"line":234,"column":104}},"115":{"start":{"line":235,"column":21},"end":{"line":235,"column":null}},"116":{"start":{"line":242,"column":2},"end":{"line":245,"column":null}},"117":{"start":{"line":244,"column":25},"end":{"line":244,"column":98}}},"fnMap":{"0":{"name":"useShifts","decl":{"start":{"line":15,"column":16},"end":{"line":15,"column":25}},"loc":{"start":{"line":15,"column":87},"end":{"line":27,"column":null}}},"1":{"name":"(anonymous_21)","decl":{"start":{"line":18,"column":13},"end":{"line":18,"column":null}},"loc":{"start":{"line":18,"column":13},"end":{"line":25,"column":null}}},"2":{"name":"useMyShifts","decl":{"start":{"line":29,"column":16},"end":{"line":29,"column":27}},"loc":{"start":{"line":29,"column":16},"end":{"line":34,"column":null}}},"3":{"name":"(anonymous_23)","decl":{"start":{"line":32,"column":13},"end":{"line":32,"column":25}},"loc":{"start":{"line":32,"column":25},"end":{"line":32,"column":84}}},"4":{"name":"useCreateShift","decl":{"start":{"line":36,"column":16},"end":{"line":36,"column":30}},"loc":{"start":{"line":36,"column":16},"end":{"line":49,"column":null}}},"5":{"name":"(anonymous_25)","decl":{"start":{"line":39,"column":16},"end":{"line":39,"column":23}},"loc":{"start":{"line":46,"column":10},"end":{"line":46,"column":70}}},"6":{"name":"(anonymous_26)","decl":{"start":{"line":47,"column":15},"end":{"line":47,"column":21}},"loc":{"start":{"line":47,"column":21},"end":{"line":47,"column":null}}},"7":{"name":"useAttendance","decl":{"start":{"line":53,"column":16},"end":{"line":53,"column":29}},"loc":{"start":{"line":53,"column":106},"end":{"line":66,"column":null}}},"8":{"name":"(anonymous_28)","decl":{"start":{"line":56,"column":13},"end":{"line":56,"column":null}},"loc":{"start":{"line":56,"column":13},"end":{"line":64,"column":null}}},"9":{"name":"useMyAttendance","decl":{"start":{"line":68,"column":16},"end":{"line":68,"column":31}},"loc":{"start":{"line":68,"column":16},"end":{"line":73,"column":null}}},"10":{"name":"(anonymous_30)","decl":{"start":{"line":71,"column":13},"end":{"line":71,"column":25}},"loc":{"start":{"line":71,"column":25},"end":{"line":71,"column":93}}},"11":{"name":"useMarkAttendance","decl":{"start":{"line":75,"column":16},"end":{"line":75,"column":33}},"loc":{"start":{"line":75,"column":16},"end":{"line":82,"column":null}}},"12":{"name":"(anonymous_32)","decl":{"start":{"line":78,"column":16},"end":{"line":78,"column":23}},"loc":{"start":{"line":79,"column":6},"end":{"line":79,"column":75}}},"13":{"name":"(anonymous_33)","decl":{"start":{"line":80,"column":15},"end":{"line":80,"column":21}},"loc":{"start":{"line":80,"column":21},"end":{"line":80,"column":null}}},"14":{"name":"useLeaveRequests","decl":{"start":{"line":86,"column":16},"end":{"line":86,"column":32}},"loc":{"start":{"line":86,"column":83},"end":{"line":97,"column":null}}},"15":{"name":"(anonymous_35)","decl":{"start":{"line":89,"column":13},"end":{"line":89,"column":null}},"loc":{"start":{"line":89,"column":13},"end":{"line":95,"column":null}}},"16":{"name":"useMyLeaveRequests","decl":{"start":{"line":99,"column":16},"end":{"line":99,"column":34}},"loc":{"start":{"line":99,"column":16},"end":{"line":104,"column":null}}},"17":{"name":"(anonymous_37)","decl":{"start":{"line":102,"column":13},"end":{"line":102,"column":25}},"loc":{"start":{"line":102,"column":25},"end":{"line":102,"column":99}}},"18":{"name":"useDecideLeave","decl":{"start":{"line":106,"column":16},"end":{"line":106,"column":30}},"loc":{"start":{"line":106,"column":16},"end":{"line":122,"column":null}}},"19":{"name":"(anonymous_39)","decl":{"start":{"line":109,"column":16},"end":{"line":109,"column":23}},"loc":{"start":{"line":116,"column":10},"end":{"line":116,"column":99}}},"20":{"name":"(anonymous_40)","decl":{"start":{"line":117,"column":15},"end":{"line":117,"column":null}},"loc":{"start":{"line":117,"column":15},"end":{"line":120,"column":null}}},"21":{"name":"useApplyLeave","decl":{"start":{"line":124,"column":16},"end":{"line":124,"column":29}},"loc":{"start":{"line":124,"column":16},"end":{"line":131,"column":null}}},"22":{"name":"(anonymous_42)","decl":{"start":{"line":127,"column":16},"end":{"line":127,"column":23}},"loc":{"start":{"line":128,"column":6},"end":{"line":128,"column":84}}},"23":{"name":"(anonymous_43)","decl":{"start":{"line":129,"column":15},"end":{"line":129,"column":21}},"loc":{"start":{"line":129,"column":21},"end":{"line":129,"column":null}}},"24":{"name":"useLeaveBalances","decl":{"start":{"line":133,"column":16},"end":{"line":133,"column":32}},"loc":{"start":{"line":133,"column":63},"end":{"line":145,"column":null}}},"25":{"name":"(anonymous_45)","decl":{"start":{"line":136,"column":13},"end":{"line":136,"column":null}},"loc":{"start":{"line":136,"column":13},"end":{"line":142,"column":null}}},"26":{"name":"useMyLeaveBalance","decl":{"start":{"line":147,"column":16},"end":{"line":147,"column":33}},"loc":{"start":{"line":147,"column":16},"end":{"line":152,"column":null}}},"27":{"name":"(anonymous_47)","decl":{"start":{"line":150,"column":13},"end":{"line":150,"column":25}},"loc":{"start":{"line":150,"column":25},"end":{"line":150,"column":98}}},"28":{"name":"useUpsertLeaveBalance","decl":{"start":{"line":154,"column":16},"end":{"line":154,"column":37}},"loc":{"start":{"line":154,"column":16},"end":{"line":161,"column":null}}},"29":{"name":"(anonymous_49)","decl":{"start":{"line":157,"column":16},"end":{"line":157,"column":23}},"loc":{"start":{"line":158,"column":6},"end":{"line":158,"column":81}}},"30":{"name":"(anonymous_50)","decl":{"start":{"line":159,"column":15},"end":{"line":159,"column":21}},"loc":{"start":{"line":159,"column":21},"end":{"line":159,"column":null}}},"31":{"name":"useSalaryStructures","decl":{"start":{"line":165,"column":16},"end":{"line":165,"column":35}},"loc":{"start":{"line":165,"column":51},"end":{"line":175,"column":null}}},"32":{"name":"(anonymous_52)","decl":{"start":{"line":168,"column":13},"end":{"line":168,"column":null}},"loc":{"start":{"line":168,"column":13},"end":{"line":172,"column":null}}},"33":{"name":"useCreateSalaryStructure","decl":{"start":{"line":177,"column":16},"end":{"line":177,"column":40}},"loc":{"start":{"line":177,"column":16},"end":{"line":194,"column":null}}},"34":{"name":"(anonymous_54)","decl":{"start":{"line":180,"column":16},"end":{"line":180,"column":23}},"loc":{"start":{"line":191,"column":10},"end":{"line":191,"column":91}}},"35":{"name":"(anonymous_55)","decl":{"start":{"line":192,"column":15},"end":{"line":192,"column":21}},"loc":{"start":{"line":192,"column":21},"end":{"line":192,"column":null}}},"36":{"name":"usePayrollRecords","decl":{"start":{"line":196,"column":16},"end":{"line":196,"column":33}},"loc":{"start":{"line":196,"column":115},"end":{"line":209,"column":null}}},"37":{"name":"(anonymous_57)","decl":{"start":{"line":199,"column":13},"end":{"line":199,"column":null}},"loc":{"start":{"line":199,"column":13},"end":{"line":207,"column":null}}},"38":{"name":"useCreatePayrollRecord","decl":{"start":{"line":211,"column":16},"end":{"line":211,"column":38}},"loc":{"start":{"line":211,"column":16},"end":{"line":228,"column":null}}},"39":{"name":"(anonymous_59)","decl":{"start":{"line":214,"column":16},"end":{"line":214,"column":23}},"loc":{"start":{"line":225,"column":10},"end":{"line":225,"column":87}}},"40":{"name":"(anonymous_60)","decl":{"start":{"line":226,"column":15},"end":{"line":226,"column":21}},"loc":{"start":{"line":226,"column":21},"end":{"line":226,"column":null}}},"41":{"name":"useUpdatePayrollStatus","decl":{"start":{"line":230,"column":16},"end":{"line":230,"column":38}},"loc":{"start":{"line":230,"column":16},"end":{"line":237,"column":null}}},"42":{"name":"(anonymous_62)","decl":{"start":{"line":233,"column":16},"end":{"line":233,"column":23}},"loc":{"start":{"line":234,"column":6},"end":{"line":234,"column":104}}},"43":{"name":"(anonymous_63)","decl":{"start":{"line":235,"column":15},"end":{"line":235,"column":21}},"loc":{"start":{"line":235,"column":21},"end":{"line":235,"column":null}}},"44":{"name":"useDirectoryLite","decl":{"start":{"line":241,"column":16},"end":{"line":241,"column":32}},"loc":{"start":{"line":241,"column":16},"end":{"line":246,"column":null}}},"45":{"name":"(anonymous_65)","decl":{"start":{"line":244,"column":13},"end":{"line":244,"column":25}},"loc":{"start":{"line":244,"column":25},"end":{"line":244,"column":98}}}},"branchMap":{"0":{"loc":{"start":{"line":15,"column":26},"end":{"line":15,"column":87}},"type":"default-arg","locations":[{"start":{"line":15,"column":85},"end":{"line":15,"column":87}}]},"1":{"loc":{"start":{"line":20,"column":6},"end":{"line":20,"column":null}},"type":"if","locations":[{"start":{"line":20,"column":6},"end":{"line":20,"column":null}},{"start":{},"end":{}}]},"2":{"loc":{"start":{"line":21,"column":6},"end":{"line":21,"column":null}},"type":"if","locations":[{"start":{"line":21,"column":6},"end":{"line":21,"column":null}},{"start":{},"end":{}}]},"3":{"loc":{"start":{"line":22,"column":6},"end":{"line":22,"column":null}},"type":"if","locations":[{"start":{"line":22,"column":6},"end":{"line":22,"column":null}},{"start":{},"end":{}}]},"4":{"loc":{"start":{"line":53,"column":30},"end":{"line":53,"column":106}},"type":"default-arg","locations":[{"start":{"line":53,"column":104},"end":{"line":53,"column":106}}]},"5":{"loc":{"start":{"line":58,"column":6},"end":{"line":58,"column":null}},"type":"if","locations":[{"start":{"line":58,"column":6},"end":{"line":58,"column":null}},{"start":{},"end":{}}]},"6":{"loc":{"start":{"line":59,"column":6},"end":{"line":59,"column":null}},"type":"if","locations":[{"start":{"line":59,"column":6},"end":{"line":59,"column":null}},{"start":{},"end":{}}]},"7":{"loc":{"start":{"line":60,"column":6},"end":{"line":60,"column":null}},"type":"if","locations":[{"start":{"line":60,"column":6},"end":{"line":60,"column":null}},{"start":{},"end":{}}]},"8":{"loc":{"start":{"line":61,"column":6},"end":{"line":61,"column":null}},"type":"if","locations":[{"start":{"line":61,"column":6},"end":{"line":61,"column":null}},{"start":{},"end":{}}]},"9":{"loc":{"start":{"line":86,"column":33},"end":{"line":86,"column":83}},"type":"default-arg","locations":[{"start":{"line":86,"column":81},"end":{"line":86,"column":83}}]},"10":{"loc":{"start":{"line":91,"column":6},"end":{"line":91,"column":null}},"type":"if","locations":[{"start":{"line":91,"column":6},"end":{"line":91,"column":null}},{"start":{},"end":{}}]},"11":{"loc":{"start":{"line":92,"column":6},"end":{"line":92,"column":null}},"type":"if","locations":[{"start":{"line":92,"column":6},"end":{"line":92,"column":null}},{"start":{},"end":{}}]},"12":{"loc":{"start":{"line":138,"column":6},"end":{"line":138,"column":null}},"type":"if","locations":[{"start":{"line":138,"column":6},"end":{"line":138,"column":null}},{"start":{},"end":{}}]},"13":{"loc":{"start":{"line":139,"column":6},"end":{"line":139,"column":null}},"type":"if","locations":[{"start":{"line":139,"column":6},"end":{"line":139,"column":null}},{"start":{},"end":{}}]},"14":{"loc":{"start":{"line":169,"column":21},"end":{"line":169,"column":null}},"type":"cond-expr","locations":[{"start":{"line":169,"column":30},"end":{"line":169,"column":49}},{"start":{"line":169,"column":52},"end":{"line":169,"column":null}}]},"15":{"loc":{"start":{"line":196,"column":34},"end":{"line":196,"column":115}},"type":"default-arg","locations":[{"start":{"line":196,"column":113},"end":{"line":196,"column":115}}]},"16":{"loc":{"start":{"line":201,"column":6},"end":{"line":201,"column":null}},"type":"if","locations":[{"start":{"line":201,"column":6},"end":{"line":201,"column":null}},{"start":{},"end":{}}]},"17":{"loc":{"start":{"line":202,"column":6},"end":{"line":202,"column":null}},"type":"if","locations":[{"start":{"line":202,"column":6},"end":{"line":202,"column":null}},{"start":{},"end":{}}]},"18":{"loc":{"start":{"line":203,"column":6},"end":{"line":203,"column":null}},"type":"if","locations":[{"start":{"line":203,"column":6},"end":{"line":203,"column":null}},{"start":{},"end":{}}]},"19":{"loc":{"start":{"line":204,"column":6},"end":{"line":204,"column":null}},"type":"if","locations":[{"start":{"line":204,"column":6},"end":{"line":204,"column":null}},{"start":{},"end":{}}]}},"s":{"0":0,"1":0,"2":0,"3":0,"4":0,"5":0,"6":0,"7":0,"8":0,"9":0,"10":0,"11":0,"12":0,"13":0,"14":0,"15":0,"16":0,"17":0,"18":0,"19":0,"20":0,"21":0,"22":0,"23":0,"24":0,"25":0,"26":0,"27":0,"28":0,"29":0,"30":0,"31":0,"32":0,"33":0,"34":0,"35":0,"36":0,"37":0,"38":0,"39":0,"40":0,"41":0,"42":0,"43":0,"44":0,"45":0,"46":0,"47":0,"48":0,"49":0,"50":0,"51":0,"52":0,"53":0,"54":0,"55":0,"56":0,"57":0,"58":0,"59":0,"60":0,"61":0,"62":0,"63":0,"64":0,"65":0,"66":0,"67":0,"68":0,"69":0,"70":0,"71":0,"72":0,"73":0,"74":0,"75":0,"76":0,"77":0,"78":0,"79":0,"80":0,"81":0,"82":0,"83":0,"84":0,"85":0,"86":0,"87":0,"88":0,"89":0,"90":0,"91":0,"92":0,"93":0,"94":0,"95":0,"96":0,"97":0,"98":0,"99":0,"100":0,"101":0,"102":0,"103":0,"104":0,"105":0,"106":0,"107":0,"108":0,"109":0,"110":0,"111":0,"112":0,"113":0,"114":0,"115":0,"116":0,"117":0},"f":{"0":0,"1":0,"2":0,"3":0,"4":0,"5":0,"6":0,"7":0,"8":0,"9":0,"10":0,"11":0,"12":0,"13":0,"14":0,"15":0,"16":0,"17":0,"18":0,"19":0,"20":0,"21":0,"22":0,"23":0,"24":0,"25":0,"26":0,"27":0,"28":0,"29":0,"30":0,"31":0,"32":0,"33":0,"34":0,"35":0,"36":0,"37":0,"38":0,"39":0,"40":0,"41":0,"42":0,"43":0,"44":0,"45":0},"b":{"0":[0],"1":[0,0],"2":[0,0],"3":[0,0],"4":[0],"5":[0,0],"6":[0,0],"7":[0,0],"8":[0,0],"9":[0],"10":[0,0],"11":[0,0],"12":[0,0],"13":[0,0],"14":[0,0],"15":[0],"16":[0,0],"17":[0,0],"18":[0,0],"19":[0,0]}}
,"C:\\Users\\karthik\\Desktop\\Whizzgit\\clinivio-frontend\\src\\app\\(dashboard)\\lab\\BillingTab.tsx": {"path":"C:\\Users\\karthik\\Desktop\\Whizzgit\\clinivio-frontend\\src\\app\\(dashboard)\\lab\\BillingTab.tsx","statementMap":{"0":{"start":{"line":188,"column":24},"end":{"line":188,"column":35}},"1":{"start":{"line":2,"column":25},"end":{"line":2,"column":null}},"2":{"start":{"line":3,"column":19},"end":{"line":3,"column":null}},"3":{"start":{"line":4,"column":31},"end":{"line":4,"column":null}},"4":{"start":{"line":5,"column":29},"end":{"line":5,"column":null}},"5":{"start":{"line":6,"column":25},"end":{"line":6,"column":null}},"6":{"start":{"line":7,"column":54},"end":{"line":7,"column":null}},"7":{"start":{"line":8,"column":52},"end":{"line":8,"column":null}},"8":{"start":{"line":9,"column":25},"end":{"line":9,"column":null}},"9":{"start":{"line":15,"column":19},"end":{"line":15,"column":null}},"10":{"start":{"line":16,"column":20},"end":{"line":16,"column":null}},"11":{"start":{"line":17,"column":31},"end":{"line":17,"column":null}},"12":{"start":{"line":18,"column":22},"end":{"line":18,"column":null}},"13":{"start":{"line":20,"column":26},"end":{"line":20,"column":null}},"14":{"start":{"line":21,"column":42},"end":{"line":21,"column":null}},"15":{"start":{"line":22,"column":40},"end":{"line":22,"column":null}},"16":{"start":{"line":23,"column":32},"end":{"line":23,"column":null}},"17":{"start":{"line":24,"column":38},"end":{"line":24,"column":null}},"18":{"start":{"line":25,"column":36},"end":{"line":25,"column":null}},"19":{"start":{"line":26,"column":40},"end":{"line":26,"column":null}},"20":{"start":{"line":27,"column":32},"end":{"line":27,"column":null}},"21":{"start":{"line":28,"column":34},"end":{"line":28,"column":null}},"22":{"start":{"line":29,"column":28},"end":{"line":29,"column":null}},"23":{"start":{"line":32,"column":4},"end":{"line":32,"column":null}},"24":{"start":{"line":33,"column":4},"end":{"line":33,"column":null}},"25":{"start":{"line":33,"column":24},"end":{"line":33,"column":44}},"26":{"start":{"line":33,"column":44},"end":{"line":33,"column":52}},"27":{"start":{"line":34,"column":4},"end":{"line":37,"column":null}},"28":{"start":{"line":35,"column":16},"end":{"line":35,"column":null}},"29":{"start":{"line":36,"column":6},"end":{"line":36,"column":null}},"30":{"start":{"line":41,"column":4},"end":{"line":41,"column":null}},"31":{"start":{"line":41,"column":23},"end":{"line":41,"column":null}},"32":{"start":{"line":41,"column":60},"end":{"line":41,"column":72}},"33":{"start":{"line":45,"column":4},"end":{"line":45,"column":null}},"34":{"start":{"line":46,"column":4},"end":{"line":46,"column":null}},"35":{"start":{"line":47,"column":4},"end":{"line":47,"column":null}},"36":{"start":{"line":47,"column":27},"end":{"line":47,"column":65}},"37":{"start":{"line":47,"column":65},"end":{"line":47,"column":73}},"38":{"start":{"line":48,"column":4},"end":{"line":48,"column":null}},"39":{"start":{"line":48,"column":42},"end":{"line":48,"column":83}},"40":{"start":{"line":48,"column":83},"end":{"line":48,"column":91}},"41":{"start":{"line":49,"column":4},"end":{"line":49,"column":null}},"42":{"start":{"line":49,"column":51},"end":{"line":49,"column":89}},"43":{"start":{"line":49,"column":89},"end":{"line":49,"column":97}},"44":{"start":{"line":50,"column":4},"end":{"line":66,"column":null}},"45":{"start":{"line":51,"column":6},"end":{"line":59,"column":null}},"46":{"start":{"line":60,"column":6},"end":{"line":60,"column":null}},"47":{"start":{"line":61,"column":6},"end":{"line":61,"column":null}},"48":{"start":{"line":62,"column":6},"end":{"line":62,"column":null}},"49":{"start":{"line":64,"column":16},"end":{"line":64,"column":null}},"50":{"start":{"line":65,"column":6},"end":{"line":65,"column":null}},"51":{"start":{"line":78,"column":49},"end":{"line":78,"column":null}},"52":{"start":{"line":82,"column":49},"end":{"line":82,"column":null}},"53":{"start":{"line":92,"column":66},"end":{"line":92,"column":null}},"54":{"start":{"line":97,"column":78},"end":{"line":97,"column":null}},"55":{"start":{"line":102,"column":58},"end":{"line":102,"column":null}},"56":{"start":{"line":112,"column":57},"end":{"line":112,"column":75}},"57":{"start":{"line":112,"column":75},"end":{"line":112,"column":96}},"58":{"start":{"line":116,"column":61},"end":{"line":116,"column":93}},"59":{"start":{"line":121,"column":24},"end":{"line":121,"column":43}},"60":{"start":{"line":121,"column":74},"end":{"line":121,"column":89}},"61":{"start":{"line":121,"column":89},"end":{"line":121,"column":109}},"62":{"start":{"line":137,"column":16},"end":{"line":137,"column":34}},"63":{"start":{"line":138,"column":90},"end":{"line":138,"column":108}},"64":{"start":{"line":150,"column":16},"end":{"line":150,"column":32}},"65":{"start":{"line":150,"column":61},"end":{"line":150,"column":null}},"66":{"start":{"line":173,"column":21},"end":{"line":173,"column":null}},"67":{"start":{"line":173,"column":50},"end":{"line":173,"column":79}},"68":{"start":{"line":174,"column":16},"end":{"line":174,"column":null}},"69":{"start":{"line":189,"column":26},"end":{"line":189,"column":null}},"70":{"start":{"line":190,"column":32},"end":{"line":190,"column":null}},"71":{"start":{"line":191,"column":34},"end":{"line":191,"column":null}},"72":{"start":{"line":193,"column":21},"end":{"line":193,"column":null}},"73":{"start":{"line":194,"column":23},"end":{"line":194,"column":null}},"74":{"start":{"line":195,"column":19},"end":{"line":195,"column":null}},"75":{"start":{"line":197,"column":21},"end":{"line":197,"column":null}},"76":{"start":{"line":197,"column":57},"end":{"line":197,"column":null}},"77":{"start":{"line":198,"column":18},"end":{"line":198,"column":null}},"78":{"start":{"line":198,"column":56},"end":{"line":198,"column":null}},"79":{"start":{"line":205,"column":12},"end":{"line":205,"column":32}},"80":{"start":{"line":205,"column":47},"end":{"line":205,"column":null}},"81":{"start":{"line":213,"column":33},"end":{"line":213,"column":51}},"82":{"start":{"line":238,"column":37},"end":{"line":238,"column":65}},"83":{"start":{"line":238,"column":90},"end":{"line":238,"column":null}},"84":{"start":{"line":261,"column":34},"end":{"line":261,"column":62}},"85":{"start":{"line":261,"column":87},"end":{"line":261,"column":null}},"86":{"start":{"line":284,"column":48},"end":{"line":284,"column":76}},"87":{"start":{"line":284,"column":101},"end":{"line":284,"column":null}},"88":{"start":{"line":291,"column":49},"end":{"line":291,"column":68}},"89":{"start":{"line":291,"column":83},"end":{"line":291,"column":null}},"90":{"start":{"line":293,"column":54},"end":{"line":293,"column":null}},"91":{"start":{"line":294,"column":27},"end":{"line":294,"column":46}},"92":{"start":{"line":294,"column":46},"end":{"line":294,"column":68}}},"fnMap":{"0":{"name":"CashOrderModal","decl":{"start":{"line":14,"column":9},"end":{"line":14,"column":24}},"loc":{"start":{"line":14,"column":90},"end":{"line":170,"column":null}}},"1":{"name":"searchPatients","decl":{"start":{"line":31,"column":17},"end":{"line":31,"column":32}},"loc":{"start":{"line":31,"column":41},"end":{"line":38,"column":null}}},"2":{"name":"toggleTest","decl":{"start":{"line":40,"column":11},"end":{"line":40,"column":22}},"loc":{"start":{"line":40,"column":32},"end":{"line":42,"column":null}}},"3":{"name":"(anonymous_5)","decl":{"start":{"line":41,"column":15},"end":{"line":41,"column":23}},"loc":{"start":{"line":41,"column":23},"end":{"line":41,"column":null}}},"4":{"name":"(anonymous_6)","decl":{"start":{"line":41,"column":55},"end":{"line":41,"column":60}},"loc":{"start":{"line":41,"column":60},"end":{"line":41,"column":72}}},"5":{"name":"handleSubmit","decl":{"start":{"line":44,"column":17},"end":{"line":44,"column":30}},"loc":{"start":{"line":44,"column":48},"end":{"line":67,"column":null}}},"6":{"name":"(anonymous_8)","decl":{"start":{"line":78,"column":43},"end":{"line":78,"column":49}},"loc":{"start":{"line":78,"column":49},"end":{"line":78,"column":null}}},"7":{"name":"(anonymous_9)","decl":{"start":{"line":82,"column":43},"end":{"line":82,"column":49}},"loc":{"start":{"line":82,"column":49},"end":{"line":82,"column":null}}},"8":{"name":"(anonymous_10)","decl":{"start":{"line":92,"column":61},"end":{"line":92,"column":66}},"loc":{"start":{"line":92,"column":66},"end":{"line":92,"column":null}}},"9":{"name":"(anonymous_11)","decl":{"start":{"line":97,"column":73},"end":{"line":97,"column":78}},"loc":{"start":{"line":97,"column":78},"end":{"line":97,"column":null}}},"10":{"name":"(anonymous_12)","decl":{"start":{"line":102,"column":53},"end":{"line":102,"column":58}},"loc":{"start":{"line":102,"column":58},"end":{"line":102,"column":null}}},"11":{"name":"(anonymous_13)","decl":{"start":{"line":112,"column":49},"end":{"line":112,"column":57}},"loc":{"start":{"line":112,"column":49},"end":{"line":112,"column":99}}},"12":{"name":"(anonymous_14)","decl":{"start":{"line":116,"column":56},"end":{"line":116,"column":61}},"loc":{"start":{"line":116,"column":61},"end":{"line":116,"column":93}}},"13":{"name":"(anonymous_15)","decl":{"start":{"line":120,"column":39},"end":{"line":120,"column":null}},"loc":{"start":{"line":121,"column":24},"end":{"line":121,"column":43}}},"14":{"name":"(anonymous_16)","decl":{"start":{"line":121,"column":66},"end":{"line":121,"column":74}},"loc":{"start":{"line":121,"column":66},"end":{"line":121,"column":null}}},"15":{"name":"(anonymous_17)","decl":{"start":{"line":136,"column":25},"end":{"line":136,"column":null}},"loc":{"start":{"line":137,"column":16},"end":{"line":137,"column":34}}},"16":{"name":"(anonymous_18)","decl":{"start":{"line":138,"column":84},"end":{"line":138,"column":90}},"loc":{"start":{"line":138,"column":90},"end":{"line":138,"column":108}}},"17":{"name":"(anonymous_19)","decl":{"start":{"line":149,"column":60},"end":{"line":149,"column":null}},"loc":{"start":{"line":150,"column":16},"end":{"line":150,"column":32}}},"18":{"name":"(anonymous_20)","decl":{"start":{"line":150,"column":55},"end":{"line":150,"column":61}},"loc":{"start":{"line":150,"column":61},"end":{"line":150,"column":null}}},"19":{"name":"BillingOrderRow","decl":{"start":{"line":172,"column":9},"end":{"line":172,"column":25}},"loc":{"start":{"line":172,"column":85},"end":{"line":186,"column":null}}},"20":{"name":"(anonymous_22)","decl":{"start":{"line":173,"column":40},"end":{"line":173,"column":41}},"loc":{"start":{"line":173,"column":50},"end":{"line":173,"column":79}}},"21":{"name":"BillingTab","decl":{"start":{"line":188,"column":24},"end":{"line":188,"column":35}},"loc":{"start":{"line":188,"column":98},"end":{"line":298,"column":null}}},"22":{"name":"(anonymous_24)","decl":{"start":{"line":197,"column":52},"end":{"line":197,"column":57}},"loc":{"start":{"line":197,"column":57},"end":{"line":197,"column":null}}},"23":{"name":"(anonymous_25)","decl":{"start":{"line":198,"column":51},"end":{"line":198,"column":56}},"loc":{"start":{"line":198,"column":56},"end":{"line":198,"column":null}}},"24":{"name":"(anonymous_26)","decl":{"start":{"line":204,"column":136},"end":{"line":204,"column":null}},"loc":{"start":{"line":205,"column":12},"end":{"line":205,"column":32}}},"25":{"name":"(anonymous_27)","decl":{"start":{"line":205,"column":41},"end":{"line":205,"column":47}},"loc":{"start":{"line":205,"column":47},"end":{"line":205,"column":null}}},"26":{"name":"(anonymous_28)","decl":{"start":{"line":213,"column":27},"end":{"line":213,"column":33}},"loc":{"start":{"line":213,"column":33},"end":{"line":213,"column":51}}},"27":{"name":"(anonymous_29)","decl":{"start":{"line":238,"column":32},"end":{"line":238,"column":37}},"loc":{"start":{"line":238,"column":37},"end":{"line":238,"column":65}}},"28":{"name":"(anonymous_30)","decl":{"start":{"line":238,"column":84},"end":{"line":238,"column":90}},"loc":{"start":{"line":238,"column":90},"end":{"line":238,"column":null}}},"29":{"name":"(anonymous_31)","decl":{"start":{"line":261,"column":29},"end":{"line":261,"column":34}},"loc":{"start":{"line":261,"column":34},"end":{"line":261,"column":62}}},"30":{"name":"(anonymous_32)","decl":{"start":{"line":261,"column":81},"end":{"line":261,"column":87}},"loc":{"start":{"line":261,"column":87},"end":{"line":261,"column":null}}},"31":{"name":"(anonymous_33)","decl":{"start":{"line":284,"column":43},"end":{"line":284,"column":48}},"loc":{"start":{"line":284,"column":48},"end":{"line":284,"column":76}}},"32":{"name":"(anonymous_34)","decl":{"start":{"line":284,"column":95},"end":{"line":284,"column":101}},"loc":{"start":{"line":284,"column":101},"end":{"line":284,"column":null}}},"33":{"name":"(anonymous_35)","decl":{"start":{"line":291,"column":43},"end":{"line":291,"column":49}},"loc":{"start":{"line":291,"column":49},"end":{"line":291,"column":68}}},"34":{"name":"(anonymous_36)","decl":{"start":{"line":291,"column":77},"end":{"line":291,"column":83}},"loc":{"start":{"line":291,"column":83},"end":{"line":291,"column":null}}},"35":{"name":"(anonymous_37)","decl":{"start":{"line":293,"column":48},"end":{"line":293,"column":54}},"loc":{"start":{"line":293,"column":54},"end":{"line":293,"column":null}}},"36":{"name":"(anonymous_38)","decl":{"start":{"line":294,"column":19},"end":{"line":294,"column":27}},"loc":{"start":{"line":294,"column":19},"end":{"line":294,"column":null}}}},"branchMap":{"0":{"loc":{"start":{"line":17,"column":16},"end":{"line":17,"column":26}},"type":"default-arg","locations":[{"start":{"line":17,"column":24},"end":{"line":17,"column":26}}]},"1":{"loc":{"start":{"line":33,"column":4},"end":{"line":33,"column":null}},"type":"if","locations":[{"start":{"line":33,"column":4},"end":{"line":33,"column":null}},{"start":{},"end":{}}]},"2":{"loc":{"start":{"line":36,"column":21},"end":{"line":36,"column":39}},"type":"binary-expr","locations":[{"start":{"line":36,"column":21},"end":{"line":36,"column":37}},{"start":{"line":36,"column":37},"end":{"line":36,"column":39}}]},"3":{"loc":{"start":{"line":41,"column":23},"end":{"line":41,"column":null}},"type":"cond-expr","locations":[{"start":{"line":41,"column":43},"end":{"line":41,"column":72}},{"start":{"line":41,"column":72},"end":{"line":41,"column":null}}]},"4":{"loc":{"start":{"line":47,"column":4},"end":{"line":47,"column":null}},"type":"if","locations":[{"start":{"line":47,"column":4},"end":{"line":47,"column":null}},{"start":{},"end":{}}]},"5":{"loc":{"start":{"line":48,"column":4},"end":{"line":48,"column":null}},"type":"if","locations":[{"start":{"line":48,"column":4},"end":{"line":48,"column":null}},{"start":{},"end":{}}]},"6":{"loc":{"start":{"line":48,"column":8},"end":{"line":48,"column":40}},"type":"binary-expr","locations":[{"start":{"line":48,"column":8},"end":{"line":48,"column":30}},{"start":{"line":48,"column":30},"end":{"line":48,"column":40}}]},"7":{"loc":{"start":{"line":49,"column":4},"end":{"line":49,"column":null}},"type":"if","locations":[{"start":{"line":49,"column":4},"end":{"line":49,"column":null}},{"start":{},"end":{}}]},"8":{"loc":{"start":{"line":49,"column":8},"end":{"line":49,"column":49}},"type":"binary-expr","locations":[{"start":{"line":49,"column":8},"end":{"line":49,"column":29}},{"start":{"line":49,"column":29},"end":{"line":49,"column":49}}]},"9":{"loc":{"start":{"line":52,"column":19},"end":{"line":52,"column":null}},"type":"cond-expr","locations":[{"start":{"line":52,"column":40},"end":{"line":52,"column":51}},{"start":{"line":52,"column":54},"end":{"line":52,"column":null}}]},"10":{"loc":{"start":{"line":53,"column":20},"end":{"line":53,"column":null}},"type":"cond-expr","locations":[{"start":{"line":53,"column":40},"end":{"line":53,"column":60}},{"start":{"line":53,"column":60},"end":{"line":53,"column":null}}]},"11":{"loc":{"start":{"line":54,"column":19},"end":{"line":54,"column":null}},"type":"cond-expr","locations":[{"start":{"line":54,"column":52},"end":{"line":54,"column":72}},{"start":{"line":54,"column":72},"end":{"line":54,"column":null}}]},"12":{"loc":{"start":{"line":54,"column":19},"end":{"line":54,"column":52}},"type":"binary-expr","locations":[{"start":{"line":54,"column":19},"end":{"line":54,"column":40}},{"start":{"line":54,"column":40},"end":{"line":54,"column":52}}]},"13":{"loc":{"start":{"line":55,"column":21},"end":{"line":55,"column":null}},"type":"cond-expr","locations":[{"start":{"line":55,"column":41},"end":{"line":55,"column":68}},{"start":{"line":55,"column":68},"end":{"line":55,"column":null}}]},"14":{"loc":{"start":{"line":55,"column":41},"end":{"line":55,"column":68}},"type":"binary-expr","locations":[{"start":{"line":55,"column":41},"end":{"line":55,"column":56}},{"start":{"line":55,"column":56},"end":{"line":55,"column":68}}]},"15":{"loc":{"start":{"line":56,"column":21},"end":{"line":56,"column":null}},"type":"binary-expr","locations":[{"start":{"line":56,"column":21},"end":{"line":56,"column":33}},{"start":{"line":56,"column":33},"end":{"line":56,"column":null}}]},"16":{"loc":{"start":{"line":65,"column":15},"end":{"line":65,"column":null}},"type":"binary-expr","locations":[{"start":{"line":65,"column":15},"end":{"line":65,"column":45}},{"start":{"line":65,"column":45},"end":{"line":65,"column":null}}]},"17":{"loc":{"start":{"line":79,"column":74},"end":{"line":79,"column":171}},"type":"cond-expr","locations":[{"start":{"line":79,"column":94},"end":{"line":79,"column":137}},{"start":{"line":79,"column":137},"end":{"line":79,"column":171}}]},"18":{"loc":{"start":{"line":83,"column":74},"end":{"line":83,"column":172}},"type":"cond-expr","locations":[{"start":{"line":83,"column":95},"end":{"line":83,"column":138}},{"start":{"line":83,"column":138},"end":{"line":83,"column":172}}]},"19":{"loc":{"start":{"line":89,"column":12},"end":{"line":107,"column":13}},"type":"cond-expr","locations":[{"start":{"line":89,"column":12},"end":{"line":107,"column":13}}]},"20":{"loc":{"start":{"line":110,"column":16},"end":{"line":115,"column":17}},"type":"cond-expr","locations":[{"start":{"line":110,"column":16},"end":{"line":115,"column":17}}]},"21":{"loc":{"start":{"line":118,"column":19},"end":{"line":118,"column":null}},"type":"binary-expr","locations":[{"start":{"line":118,"column":19},"end":{"line":118,"column":null}}]},"22":{"loc":{"start":{"line":151,"column":68},"end":{"line":151,"column":null}},"type":"cond-expr","locations":[{"start":{"line":151,"column":85},"end":{"line":151,"column":142}},{"start":{"line":151,"column":142},"end":{"line":151,"column":null}}]},"23":{"loc":{"start":{"line":158,"column":11},"end":{"line":158,"column":20}},"type":"binary-expr","locations":[{"start":{"line":158,"column":11},"end":{"line":158,"column":20}}]},"24":{"loc":{"start":{"line":163,"column":15},"end":{"line":163,"column":null}},"type":"cond-expr","locations":[{"start":{"line":163,"column":39},"end":{"line":163,"column":53}},{"start":{"line":163,"column":53},"end":{"line":163,"column":null}}]},"25":{"loc":{"start":{"line":174,"column":16},"end":{"line":174,"column":null}},"type":"cond-expr","locations":[{"start":{"line":174,"column":32},"end":{"line":174,"column":86}},{"start":{"line":174,"column":90},"end":{"line":174,"column":null}}]},"26":{"loc":{"start":{"line":174,"column":90},"end":{"line":174,"column":null}},"type":"binary-expr","locations":[{"start":{"line":174,"column":90},"end":{"line":174,"column":106}},{"start":{"line":174,"column":110},"end":{"line":174,"column":null}}]},"27":{"loc":{"start":{"line":197,"column":22},"end":{"line":197,"column":43}},"type":"binary-expr","locations":[{"start":{"line":197,"column":22},"end":{"line":197,"column":37}},{"start":{"line":197,"column":41},"end":{"line":197,"column":43}}]},"28":{"loc":{"start":{"line":197,"column":57},"end":{"line":197,"column":null}},"type":"binary-expr","locations":[{"start":{"line":197,"column":57},"end":{"line":197,"column":85}},{"start":{"line":197,"column":85},"end":{"line":197,"column":115}},{"start":{"line":197,"column":115},"end":{"line":197,"column":null}}]},"29":{"loc":{"start":{"line":198,"column":19},"end":{"line":198,"column":42}},"type":"binary-expr","locations":[{"start":{"line":198,"column":19},"end":{"line":198,"column":36}},{"start":{"line":198,"column":40},"end":{"line":198,"column":42}}]},"30":{"loc":{"start":{"line":207,"column":16},"end":{"line":207,"column":null}},"type":"cond-expr","locations":[{"start":{"line":207,"column":33},"end":{"line":207,"column":70}},{"start":{"line":207,"column":70},"end":{"line":207,"column":null}}]},"31":{"loc":{"start":{"line":212,"column":9},"end":{"line":212,"column":null}},"type":"binary-expr","locations":[{"start":{"line":212,"column":9},"end":{"line":212,"column":null}}]},"32":{"loc":{"start":{"line":220,"column":9},"end":{"line":241,"column":null}},"type":"binary-expr","locations":[{"start":{"line":220,"column":9},"end":{"line":220,"column":null}},{"start":{"line":221,"column":10},"end":{"line":241,"column":null}}]},"33":{"loc":{"start":{"line":221,"column":10},"end":{"line":241,"column":null}},"type":"cond-expr","locations":[{"start":{"line":222,"column":12},"end":{"line":227,"column":13}},{"start":{"line":227,"column":12},"end":{"line":241,"column":null}}]},"34":{"loc":{"start":{"line":243,"column":9},"end":{"line":264,"column":null}},"type":"binary-expr","locations":[{"start":{"line":243,"column":9},"end":{"line":243,"column":null}},{"start":{"line":244,"column":10},"end":{"line":264,"column":null}}]},"35":{"loc":{"start":{"line":244,"column":10},"end":{"line":264,"column":null}},"type":"cond-expr","locations":[{"start":{"line":245,"column":12},"end":{"line":250,"column":13}},{"start":{"line":250,"column":12},"end":{"line":264,"column":null}}]},"36":{"loc":{"start":{"line":266,"column":9},"end":{"line":287,"column":null}},"type":"binary-expr","locations":[{"start":{"line":266,"column":9},"end":{"line":266,"column":null}},{"start":{"line":267,"column":10},"end":{"line":287,"column":null}}]},"37":{"loc":{"start":{"line":267,"column":10},"end":{"line":287,"column":null}},"type":"cond-expr","locations":[{"start":{"line":268,"column":12},"end":{"line":273,"column":13}},{"start":{"line":273,"column":12},"end":{"line":287,"column":null}}]},"38":{"loc":{"start":{"line":267,"column":11},"end":{"line":267,"column":30}},"type":"binary-expr","locations":[{"start":{"line":267,"column":11},"end":{"line":267,"column":24}},{"start":{"line":267,"column":28},"end":{"line":267,"column":30}}]},"39":{"loc":{"start":{"line":284,"column":18},"end":{"line":284,"column":37}},"type":"binary-expr","locations":[{"start":{"line":284,"column":18},"end":{"line":284,"column":31}},{"start":{"line":284,"column":35},"end":{"line":284,"column":37}}]},"40":{"loc":{"start":{"line":291,"column":7},"end":{"line":291,"column":18}},"type":"binary-expr","locations":[{"start":{"line":291,"column":7},"end":{"line":291,"column":18}}]},"41":{"loc":{"start":{"line":292,"column":7},"end":{"line":292,"column":null}},"type":"binary-expr","locations":[{"start":{"line":292,"column":7},"end":{"line":292,"column":null}}]}},"s":{"0":0,"1":0,"2":0,"3":0,"4":0,"5":0,"6":0,"7":0,"8":0,"9":0,"10":0,"11":0,"12":0,"13":0,"14":0,"15":0,"16":0,"17":0,"18":0,"19":0,"20":0,"21":0,"22":0,"23":0,"24":0,"25":0,"26":0,"27":0,"28":0,"29":0,"30":0,"31":0,"32":0,"33":0,"34":0,"35":0,"36":0,"37":0,"38":0,"39":0,"40":0,"41":0,"42":0,"43":0,"44":0,"45":0,"46":0,"47":0,"48":0,"49":0,"50":0,"51":0,"52":0,"53":0,"54":0,"55":0,"56":0,"57":0,"58":0,"59":0,"60":0,"61":0,"62":0,"63":0,"64":0,"65":0,"66":0,"67":0,"68":0,"69":0,"70":0,"71":0,"72":0,"73":0,"74":0,"75":0,"76":0,"77":0,"78":0,"79":0,"80":0,"81":0,"82":0,"83":0,"84":0,"85":0,"86":0,"87":0,"88":0,"89":0,"90":0,"91":0,"92":0},"f":{"0":0,"1":0,"2":0,"3":0,"4":0,"5":0,"6":0,"7":0,"8":0,"9":0,"10":0,"11":0,"12":0,"13":0,"14":0,"15":0,"16":0,"17":0,"18":0,"19":0,"20":0,"21":0,"22":0,"23":0,"24":0,"25":0,"26":0,"27":0,"28":0,"29":0,"30":0,"31":0,"32":0,"33":0,"34":0,"35":0,"36":0},"b":{"0":[0],"1":[0,0],"2":[0,0],"3":[0,0],"4":[0,0],"5":[0,0],"6":[0,0],"7":[0,0],"8":[0,0],"9":[0,0],"10":[0,0],"11":[0,0],"12":[0,0],"13":[0,0],"14":[0,0],"15":[0,0],"16":[0,0],"17":[0,0],"18":[0,0],"19":[0],"20":[0],"21":[0],"22":[0,0],"23":[0],"24":[0,0],"25":[0,0],"26":[0,0],"27":[0,0],"28":[0,0,0],"29":[0,0],"30":[0,0],"31":[0],"32":[0,0],"33":[0,0],"34":[0,0],"35":[0,0],"36":[0,0],"37":[0,0],"38":[0,0],"39":[0,0],"40":[0],"41":[0]}}
,"C:\\Users\\karthik\\Desktop\\Whizzgit\\clinivio-frontend\\src\\app\\(dashboard)\\lab\\IPRequestsTab.tsx": {"path":"C:\\Users\\karthik\\Desktop\\Whizzgit\\clinivio-frontend\\src\\app\\(dashboard)\\lab\\IPRequestsTab.tsx","statementMap":{"0":{"start":{"line":124,"column":24},"end":{"line":124,"column":38}},"1":{"start":{"line":2,"column":25},"end":{"line":2,"column":null}},"2":{"start":{"line":3,"column":19},"end":{"line":3,"column":null}},"3":{"start":{"line":4,"column":29},"end":{"line":4,"column":null}},"4":{"start":{"line":5,"column":25},"end":{"line":5,"column":null}},"5":{"start":{"line":6,"column":71},"end":{"line":6,"column":null}},"6":{"start":{"line":7,"column":71},"end":{"line":7,"column":null}},"7":{"start":{"line":11,"column":19},"end":{"line":11,"column":null}},"8":{"start":{"line":12,"column":20},"end":{"line":12,"column":null}},"9":{"start":{"line":13,"column":36},"end":{"line":13,"column":null}},"10":{"start":{"line":14,"column":31},"end":{"line":14,"column":null}},"11":{"start":{"line":15,"column":22},"end":{"line":15,"column":null}},"12":{"start":{"line":17,"column":27},"end":{"line":17,"column":null}},"13":{"start":{"line":17,"column":50},"end":{"line":17,"column":null}},"14":{"start":{"line":19,"column":40},"end":{"line":19,"column":null}},"15":{"start":{"line":20,"column":32},"end":{"line":20,"column":null}},"16":{"start":{"line":21,"column":34},"end":{"line":21,"column":null}},"17":{"start":{"line":22,"column":44},"end":{"line":22,"column":null}},"18":{"start":{"line":23,"column":38},"end":{"line":23,"column":null}},"19":{"start":{"line":24,"column":28},"end":{"line":24,"column":null}},"20":{"start":{"line":27,"column":4},"end":{"line":27,"column":null}},"21":{"start":{"line":27,"column":23},"end":{"line":27,"column":null}},"22":{"start":{"line":27,"column":60},"end":{"line":27,"column":72}},"23":{"start":{"line":31,"column":4},"end":{"line":31,"column":null}},"24":{"start":{"line":32,"column":4},"end":{"line":32,"column":null}},"25":{"start":{"line":33,"column":4},"end":{"line":33,"column":null}},"26":{"start":{"line":33,"column":24},"end":{"line":33,"column":57}},"27":{"start":{"line":33,"column":57},"end":{"line":33,"column":65}},"28":{"start":{"line":34,"column":4},"end":{"line":34,"column":null}},"29":{"start":{"line":34,"column":27},"end":{"line":34,"column":65}},"30":{"start":{"line":34,"column":65},"end":{"line":34,"column":73}},"31":{"start":{"line":35,"column":4},"end":{"line":50,"column":null}},"32":{"start":{"line":36,"column":6},"end":{"line":43,"column":null}},"33":{"start":{"line":44,"column":6},"end":{"line":44,"column":null}},"34":{"start":{"line":45,"column":6},"end":{"line":45,"column":null}},"35":{"start":{"line":46,"column":6},"end":{"line":46,"column":null}},"36":{"start":{"line":48,"column":16},"end":{"line":48,"column":null}},"37":{"start":{"line":49,"column":6},"end":{"line":49,"column":null}},"38":{"start":{"line":63,"column":64},"end":{"line":63,"column":null}},"39":{"start":{"line":67,"column":16},"end":{"line":67,"column":35}},"40":{"start":{"line":77,"column":16},"end":{"line":77,"column":34}},"41":{"start":{"line":78,"column":90},"end":{"line":78,"column":108}},"42":{"start":{"line":91,"column":18},"end":{"line":91,"column":34}},"43":{"start":{"line":91,"column":63},"end":{"line":91,"column":null}},"44":{"start":{"line":101,"column":55},"end":{"line":101,"column":86}},"45":{"start":{"line":107,"column":68},"end":{"line":107,"column":null}},"46":{"start":{"line":125,"column":30},"end":{"line":125,"column":null}},"47":{"start":{"line":126,"column":52},"end":{"line":126,"column":null}},"48":{"start":{"line":127,"column":32},"end":{"line":127,"column":null}},"49":{"start":{"line":137,"column":48},"end":{"line":137,"column":null}},"50":{"start":{"line":141,"column":14},"end":{"line":141,"column":30}},"51":{"start":{"line":144,"column":33},"end":{"line":144,"column":44}},"52":{"start":{"line":145,"column":33},"end":{"line":145,"column":null}},"53":{"start":{"line":174,"column":16},"end":{"line":174,"column":35}},"54":{"start":{"line":174,"column":50},"end":{"line":174,"column":72}},"55":{"start":{"line":195,"column":50},"end":{"line":195,"column":69}},"56":{"start":{"line":195,"column":84},"end":{"line":195,"column":null}}},"fnMap":{"0":{"name":"NewIPOrderModal","decl":{"start":{"line":10,"column":9},"end":{"line":10,"column":25}},"loc":{"start":{"line":10,"column":91},"end":{"line":122,"column":null}}},"1":{"name":"(anonymous_2)","decl":{"start":{"line":17,"column":45},"end":{"line":17,"column":50}},"loc":{"start":{"line":17,"column":50},"end":{"line":17,"column":null}}},"2":{"name":"toggleTest","decl":{"start":{"line":26,"column":11},"end":{"line":26,"column":22}},"loc":{"start":{"line":26,"column":32},"end":{"line":28,"column":null}}},"3":{"name":"(anonymous_4)","decl":{"start":{"line":27,"column":15},"end":{"line":27,"column":23}},"loc":{"start":{"line":27,"column":23},"end":{"line":27,"column":null}}},"4":{"name":"(anonymous_5)","decl":{"start":{"line":27,"column":55},"end":{"line":27,"column":60}},"loc":{"start":{"line":27,"column":60},"end":{"line":27,"column":72}}},"5":{"name":"handleSubmit","decl":{"start":{"line":30,"column":17},"end":{"line":30,"column":30}},"loc":{"start":{"line":30,"column":48},"end":{"line":51,"column":null}}},"6":{"name":"(anonymous_7)","decl":{"start":{"line":63,"column":59},"end":{"line":63,"column":64}},"loc":{"start":{"line":63,"column":64},"end":{"line":63,"column":null}}},"7":{"name":"(anonymous_8)","decl":{"start":{"line":66,"column":36},"end":{"line":66,"column":null}},"loc":{"start":{"line":67,"column":16},"end":{"line":67,"column":35}}},"8":{"name":"(anonymous_9)","decl":{"start":{"line":76,"column":25},"end":{"line":76,"column":null}},"loc":{"start":{"line":77,"column":16},"end":{"line":77,"column":34}}},"9":{"name":"(anonymous_10)","decl":{"start":{"line":78,"column":84},"end":{"line":78,"column":90}},"loc":{"start":{"line":78,"column":90},"end":{"line":78,"column":108}}},"10":{"name":"(anonymous_11)","decl":{"start":{"line":90,"column":62},"end":{"line":90,"column":null}},"loc":{"start":{"line":91,"column":18},"end":{"line":91,"column":34}}},"11":{"name":"(anonymous_12)","decl":{"start":{"line":91,"column":57},"end":{"line":91,"column":63}},"loc":{"start":{"line":91,"column":63},"end":{"line":91,"column":null}}},"12":{"name":"(anonymous_13)","decl":{"start":{"line":101,"column":50},"end":{"line":101,"column":55}},"loc":{"start":{"line":101,"column":55},"end":{"line":101,"column":86}}},"13":{"name":"(anonymous_14)","decl":{"start":{"line":107,"column":63},"end":{"line":107,"column":68}},"loc":{"start":{"line":107,"column":68},"end":{"line":107,"column":null}}},"14":{"name":"IPRequestsTab","decl":{"start":{"line":124,"column":24},"end":{"line":124,"column":38}},"loc":{"start":{"line":124,"column":101},"end":{"line":198,"column":null}}},"15":{"name":"(anonymous_16)","decl":{"start":{"line":137,"column":43},"end":{"line":137,"column":48}},"loc":{"start":{"line":137,"column":48},"end":{"line":137,"column":null}}},"16":{"name":"(anonymous_17)","decl":{"start":{"line":140,"column":77},"end":{"line":140,"column":null}},"loc":{"start":{"line":141,"column":14},"end":{"line":141,"column":30}}},"17":{"name":"(anonymous_18)","decl":{"start":{"line":144,"column":27},"end":{"line":144,"column":33}},"loc":{"start":{"line":144,"column":33},"end":{"line":144,"column":44}}},"18":{"name":"(anonymous_19)","decl":{"start":{"line":145,"column":27},"end":{"line":145,"column":33}},"loc":{"start":{"line":145,"column":33},"end":{"line":145,"column":null}}},"19":{"name":"(anonymous_20)","decl":{"start":{"line":173,"column":26},"end":{"line":173,"column":null}},"loc":{"start":{"line":174,"column":16},"end":{"line":174,"column":35}}},"20":{"name":"(anonymous_21)","decl":{"start":{"line":174,"column":44},"end":{"line":174,"column":50}},"loc":{"start":{"line":174,"column":50},"end":{"line":174,"column":72}}},"21":{"name":"(anonymous_22)","decl":{"start":{"line":195,"column":44},"end":{"line":195,"column":50}},"loc":{"start":{"line":195,"column":50},"end":{"line":195,"column":69}}},"22":{"name":"(anonymous_23)","decl":{"start":{"line":195,"column":78},"end":{"line":195,"column":84}},"loc":{"start":{"line":195,"column":84},"end":{"line":195,"column":null}}}},"branchMap":{"0":{"loc":{"start":{"line":13,"column":16},"end":{"line":13,"column":31}},"type":"default-arg","locations":[{"start":{"line":13,"column":29},"end":{"line":13,"column":31}}]},"1":{"loc":{"start":{"line":14,"column":16},"end":{"line":14,"column":26}},"type":"default-arg","locations":[{"start":{"line":14,"column":24},"end":{"line":14,"column":26}}]},"2":{"loc":{"start":{"line":27,"column":23},"end":{"line":27,"column":null}},"type":"cond-expr","locations":[{"start":{"line":27,"column":43},"end":{"line":27,"column":72}},{"start":{"line":27,"column":72},"end":{"line":27,"column":null}}]},"3":{"loc":{"start":{"line":33,"column":4},"end":{"line":33,"column":null}},"type":"if","locations":[{"start":{"line":33,"column":4},"end":{"line":33,"column":null}},{"start":{},"end":{}}]},"4":{"loc":{"start":{"line":34,"column":4},"end":{"line":34,"column":null}},"type":"if","locations":[{"start":{"line":34,"column":4},"end":{"line":34,"column":null}},{"start":{},"end":{}}]},"5":{"loc":{"start":{"line":38,"column":21},"end":{"line":38,"column":null}},"type":"binary-expr","locations":[{"start":{"line":38,"column":21},"end":{"line":38,"column":33}},{"start":{"line":38,"column":33},"end":{"line":38,"column":null}}]},"6":{"loc":{"start":{"line":40,"column":23},"end":{"line":40,"column":null}},"type":"binary-expr","locations":[{"start":{"line":40,"column":23},"end":{"line":40,"column":40}},{"start":{"line":40,"column":40},"end":{"line":40,"column":null}}]},"7":{"loc":{"start":{"line":41,"column":20},"end":{"line":41,"column":null}},"type":"binary-expr","locations":[{"start":{"line":41,"column":20},"end":{"line":41,"column":34}},{"start":{"line":41,"column":34},"end":{"line":41,"column":null}}]},"8":{"loc":{"start":{"line":49,"column":15},"end":{"line":49,"column":null}},"type":"binary-expr","locations":[{"start":{"line":49,"column":15},"end":{"line":49,"column":45}},{"start":{"line":49,"column":45},"end":{"line":49,"column":null}}]},"9":{"loc":{"start":{"line":84,"column":13},"end":{"line":84,"column":35}},"type":"binary-expr","locations":[{"start":{"line":84,"column":13},"end":{"line":84,"column":35}}]},"10":{"loc":{"start":{"line":93,"column":22},"end":{"line":93,"column":null}},"type":"cond-expr","locations":[{"start":{"line":93,"column":39},"end":{"line":93,"column":98}},{"start":{"line":93,"column":98},"end":{"line":93,"column":null}}]},"11":{"loc":{"start":{"line":110,"column":11},"end":{"line":110,"column":20}},"type":"binary-expr","locations":[{"start":{"line":110,"column":11},"end":{"line":110,"column":20}}]},"12":{"loc":{"start":{"line":115,"column":15},"end":{"line":115,"column":null}},"type":"cond-expr","locations":[{"start":{"line":115,"column":39},"end":{"line":115,"column":53}},{"start":{"line":115,"column":53},"end":{"line":115,"column":null}}]},"13":{"loc":{"start":{"line":126,"column":16},"end":{"line":126,"column":27}},"type":"default-arg","locations":[{"start":{"line":126,"column":25},"end":{"line":126,"column":27}}]},"14":{"loc":{"start":{"line":126,"column":66},"end":{"line":126,"column":null}},"type":"binary-expr","locations":[{"start":{"line":126,"column":66},"end":{"line":126,"column":76}},{"start":{"line":126,"column":76},"end":{"line":126,"column":null}}]},"15":{"loc":{"start":{"line":154,"column":10},"end":{"line":155,"column":19}},"type":"cond-expr","locations":[{"start":{"line":154,"column":10},"end":{"line":155,"column":19}}]},"16":{"loc":{"start":{"line":156,"column":10},"end":{"line":161,"column":11}},"type":"cond-expr","locations":[{"start":{"line":156,"column":10},"end":{"line":161,"column":11}}]},"17":{"loc":{"start":{"line":177,"column":62},"end":{"line":177,"column":null}},"type":"cond-expr","locations":[{"start":{"line":177,"column":78},"end":{"line":177,"column":132}},{"start":{"line":177,"column":135},"end":{"line":177,"column":null}}]},"18":{"loc":{"start":{"line":180,"column":67},"end":{"line":180,"column":null}},"type":"binary-expr","locations":[{"start":{"line":180,"column":67},"end":{"line":180,"column":103}},{"start":{"line":180,"column":103},"end":{"line":180,"column":null}}]},"19":{"loc":{"start":{"line":181,"column":84},"end":{"line":181,"column":null}},"type":"cond-expr","locations":[{"start":{"line":181,"column":111},"end":{"line":181,"column":117}},{"start":{"line":181,"column":117},"end":{"line":181,"column":null}}]},"20":{"loc":{"start":{"line":195,"column":7},"end":{"line":195,"column":18}},"type":"binary-expr","locations":[{"start":{"line":195,"column":7},"end":{"line":195,"column":18}}]}},"s":{"0":0,"1":0,"2":0,"3":0,"4":0,"5":0,"6":0,"7":0,"8":0,"9":0,"10":0,"11":0,"12":0,"13":0,"14":0,"15":0,"16":0,"17":0,"18":0,"19":0,"20":0,"21":0,"22":0,"23":0,"24":0,"25":0,"26":0,"27":0,"28":0,"29":0,"30":0,"31":0,"32":0,"33":0,"34":0,"35":0,"36":0,"37":0,"38":0,"39":0,"40":0,"41":0,"42":0,"43":0,"44":0,"45":0,"46":0,"47":0,"48":0,"49":0,"50":0,"51":0,"52":0,"53":0,"54":0,"55":0,"56":0},"f":{"0":0,"1":0,"2":0,"3":0,"4":0,"5":0,"6":0,"7":0,"8":0,"9":0,"10":0,"11":0,"12":0,"13":0,"14":0,"15":0,"16":0,"17":0,"18":0,"19":0,"20":0,"21":0,"22":0},"b":{"0":[0],"1":[0],"2":[0,0],"3":[0,0],"4":[0,0],"5":[0,0],"6":[0,0],"7":[0,0],"8":[0,0],"9":[0],"10":[0,0],"11":[0],"12":[0,0],"13":[0],"14":[0,0],"15":[0],"16":[0],"17":[0,0],"18":[0,0],"19":[0,0],"20":[0]}}
,"C:\\Users\\karthik\\Desktop\\Whizzgit\\clinivio-frontend\\src\\app\\(dashboard)\\lab\\OrdersTab.tsx": {"path":"C:\\Users\\karthik\\Desktop\\Whizzgit\\clinivio-frontend\\src\\app\\(dashboard)\\lab\\OrdersTab.tsx","statementMap":{"0":{"start":{"line":12,"column":24},"end":{"line":12,"column":34}},"1":{"start":{"line":2,"column":19},"end":{"line":2,"column":null}},"2":{"start":{"line":3,"column":92},"end":{"line":3,"column":null}},"3":{"start":{"line":6,"column":20},"end":{"line":10,"column":null}},"4":{"start":{"line":27,"column":10},"end":{"line":27,"column":32}},"5":{"start":{"line":27,"column":47},"end":{"line":27,"column":null}},"6":{"start":{"line":60,"column":36},"end":{"line":60,"column":null}},"7":{"start":{"line":60,"column":58},"end":{"line":60,"column":null}},"8":{"start":{"line":61,"column":37},"end":{"line":61,"column":78}},"9":{"start":{"line":61,"column":61},"end":{"line":61,"column":70}},"10":{"start":{"line":62,"column":35},"end":{"line":62,"column":null}},"11":{"start":{"line":62,"column":64},"end":{"line":62,"column":93}},"12":{"start":{"line":63,"column":37},"end":{"line":65,"column":null}},"13":{"start":{"line":66,"column":35},"end":{"line":66,"column":null}},"14":{"start":{"line":67,"column":16},"end":{"line":68,"column":null}},"15":{"start":{"line":70,"column":35},"end":{"line":70,"column":null}}},"fnMap":{"0":{"name":"OrdersTab","decl":{"start":{"line":12,"column":24},"end":{"line":12,"column":34}},"loc":{"start":{"line":21,"column":1},"end":{"line":116,"column":null}}},"1":{"name":"(anonymous_2)","decl":{"start":{"line":26,"column":25},"end":{"line":26,"column":null}},"loc":{"start":{"line":27,"column":10},"end":{"line":27,"column":32}}},"2":{"name":"(anonymous_3)","decl":{"start":{"line":27,"column":41},"end":{"line":27,"column":47}},"loc":{"start":{"line":27,"column":47},"end":{"line":27,"column":null}}},"3":{"name":"(anonymous_4)","decl":{"start":{"line":59,"column":26},"end":{"line":59,"column":null}},"loc":{"start":{"line":59,"column":26},"end":{"line":109,"column":null}}},"4":{"name":"(anonymous_5)","decl":{"start":{"line":60,"column":53},"end":{"line":60,"column":58}},"loc":{"start":{"line":60,"column":58},"end":{"line":60,"column":null}}},"5":{"name":"(anonymous_6)","decl":{"start":{"line":61,"column":56},"end":{"line":61,"column":61}},"loc":{"start":{"line":61,"column":61},"end":{"line":61,"column":70}}},"6":{"name":"(anonymous_7)","decl":{"start":{"line":62,"column":54},"end":{"line":62,"column":55}},"loc":{"start":{"line":62,"column":64},"end":{"line":62,"column":93}}},"7":{"name":"(anonymous_8)","decl":{"start":{"line":70,"column":29},"end":{"line":70,"column":35}},"loc":{"start":{"line":70,"column":35},"end":{"line":70,"column":null}}}},"branchMap":{"0":{"loc":{"start":{"line":29,"column":14},"end":{"line":29,"column":null}},"type":"cond-expr","locations":[{"start":{"line":29,"column":38},"end":{"line":29,"column":75}},{"start":{"line":29,"column":75},"end":{"line":29,"column":null}}]},"1":{"loc":{"start":{"line":38,"column":10},"end":{"line":39,"column":19}},"type":"cond-expr","locations":[{"start":{"line":38,"column":10},"end":{"line":39,"column":19}}]},"2":{"loc":{"start":{"line":40,"column":10},"end":{"line":45,"column":11}},"type":"cond-expr","locations":[{"start":{"line":40,"column":10},"end":{"line":45,"column":11}}]},"3":{"loc":{"start":{"line":42,"column":49},"end":{"line":42,"column":null}},"type":"cond-expr","locations":[{"start":{"line":42,"column":66},"end":{"line":42,"column":89}},{"start":{"line":42,"column":92},"end":{"line":42,"column":null}}]},"4":{"loc":{"start":{"line":63,"column":37},"end":{"line":65,"column":null}},"type":"cond-expr","locations":[{"start":{"line":64,"column":20},"end":{"line":64,"column":74}},{"start":{"line":65,"column":21},"end":{"line":65,"column":null}}]},"5":{"loc":{"start":{"line":65,"column":21},"end":{"line":65,"column":null}},"type":"binary-expr","locations":[{"start":{"line":65,"column":21},"end":{"line":65,"column":37}},{"start":{"line":65,"column":41},"end":{"line":65,"column":null}}]},"6":{"loc":{"start":{"line":66,"column":35},"end":{"line":66,"column":null}},"type":"cond-expr","locations":[{"start":{"line":66,"column":51},"end":{"line":66,"column":69}},{"start":{"line":66,"column":72},"end":{"line":66,"column":null}}]},"7":{"loc":{"start":{"line":69,"column":87},"end":{"line":69,"column":null}},"type":"binary-expr","locations":[{"start":{"line":69,"column":87},"end":{"line":69,"column":102}},{"start":{"line":69,"column":102},"end":{"line":69,"column":null}}]},"8":{"loc":{"start":{"line":76,"column":27},"end":{"line":76,"column":null}},"type":"cond-expr","locations":[{"start":{"line":76,"column":60},"end":{"line":76,"column":76}},{"start":{"line":76,"column":76},"end":{"line":76,"column":null}}]},"9":{"loc":{"start":{"line":85,"column":77},"end":{"line":85,"column":null}},"type":"cond-expr","locations":[{"start":{"line":85,"column":104},"end":{"line":85,"column":110}},{"start":{"line":85,"column":110},"end":{"line":85,"column":null}}]},"10":{"loc":{"start":{"line":86,"column":23},"end":{"line":86,"column":43}},"type":"binary-expr","locations":[{"start":{"line":86,"column":23},"end":{"line":86,"column":43}},{"start":{"line":86,"column":43},"end":{"line":86,"column":null}}]},"11":{"loc":{"start":{"line":89,"column":23},"end":{"line":89,"column":38}},"type":"binary-expr","locations":[{"start":{"line":89,"column":23},"end":{"line":89,"column":38}}]},"12":{"loc":{"start":{"line":100,"column":23},"end":{"line":100,"column":44}},"type":"binary-expr","locations":[{"start":{"line":100,"column":23},"end":{"line":100,"column":44}}]}},"s":{"0":0,"1":0,"2":0,"3":0,"4":0,"5":0,"6":0,"7":0,"8":0,"9":0,"10":0,"11":0,"12":0,"13":0,"14":0,"15":0},"f":{"0":0,"1":0,"2":0,"3":0,"4":0,"5":0,"6":0,"7":0},"b":{"0":[0,0],"1":[0],"2":[0],"3":[0,0],"4":[0,0],"5":[0,0],"6":[0,0],"7":[0,0],"8":[0,0],"9":[0,0],"10":[0,0],"11":[0],"12":[0]}}
,"C:\\Users\\karthik\\Desktop\\Whizzgit\\clinivio-frontend\\src\\app\\(dashboard)\\lab\\PaymentModal.tsx": {"path":"C:\\Users\\karthik\\Desktop\\Whizzgit\\clinivio-frontend\\src\\app\\(dashboard)\\lab\\PaymentModal.tsx","statementMap":{"0":{"start":{"line":6,"column":24},"end":{"line":6,"column":37}},"1":{"start":{"line":2,"column":25},"end":{"line":2,"column":null}},"2":{"start":{"line":3,"column":31},"end":{"line":3,"column":null}},"3":{"start":{"line":7,"column":30},"end":{"line":7,"column":null}},"4":{"start":{"line":8,"column":30},"end":{"line":8,"column":null}},"5":{"start":{"line":8,"column":94},"end":{"line":8,"column":123}},"6":{"start":{"line":9,"column":30},"end":{"line":9,"column":null}},"7":{"start":{"line":10,"column":30},"end":{"line":10,"column":null}},"8":{"start":{"line":11,"column":28},"end":{"line":11,"column":null}},"9":{"start":{"line":14,"column":4},"end":{"line":14,"column":null}},"10":{"start":{"line":15,"column":4},"end":{"line":15,"column":null}},"11":{"start":{"line":16,"column":4},"end":{"line":26,"column":null}},"12":{"start":{"line":17,"column":6},"end":{"line":21,"column":null}},"13":{"start":{"line":22,"column":6},"end":{"line":22,"column":17}},"14":{"start":{"line":22,"column":17},"end":{"line":22,"column":null}},"15":{"start":{"line":24,"column":16},"end":{"line":24,"column":null}},"16":{"start":{"line":25,"column":6},"end":{"line":25,"column":null}},"17":{"start":{"line":26,"column":16},"end":{"line":26,"column":34}},"18":{"start":{"line":44,"column":67},"end":{"line":44,"column":96}},"19":{"start":{"line":51,"column":96},"end":{"line":51,"column":null}},"20":{"start":{"line":58,"column":20},"end":{"line":58,"column":36}},"21":{"start":{"line":58,"column":65},"end":{"line":58,"column":null}}},"fnMap":{"0":{"name":"PaymentModal","decl":{"start":{"line":6,"column":24},"end":{"line":6,"column":37}},"loc":{"start":{"line":6,"column":127},"end":{"line":78,"column":null}}},"1":{"name":"(anonymous_2)","decl":{"start":{"line":8,"column":84},"end":{"line":8,"column":85}},"loc":{"start":{"line":8,"column":94},"end":{"line":8,"column":123}}},"2":{"name":"handleSubmit","decl":{"start":{"line":13,"column":17},"end":{"line":13,"column":30}},"loc":{"start":{"line":13,"column":48},"end":{"line":27,"column":null}}},"3":{"name":"(anonymous_4)","decl":{"start":{"line":44,"column":62},"end":{"line":44,"column":67}},"loc":{"start":{"line":44,"column":67},"end":{"line":44,"column":96}}},"4":{"name":"(anonymous_5)","decl":{"start":{"line":51,"column":91},"end":{"line":51,"column":96}},"loc":{"start":{"line":51,"column":96},"end":{"line":51,"column":null}}},"5":{"name":"(anonymous_6)","decl":{"start":{"line":57,"column":68},"end":{"line":57,"column":null}},"loc":{"start":{"line":58,"column":20},"end":{"line":58,"column":36}}},"6":{"name":"(anonymous_7)","decl":{"start":{"line":58,"column":59},"end":{"line":58,"column":65}},"loc":{"start":{"line":58,"column":65},"end":{"line":58,"column":null}}}},"branchMap":{"0":{"loc":{"start":{"line":8,"column":46},"end":{"line":8,"column":null}},"type":"binary-expr","locations":[{"start":{"line":8,"column":46},"end":{"line":8,"column":61}},{"start":{"line":8,"column":65},"end":{"line":8,"column":null}}]},"1":{"loc":{"start":{"line":18,"column":23},"end":{"line":18,"column":null}},"type":"cond-expr","locations":[{"start":{"line":18,"column":32},"end":{"line":18,"column":44}},{"start":{"line":18,"column":44},"end":{"line":18,"column":null}}]},"2":{"loc":{"start":{"line":19,"column":20},"end":{"line":19,"column":null}},"type":"cond-expr","locations":[{"start":{"line":19,"column":29},"end":{"line":19,"column":33}},{"start":{"line":19,"column":33},"end":{"line":19,"column":null}}]},"3":{"loc":{"start":{"line":25,"column":15},"end":{"line":25,"column":null}},"type":"binary-expr","locations":[{"start":{"line":25,"column":15},"end":{"line":25,"column":45}},{"start":{"line":25,"column":45},"end":{"line":25,"column":null}}]},"4":{"loc":{"start":{"line":40,"column":15},"end":{"line":40,"column":120}},"type":"cond-expr","locations":[{"start":{"line":40,"column":31},"end":{"line":40,"column":85}},{"start":{"line":40,"column":89},"end":{"line":40,"column":120}}]},"5":{"loc":{"start":{"line":40,"column":89},"end":{"line":40,"column":120}},"type":"binary-expr","locations":[{"start":{"line":40,"column":89},"end":{"line":40,"column":105}},{"start":{"line":40,"column":109},"end":{"line":40,"column":120}}]},"6":{"loc":{"start":{"line":47,"column":11},"end":{"line":47,"column":null}},"type":"binary-expr","locations":[{"start":{"line":47,"column":11},"end":{"line":47,"column":null}}]},"7":{"loc":{"start":{"line":59,"column":85},"end":{"line":59,"column":197}},"type":"cond-expr","locations":[{"start":{"line":59,"column":100},"end":{"line":59,"column":143}},{"start":{"line":59,"column":143},"end":{"line":59,"column":197}}]},"8":{"loc":{"start":{"line":67,"column":11},"end":{"line":67,"column":20}},"type":"binary-expr","locations":[{"start":{"line":67,"column":11},"end":{"line":67,"column":20}}]},"9":{"loc":{"start":{"line":71,"column":15},"end":{"line":71,"column":105}},"type":"cond-expr","locations":[{"start":{"line":71,"column":24},"end":{"line":71,"column":36}},{"start":{"line":71,"column":36},"end":{"line":71,"column":105}}]},"10":{"loc":{"start":{"line":71,"column":36},"end":{"line":71,"column":105}},"type":"cond-expr","locations":[{"start":{"line":71,"column":45},"end":{"line":71,"column":55}},{"start":{"line":71,"column":55},"end":{"line":71,"column":105}}]},"11":{"loc":{"start":{"line":71,"column":78},"end":{"line":71,"column":93}},"type":"binary-expr","locations":[{"start":{"line":71,"column":78},"end":{"line":71,"column":88}},{"start":{"line":71,"column":88},"end":{"line":71,"column":93}}]}},"s":{"0":0,"1":0,"2":0,"3":0,"4":0,"5":0,"6":0,"7":0,"8":0,"9":0,"10":0,"11":0,"12":0,"13":0,"14":0,"15":0,"16":0,"17":0,"18":0,"19":0,"20":0,"21":0},"f":{"0":0,"1":0,"2":0,"3":0,"4":0,"5":0,"6":0},"b":{"0":[0,0],"1":[0,0],"2":[0,0],"3":[0,0],"4":[0,0],"5":[0,0],"6":[0],"7":[0,0],"8":[0],"9":[0,0],"10":[0,0],"11":[0,0]}}
,"C:\\Users\\karthik\\Desktop\\Whizzgit\\clinivio-frontend\\src\\app\\(dashboard)\\lab\\ReportsTab.tsx": {"path":"C:\\Users\\karthik\\Desktop\\Whizzgit\\clinivio-frontend\\src\\app\\(dashboard)\\lab\\ReportsTab.tsx","statementMap":{"0":{"start":{"line":8,"column":24},"end":{"line":8,"column":35}},"1":{"start":{"line":2,"column":25},"end":{"line":2,"column":null}},"2":{"start":{"line":3,"column":19},"end":{"line":3,"column":null}},"3":{"start":{"line":4,"column":24},"end":{"line":4,"column":null}},"4":{"start":{"line":5,"column":40},"end":{"line":5,"column":null}},"5":{"start":{"line":9,"column":42},"end":{"line":9,"column":null}},"6":{"start":{"line":10,"column":35},"end":{"line":10,"column":null}},"7":{"start":{"line":11,"column":35},"end":{"line":11,"column":null}},"8":{"start":{"line":23,"column":73},"end":{"line":23,"column":108}},"9":{"start":{"line":36,"column":14},"end":{"line":36,"column":33}},"10":{"start":{"line":67,"column":18},"end":{"line":67,"column":59}},"11":{"start":{"line":100,"column":18},"end":{"line":100,"column":37}},"12":{"start":{"line":100,"column":52},"end":{"line":100,"column":74}}},"fnMap":{"0":{"name":"ReportsTab","decl":{"start":{"line":8,"column":24},"end":{"line":8,"column":35}},"loc":{"start":{"line":8,"column":98},"end":{"line":118,"column":null}}},"1":{"name":"(anonymous_2)","decl":{"start":{"line":23,"column":68},"end":{"line":23,"column":73}},"loc":{"start":{"line":23,"column":73},"end":{"line":23,"column":108}}},"2":{"name":"(anonymous_3)","decl":{"start":{"line":35,"column":18},"end":{"line":35,"column":null}},"loc":{"start":{"line":36,"column":14},"end":{"line":36,"column":33}}},"3":{"name":"(anonymous_4)","decl":{"start":{"line":66,"column":30},"end":{"line":66,"column":null}},"loc":{"start":{"line":67,"column":18},"end":{"line":67,"column":59}}},"4":{"name":"(anonymous_5)","decl":{"start":{"line":99,"column":31},"end":{"line":99,"column":null}},"loc":{"start":{"line":100,"column":18},"end":{"line":100,"column":37}}},"5":{"name":"(anonymous_6)","decl":{"start":{"line":100,"column":46},"end":{"line":100,"column":52}},"loc":{"start":{"line":100,"column":52},"end":{"line":100,"column":74}}}},"branchMap":{"0":{"loc":{"start":{"line":11,"column":16},"end":{"line":11,"column":30}},"type":"default-arg","locations":[{"start":{"line":11,"column":28},"end":{"line":11,"column":30}}]},"1":{"loc":{"start":{"line":28,"column":9},"end":{"line":28,"column":null}},"type":"binary-expr","locations":[{"start":{"line":28,"column":9},"end":{"line":28,"column":null}}]},"2":{"loc":{"start":{"line":46,"column":12},"end":{"line":47,"column":15}},"type":"cond-expr","locations":[{"start":{"line":46,"column":12},"end":{"line":47,"column":15}}]},"3":{"loc":{"start":{"line":48,"column":12},"end":{"line":53,"column":13}},"type":"cond-expr","locations":[{"start":{"line":48,"column":12},"end":{"line":53,"column":13}}]},"4":{"loc":{"start":{"line":50,"column":57},"end":{"line":50,"column":null}},"type":"cond-expr","locations":[{"start":{"line":50,"column":72},"end":{"line":50,"column":94}},{"start":{"line":50,"column":94},"end":{"line":50,"column":null}}]},"5":{"loc":{"start":{"line":67,"column":93},"end":{"line":67,"column":null}},"type":"binary-expr","locations":[{"start":{"line":67,"column":93},"end":{"line":67,"column":105}},{"start":{"line":67,"column":109},"end":{"line":67,"column":null}}]},"6":{"loc":{"start":{"line":72,"column":76},"end":{"line":72,"column":127}},"type":"cond-expr","locations":[{"start":{"line":72,"column":91},"end":{"line":72,"column":108}},{"start":{"line":72,"column":108},"end":{"line":72,"column":127}}]},"7":{"loc":{"start":{"line":75,"column":90},"end":{"line":75,"column":null}},"type":"cond-expr","locations":[{"start":{"line":75,"column":105},"end":{"line":75,"column":133}},{"start":{"line":75,"column":133},"end":{"line":75,"column":null}}]},"8":{"loc":{"start":{"line":76,"column":25},"end":{"line":76,"column":null}},"type":"cond-expr","locations":[{"start":{"line":76,"column":40},"end":{"line":76,"column":53}},{"start":{"line":76,"column":53},"end":{"line":76,"column":null}}]},"9":{"loc":{"start":{"line":92,"column":12},"end":{"line":97,"column":13}},"type":"cond-expr","locations":[{"start":{"line":92,"column":12},"end":{"line":97,"column":13}}]},"10":{"loc":{"start":{"line":103,"column":23},"end":{"line":103,"column":null}},"type":"cond-expr","locations":[{"start":{"line":103,"column":39},"end":{"line":103,"column":93}},{"start":{"line":103,"column":97},"end":{"line":103,"column":null}}]},"11":{"loc":{"start":{"line":103,"column":97},"end":{"line":103,"column":null}},"type":"binary-expr","locations":[{"start":{"line":103,"column":97},"end":{"line":103,"column":113}},{"start":{"line":103,"column":117},"end":{"line":103,"column":null}}]}},"s":{"0":0,"1":0,"2":0,"3":0,"4":0,"5":0,"6":0,"7":0,"8":0,"9":0,"10":0,"11":0,"12":0},"f":{"0":0,"1":0,"2":0,"3":0,"4":0,"5":0},"b":{"0":[0],"1":[0],"2":[0],"3":[0],"4":[0,0],"5":[0,0],"6":[0,0],"7":[0,0],"8":[0,0],"9":[0],"10":[0,0],"11":[0,0]}}
[...]
":{"line":391,"column":31},"end":{"line":391,"column":145}},{"start":{"line":391,"column":148},"end":{"line":391,"column":151}}]},"69":{"loc":{"start":{"line":392,"column":12},"end":{"line":392,"column":151}},"type":"cond-expr","locations":[{"start":{"line":392,"column":30},"end":{"line":392,"column":145}},{"start":{"line":392,"column":148},"end":{"line":392,"column":151}}]},"70":{"loc":{"start":{"line":393,"column":12},"end":{"line":393,"column":146}},"type":"cond-expr","locations":[{"start":{"line":393,"column":29},"end":{"line":393,"column":140}},{"start":{"line":393,"column":143},"end":{"line":393,"column":146}}]},"71":{"loc":{"start":{"line":394,"column":12},"end":{"line":394,"column":118}},"type":"cond-expr","locations":[{"start":{"line":394,"column":26},"end":{"line":394,"column":112}},{"start":{"line":394,"column":115},"end":{"line":394,"column":118}}]},"72":{"loc":{"start":{"line":419,"column":8},"end":{"line":419,"column":93}},"type":"cond-expr","locations":[{"start":{"line":419,"column":26},"end":{"line":419,"column":87}},{"start":{"line":419,"column":90},"end":{"line":419,"column":93}}]},"73":{"loc":{"start":{"line":422,"column":71},"end":{"line":422,"column":95}},"type":"binary-expr","locations":[{"start":{"line":422,"column":71},"end":{"line":422,"column":87}},{"start":{"line":422,"column":91},"end":{"line":422,"column":95}}]},"74":{"loc":{"start":{"line":423,"column":8},"end":{"line":423,"column":109}},"type":"cond-expr","locations":[{"start":{"line":423,"column":31},"end":{"line":423,"column":103}},{"start":{"line":423,"column":106},"end":{"line":423,"column":109}}]},"75":{"loc":{"start":{"line":429,"column":4},"end":{"line":431,"column":27}},"type":"cond-expr","locations":[{"start":{"line":429,"column":29},"end":{"line":431,"column":21}},{"start":{"line":431,"column":24},"end":{"line":431,"column":27}}]},"76":{"loc":{"start":{"line":433,"column":4},"end":{"line":446,"column":17}},"type":"cond-expr","locations":[{"start":{"line":433,"column":24},"end":{"line":446,"column":11}},{"start":{"line":446,"column":14},"end":{"line":446,"column":17}}]},"77":{"loc":{"start":{"line":449,"column":63},"end":{"line":449,"column":128}},"type":"cond-expr","locations":[{"start":{"line":449,"column":89},"end":{"line":449,"column":122}},{"start":{"line":449,"column":125},"end":{"line":449,"column":128}}]},"78":{"loc":{"start":{"line":483,"column":36},"end":{"line":483,"column":null}},"type":"cond-expr","locations":[{"start":{"line":483,"column":55},"end":{"line":483,"column":67}},{"start":{"line":483,"column":67},"end":{"line":483,"column":null}}]},"79":{"loc":{"start":{"line":483,"column":67},"end":{"line":483,"column":null}},"type":"cond-expr","locations":[{"start":{"line":483,"column":86},"end":{"line":483,"column":98}},{"start":{"line":483,"column":98},"end":{"line":483,"column":null}}]},"80":{"loc":{"start":{"line":484,"column":33},"end":{"line":484,"column":null}},"type":"cond-expr","locations":[{"start":{"line":484,"column":52},"end":{"line":484,"column":64}},{"start":{"line":484,"column":64},"end":{"line":484,"column":null}}]},"81":{"loc":{"start":{"line":484,"column":64},"end":{"line":484,"column":null}},"type":"cond-expr","locations":[{"start":{"line":484,"column":83},"end":{"line":484,"column":95}},{"start":{"line":484,"column":95},"end":{"line":484,"column":null}}]},"82":{"loc":{"start":{"line":487,"column":28},"end":{"line":487,"column":113}},"type":"cond-expr","locations":[{"start":{"line":487,"column":55},"end":{"line":487,"column":67}},{"start":{"line":487,"column":67},"end":{"line":487,"column":113}}]},"83":{"loc":{"start":{"line":487,"column":67},"end":{"line":487,"column":113}},"type":"cond-expr","locations":[{"start":{"line":487,"column":94},"end":{"line":487,"column":106}},{"start":{"line":487,"column":106},"end":{"line":487,"column":113}}]},"84":{"loc":{"start":{"line":490,"column":10},"end":{"line":490,"column":136}},"type":"cond-expr","locations":[{"start":{"line":490,"column":22},"end":{"line":490,"column":130}},{"start":{"line":490,"column":133},"end":{"line":490,"column":136}}]},"85":{"loc":{"start":{"line":490,"column":82},"end":{"line":490,"column":125}},"type":"cond-expr","locations":[{"start":{"line":490,"column":98},"end":{"line":490,"column":119}},{"start":{"line":490,"column":122},"end":{"line":490,"column":125}}]},"86":{"loc":{"start":{"line":493,"column":25},"end":{"line":493,"column":41}},"type":"binary-expr","locations":[{"start":{"line":493,"column":25},"end":{"line":493,"column":34}},{"start":{"line":493,"column":38},"end":{"line":493,"column":41}}]},"87":{"loc":{"start":{"line":496,"column":10},"end":{"line":496,"column":34}},"type":"binary-expr","locations":[{"start":{"line":496,"column":10},"end":{"line":496,"column":26}},{"start":{"line":496,"column":30},"end":{"line":496,"column":34}}]},"88":{"loc":{"start":{"line":499,"column":10},"end":{"line":499,"column":266}},"type":"cond-expr","locations":[{"start":{"line":499,"column":22},"end":{"line":499,"column":208}},{"start":{"line":499,"column":211},"end":{"line":499,"column":266}}]},"89":{"loc":{"start":{"line":501,"column":115},"end":{"line":501,"column":133}},"type":"binary-expr","locations":[{"start":{"line":501,"column":115},"end":{"line":501,"column":125}},{"start":{"line":501,"column":129},"end":{"line":501,"column":133}}]},"90":{"loc":{"start":{"line":516,"column":6},"end":{"line":516,"column":124}},"type":"cond-expr","locations":[{"start":{"line":516,"column":20},"end":{"line":516,"column":118}},{"start":{"line":516,"column":121},"end":{"line":516,"column":124}}]},"91":{"loc":{"start":{"line":523,"column":85},"end":{"line":523,"column":109}},"type":"binary-expr","locations":[{"start":{"line":523,"column":85},"end":{"line":523,"column":101}},{"start":{"line":523,"column":105},"end":{"line":523,"column":109}}]},"92":{"loc":{"start":{"line":529,"column":96},"end":{"line":529,"column":156}},"type":"cond-expr","locations":[{"start":{"line":529,"column":121},"end":{"line":529,"column":150}},{"start":{"line":529,"column":153},"end":{"line":529,"column":156}}]},"93":{"loc":{"start":{"line":530,"column":59},"end":{"line":530,"column":88}},"type":"binary-expr","locations":[{"start":{"line":530,"column":59},"end":{"line":530,"column":71}},{"start":{"line":530,"column":75},"end":{"line":530,"column":88}}]},"94":{"loc":{"start":{"line":534,"column":4},"end":{"line":539,"column":15}},"type":"cond-expr","locations":[{"start":{"line":534,"column":55},"end":{"line":539,"column":9}},{"start":{"line":539,"column":12},"end":{"line":539,"column":15}}]},"95":{"loc":{"start":{"line":534,"column":4},"end":{"line":534,"column":51}},"type":"binary-expr","locations":[{"start":{"line":534,"column":4},"end":{"line":534,"column":17}},{"start":{"line":534,"column":21},"end":{"line":534,"column":34}},{"start":{"line":534,"column":38},"end":{"line":534,"column":51}}]},"96":{"loc":{"start":{"line":536,"column":6},"end":{"line":536,"column":92}},"type":"cond-expr","locations":[{"start":{"line":536,"column":21},"end":{"line":536,"column":86}},{"start":{"line":536,"column":89},"end":{"line":536,"column":92}}]},"97":{"loc":{"start":{"line":537,"column":6},"end":{"line":537,"column":110}},"type":"cond-expr","locations":[{"start":{"line":537,"column":22},"end":{"line":537,"column":104}},{"start":{"line":537,"column":107},"end":{"line":537,"column":110}}]},"98":{"loc":{"start":{"line":538,"column":6},"end":{"line":538,"column":109}},"type":"cond-expr","locations":[{"start":{"line":538,"column":22},"end":{"line":538,"column":103}},{"start":{"line":538,"column":106},"end":{"line":538,"column":109}}]},"99":{"loc":{"start":{"line":541,"column":4},"end":{"line":541,"column":200}},"type":"cond-expr","locations":[{"start":{"line":541,"column":22},"end":{"line":541,"column":194}},{"start":{"line":541,"column":197},"end":{"line":541,"column":200}}]},"100":{"loc":{"start":{"line":558,"column":4},"end":{"line":562,"column":15}},"type":"cond-expr","locations":[{"start":{"line":558,"column":18},"end":{"line":562,"column":9}},{"start":{"line":562,"column":12},"end":{"line":562,"column":15}}]},"101":{"loc":{"start":{"line":570,"column":44},"end":{"line":570,"column":111}},"type":"cond-expr","locations":[{"start":{"line":570,"column":70},"end":{"line":570,"column":105}},{"start":{"line":570,"column":108},"end":{"line":570,"column":111}}]},"102":{"loc":{"start":{"line":570,"column":135},"end":{"line":570,"column":164}},"type":"binary-expr","locations":[{"start":{"line":570,"column":135},"end":{"line":570,"column":147}},{"start":{"line":570,"column":151},"end":{"line":570,"column":164}}]},"103":{"loc":{"start":{"line":613,"column":56},"end":{"line":613,"column":83}},"type":"binary-expr","locations":[{"start":{"line":613,"column":56},"end":{"line":613,"column":69}},{"start":{"line":613,"column":73},"end":{"line":613,"column":83}}]},"104":{"loc":{"start":{"line":626,"column":2},"end":{"line":629,"column":null}},"type":"if","locations":[{"start":{"line":626,"column":2},"end":{"line":629,"column":null}},{"start":{},"end":{}}]}},"s":{"0":0,"1":0,"2":0,"3":0,"4":0,"5":0,"6":0,"7":0,"8":0,"9":0,"10":0,"11":0,"12":0,"13":0,"14":0,"15":0,"16":0,"17":0,"18":0,"19":0,"20":0,"21":0,"22":0,"23":0,"24":0,"25":0,"26":0,"27":0,"28":0,"29":0,"30":0,"31":0,"32":0,"33":0,"34":0,"35":0,"36":0,"37":0,"38":0,"39":0,"40":0,"41":0,"42":0,"43":0,"44":0,"45":0,"46":0,"47":0,"48":0,"49":0,"50":0,"51":0,"52":0,"53":0,"54":0,"55":0,"56":0,"57":0,"58":0,"59":0,"60":0,"61":0,"62":0,"63":0,"64":0,"65":0,"66":0,"67":0,"68":0,"69":0,"70":0,"71":0,"72":0,"73":0,"74":0,"75":0,"76":0,"77":0,"78":0,"79":0,"80":0,"81":0,"82":0,"83":0,"84":0,"85":0,"86":0,"87":0,"88":0,"89":0,"90":0,"91":0,"92":0,"93":0,"94":0,"95":0,"96":0,"97":0,"98":0,"99":0,"100":0,"101":0,"102":0,"103":0},"f":{"0":0,"1":0,"2":0,"3":0,"4":0,"5":0,"6":0,"7":0,"8":0,"9":0,"10":0,"11":0,"12":0,"13":0,"14":0,"15":0,"16":0,"17":0,"18":0,"19":0,"20":0,"21":0},"b":{"0":[0,0],"1":[0,0],"2":[0,0],"3":[0,0],"4":[0,0],"5":[0,0],"6":[0,0],"7":[0,0],"8":[0,0],"9":[0,0],"10":[0,0],"11":[0,0],"12":[0,0],"13":[0,0],"14":[0,0],"15":[0,0],"16":[0,0],"17":[0,0],"18":[0,0],"19":[0,0],"20":[0,0],"21":[0,0],"22":[0,0],"23":[0,0],"24":[0,0],"25":[0,0],"26":[0,0],"27":[0,0],"28":[0,0],"29":[0,0],"30":[0,0],"31":[0,0],"32":[0,0],"33":[0,0],"34":[0,0],"35":[0,0],"36":[0,0],"37":[0,0],"38":[0,0],"39":[0,0],"40":[0,0],"41":[0,0],"42":[0,0],"43":[0,0],"44":[0,0],"45":[0,0],"46":[0,0],"47":[0,0],"48":[0,0],"49":[0,0],"50":[0,0],"51":[0,0],"52":[0,0],"53":[0,0],"54":[0,0],"55":[0,0],"56":[0,0],"57":[0,0],"58":[0,0],"59":[0,0],"60":[0,0],"61":[0,0],"62":[0,0],"63":[0,0],"64":[0,0],"65":[0,0],"66":[0,0],"67":[0,0],"68":[0,0],"69":[0,0],"70":[0,0],"71":[0,0],"72":[0,0],"73":[0,0],"74":[0,0],"75":[0,0],"76":[0,0],"77":[0,0],"78":[0,0],"79":[0,0],"80":[0,0],"81":[0,0],"82":[0,0],"83":[0,0],"84":[0,0],"85":[0,0],"86":[0,0],"87":[0,0],"88":[0,0],"89":[0,0],"90":[0,0],"91":[0,0],"92":[0,0],"93":[0,0],"94":[0,0],"95":[0,0,0],"96":[0,0],"97":[0,0],"98":[0,0],"99":[0,0],"100":[0,0],"101":[0,0],"102":[0,0],"103":[0,0],"104":[0,0]}}
,"C:\\Users\\karthik\\Desktop\\Whizzgit\\clinivio-frontend\\src\\lib\\utils.ts": {"path":"C:\\Users\\karthik\\Desktop\\Whizzgit\\clinivio-frontend\\src\\lib\\utils.ts","statementMap":{"0":{"start":{"line":4,"column":16},"end":{"line":4,"column":18}},"1":{"start":{"line":30,"column":16},"end":{"line":30,"column":24}},"2":{"start":{"line":8,"column":16},"end":{"line":8,"column":30}},"3":{"start":{"line":16,"column":16},"end":{"line":16,"column":26}},"4":{"start":{"line":21,"column":16},"end":{"line":21,"column":26}},"5":{"start":{"line":26,"column":16},"end":{"line":26,"column":27}},"6":{"start":{"line":1,"column":38},"end":{"line":1,"column":null}},"7":{"start":{"line":2,"column":24},"end":{"line":2,"column":null}},"8":{"start":{"line":5,"column":2},"end":{"line":5,"column":null}},"9":{"start":{"line":9,"column":2},"end":{"line":13,"column":null}},"10":{"start":{"line":17,"column":21},"end":{"line":17,"column":null}},"11":{"start":{"line":18,"column":2},"end":{"line":18,"column":null}},"12":{"start":{"line":22,"column":21},"end":{"line":22,"column":null}},"13":{"start":{"line":23,"column":2},"end":{"line":23,"column":null}},"14":{"start":{"line":27,"column":2},"end":{"line":27,"column":null}},"15":{"start":{"line":35,"column":2},"end":{"line":38,"column":null}},"16":{"start":{"line":36,"column":4},"end":{"line":36,"column":null}},"17":{"start":{"line":37,"column":4},"end":{"line":37,"column":null}},"18":{"start":{"line":37,"column":29},"end":{"line":37,"column":42}}},"fnMap":{"0":{"name":"cn","decl":{"start":{"line":4,"column":16},"end":{"line":4,"column":18}},"loc":{"start":{"line":4,"column":42},"end":{"line":6,"column":null}}},"1":{"name":"formatCurrency","decl":{"start":{"line":8,"column":16},"end":{"line":8,"column":30}},"loc":{"start":{"line":8,"column":63},"end":{"line":14,"column":null}}},"2":{"name":"formatDate","decl":{"start":{"line":16,"column":16},"end":{"line":16,"column":26}},"loc":{"start":{"line":16,"column":67},"end":{"line":19,"column":null}}},"3":{"name":"formatTime","decl":{"start":{"line":21,"column":16},"end":{"line":21,"column":26}},"loc":{"start":{"line":21,"column":46},"end":{"line":24,"column":null}}},"4":{"name":"getInitials","decl":{"start":{"line":26,"column":16},"end":{"line":26,"column":27}},"loc":{"start":{"line":26,"column":63},"end":{"line":28,"column":null}}},"5":{"name":"debounce","decl":{"start":{"line":30,"column":16},"end":{"line":30,"column":24}},"loc":{"start":{"line":32,"column":15},"end":{"line":39,"column":null}}},"6":{"name":"(anonymous_13)","decl":{"start":{"line":35,"column":9},"end":{"line":35,"column":10}},"loc":{"start":{"line":35,"column":13},"end":{"line":38,"column":null}}},"7":{"name":"(anonymous_14)","decl":{"start":{"line":37,"column":23},"end":{"line":37,"column":29}},"loc":{"start":{"line":37,"column":29},"end":{"line":37,"column":42}}}},"branchMap":{"0":{"loc":{"start":{"line":8,"column":47},"end":{"line":8,"column":63}},"type":"default-arg","locations":[{"start":{"line":8,"column":58},"end":{"line":8,"column":63}}]},"1":{"loc":{"start":{"line":16,"column":48},"end":{"line":16,"column":67}},"type":"default-arg","locations":[{"start":{"line":16,"column":54},"end":{"line":16,"column":67}}]}},"s":{"0":2,"1":2,"2":3,"3":2,"4":1,"5":2,"6":1,"7":1,"8":2,"9":3,"10":2,"11":2,"12":1,"13":1,"14":2,"15":2,"16":5,"17":5,"18":2},"f":{"0":2,"1":3,"2":2,"3":1,"4":2,"5":2,"6":5,"7":2},"b":{"0":[2],"1":[1]}}
,"C:\\Users\\karthik\\Desktop\\Whizzgit\\clinivio-frontend\\src\\store\\auth.store.ts": {"path":"C:\\Users\\karthik\\Desktop\\Whizzgit\\clinivio-frontend\\src\\store\\auth.store.ts","statementMap":{"0":{"start":{"line":23,"column":13},"end":{"line":23,"column":28}},"1":{"start":{"line":1,"column":23},"end":{"line":1,"column":null}},"2":{"start":{"line":2,"column":43},"end":{"line":2,"column":null}},"3":{"start":{"line":23,"column":28},"end":{"line":82,"column":null}},"4":{"start":{"line":25,"column":19},"end":{"line":74,"column":null}},"5":{"start":{"line":35,"column":8},"end":{"line":42,"column":null}},"6":{"start":{"line":45,"column":8},"end":{"line":53,"column":null}},"7":{"start":{"line":56,"column":8},"end":{"line":64,"column":null}},"8":{"start":{"line":67,"column":24},"end":{"line":67,"column":34}},"9":{"start":{"line":68,"column":8},"end":{"line":70,"column":null}},"10":{"start":{"line":69,"column":10},"end":{"line":69,"column":null}},"11":{"start":{"line":73,"column":37},"end":{"line":73,"column":null}},"12":{"start":{"line":78,"column":8},"end":{"line":80,"column":null}},"13":{"start":{"line":80,"column":30},"end":{"line":80,"column":36}}},"fnMap":{"0":{"name":"(anonymous_1)","decl":{"start":{"line":25,"column":4},"end":{"line":25,"column":5}},"loc":{"start":{"line":25,"column":19},"end":{"line":74,"column":null}}},"1":{"name":"(anonymous_2)","decl":{"start":{"line":34,"column":15},"end":{"line":34,"column":16}},"loc":{"start":{"line":35,"column":8},"end":{"line":42,"column":null}}},"2":{"name":"(anonymous_3)","decl":{"start":{"line":44,"column":17},"end":{"line":44,"column":null}},"loc":{"start":{"line":45,"column":8},"end":{"line":53,"column":null}}},"3":{"name":"(anonymous_4)","decl":{"start":{"line":55,"column":14},"end":{"line":55,"column":null}},"loc":{"start":{"line":56,"column":8},"end":{"line":64,"column":null}}},"4":{"name":"(anonymous_5)","decl":{"start":{"line":66,"column":18},"end":{"line":66,"column":19}},"loc":{"start":{"line":66,"column":19},"end":{"line":71,"column":null}}},"5":{"name":"(anonymous_6)","decl":{"start":{"line":73,"column":24},"end":{"line":73,"column":25}},"loc":{"start":{"line":73,"column":37},"end":{"line":73,"column":null}}},"6":{"name":"(anonymous_7)","decl":{"start":{"line":77,"column":33},"end":{"line":77,"column":null}},"loc":{"start":{"line":78,"column":8},"end":{"line":80,"column":null}}},"7":{"name":"(anonymous_8)","decl":{"start":{"line":80,"column":24},"end":{"line":80,"column":30}},"loc":{"start":{"line":80,"column":30},"end":{"line":80,"column":36}}},"8":{"name":"(anonymous_9)","decl":{"start":{"line":80,"column":45},"end":{"line":80,"column":52}},"loc":{"start":{"line":80,"column":45},"end":{"line":80,"column":55}}},"9":{"name":"(anonymous_10)","decl":{"start":{"line":80,"column":67},"end":{"line":80,"column":74}},"loc":{"start":{"line":80,"column":67},"end":{"line":80,"column":76}}}},"branchMap":{"0":{"loc":{"start":{"line":41,"column":22},"end":{"line":41,"column":null}},"type":"binary-expr","locations":[{"start":{"line":41,"column":22},"end":{"line":41,"column":36}},{"start":{"line":41,"column":36},"end":{"line":41,"column":null}}]},"1":{"loc":{"start":{"line":68,"column":8},"end":{"line":70,"column":null}},"type":"if","locations":[{"start":{"line":68,"column":8},"end":{"line":70,"column":null}},{"start":{},"end":{}}]},"2":{"loc":{"start":{"line":78,"column":8},"end":{"line":80,"column":null}},"type":"cond-expr","locations":[{"start":{"line":79,"column":12},"end":{"line":79,"column":null}},{"start":{"line":80,"column":13},"end":{"line":80,"column":null}}]}},"s":{"0":20,"1":1,"2":1,"3":1,"4":1,"5":4,"6":6,"7":1,"8":2,"9":2,"10":1,"11":1,"12":1,"13":0},"f":{"0":1,"1":4,"2":6,"3":1,"4":2,"5":1,"6":1,"7":0,"8":0,"9":0},"b":{"0":[4,2],"1":[1,1],"2":[1,0]}}
,"C:\\Users\\karthik\\Desktop\\Whizzgit\\clinivio-frontend\\src\\store\\ui.store.ts": {"path":"C:\\Users\\karthik\\Desktop\\Whizzgit\\clinivio-frontend\\src\\store\\ui.store.ts","statementMap":{"0":{"start":{"line":11,"column":13},"end":{"line":11,"column":26}},"1":{"start":{"line":1,"column":23},"end":{"line":1,"column":null}},"2":{"start":{"line":11,"column":26},"end":{"line":18,"column":null}},"3":{"start":{"line":11,"column":52},"end":{"line":18,"column":null}},"4":{"start":{"line":15,"column":28},"end":{"line":15,"column":null}},"5":{"start":{"line":16,"column":23},"end":{"line":16,"column":null}},"6":{"start":{"line":16,"column":35},"end":{"line":16,"column":null}},"7":{"start":{"line":17,"column":27},"end":{"line":17,"column":null}}},"fnMap":{"0":{"name":"(anonymous_1)","decl":{"start":{"line":11,"column":42},"end":{"line":11,"column":43}},"loc":{"start":{"line":11,"column":52},"end":{"line":18,"column":null}}},"1":{"name":"(anonymous_2)","decl":{"start":{"line":15,"column":18},"end":{"line":15,"column":19}},"loc":{"start":{"line":15,"column":28},"end":{"line":15,"column":null}}},"2":{"name":"(anonymous_3)","decl":{"start":{"line":16,"column":17},"end":{"line":16,"column":23}},"loc":{"start":{"line":16,"column":23},"end":{"line":16,"column":null}}},"3":{"name":"(anonymous_4)","decl":{"start":{"line":16,"column":27},"end":{"line":16,"column":28}},"loc":{"start":{"line":16,"column":35},"end":{"line":16,"column":null}}},"4":{"name":"(anonymous_5)","decl":{"start":{"line":17,"column":16},"end":{"line":17,"column":17}},"loc":{"start":{"line":17,"column":27},"end":{"line":17,"column":null}}}},"branchMap":{},"s":{"0":0,"1":0,"2":0,"3":0,"4":0,"5":0,"6":0,"7":0},"f":{"0":0,"1":0,"2":0,"3":0,"4":0},"b":{}}
}
