TN:
SF:src\app\(dashboard)\hrms\constants.ts
FN:35,fmtDate
FN:40,currency
FNF:2
FNH:0
FNDA:0,fmtDate
FNDA:0,currency
DA:1,0
DA:12,0
DA:20,0
DA:27,0
DA:33,0
DA:35,0
DA:36,0
DA:37,0
DA:40,0
DA:41,0
DA:42,0
LF:11
LH:0
BRDA:36,0,0,0
BRDA:36,0,1,0
BRDA:41,1,0,0
BRDA:41,1,1,0
BRF:4
BRH:0
end_of_record
TN:
SF:src\app\(dashboard)\hrms\hooks.ts
FN:15,useShifts
FN:18,(anonymous_21)
FN:29,useMyShifts
FN:32,(anonymous_23)
FN:36,useCreateShift
FN:39,(anonymous_25)
FN:47,(anonymous_26)
FN:53,useAttendance
FN:56,(anonymous_28)
FN:68,useMyAttendance
FN:71,(anonymous_30)
FN:75,useMarkAttendance
FN:78,(anonymous_32)
FN:80,(anonymous_33)
FN:86,useLeaveRequests
FN:89,(anonymous_35)
FN:99,useMyLeaveRequests
FN:102,(anonymous_37)
FN:106,useDecideLeave
FN:109,(anonymous_39)
FN:117,(anonymous_40)
FN:124,useApplyLeave
FN:127,(anonymous_42)
FN:129,(anonymous_43)
FN:133,useLeaveBalances
FN:136,(anonymous_45)
FN:147,useMyLeaveBalance
FN:150,(anonymous_47)
FN:154,useUpsertLeaveBalance
FN:157,(anonymous_49)
FN:159,(anonymous_50)
FN:165,useSalaryStructures
FN:168,(anonymous_52)
FN:177,useCreateSalaryStructure
FN:180,(anonymous_54)
FN:192,(anonymous_55)
FN:196,usePayrollRecords
FN:199,(anonymous_57)
FN:211,useCreatePayrollRecord
FN:214,(anonymous_59)
FN:226,(anonymous_60)
FN:230,useUpdatePayrollStatus
FN:233,(anonymous_62)
FN:235,(anonymous_63)
FN:241,useDirectoryLite
FN:244,(anonymous_65)
FNF:46
FNH:0
FNDA:0,useShifts
FNDA:0,(anonymous_21)
FNDA:0,useMyShifts
FNDA:0,(anonymous_23)
FNDA:0,useCreateShift
FNDA:0,(anonymous_25)
FNDA:0,(anonymous_26)
FNDA:0,useAttendance
FNDA:0,(anonymous_28)
FNDA:0,useMyAttendance
FNDA:0,(anonymous_30)
FNDA:0,useMarkAttendance
FNDA:0,(anonymous_32)
FNDA:0,(anonymous_33)
FNDA:0,useLeaveRequests
FNDA:0,(anonymous_35)
FNDA:0,useMyLeaveRequests
FNDA:0,(anonymous_37)
FNDA:0,useDecideLeave
FNDA:0,(anonymous_39)
FNDA:0,(anonymous_40)
FNDA:0,useApplyLeave
FNDA:0,(anonymous_42)
FNDA:0,(anonymous_43)
FNDA:0,useLeaveBalances
FNDA:0,(anonymous_45)
FNDA:0,useMyLeaveBalance
FNDA:0,(anonymous_47)
FNDA:0,useUpsertLeaveBalance
FNDA:0,(anonymous_49)
FNDA:0,(anonymous_50)
FNDA:0,useSalaryStructures
FNDA:0,(anonymous_52)
FNDA:0,useCreateSalaryStructure
FNDA:0,(anonymous_54)
FNDA:0,(anonymous_55)
FNDA:0,usePayrollRecords
FNDA:0,(anonymous_57)
FNDA:0,useCreatePayrollRecord
FNDA:0,(anonymous_59)
FNDA:0,(anonymous_60)
FNDA:0,useUpdatePayrollStatus
FNDA:0,(anonymous_62)
FNDA:0,(anonymous_63)
FNDA:0,useDirectoryLite
FNDA:0,(anonymous_65)
DA:1,0
DA:2,0
DA:15,0
DA:16,0
DA:19,0
DA:20,0
DA:21,0
DA:22,0
DA:23,0
DA:24,0
DA:29,0
DA:30,0
DA:32,0
DA:36,0
DA:37,0
DA:38,0
DA:46,0
DA:47,0
DA:53,0
DA:54,0
DA:57,0
DA:58,0
DA:59,0
DA:60,0
DA:61,0
DA:62,0
DA:63,0
DA:68,0
DA:69,0
DA:71,0
DA:75,0
DA:76,0
DA:77,0
DA:79,0
DA:80,0
DA:86,0
DA:87,0
DA:90,0
DA:91,0
DA:92,0
DA:93,0
DA:94,0
DA:99,0
DA:100,0
DA:102,0
DA:106,0
DA:107,0
DA:108,0
DA:116,0
DA:118,0
DA:119,0
DA:124,0
DA:125,0
DA:126,0
DA:128,0
DA:129,0
DA:133,0
DA:134,0
DA:137,0
DA:138,0
DA:139,0
DA:140,0
DA:141,0
DA:147,0
DA:148,0
DA:150,0
DA:154,0
DA:155,0
DA:156,0
DA:158,0
DA:159,0
DA:165,0
DA:166,0
DA:169,0
DA:170,0
DA:171,0
DA:177,0
DA:178,0
DA:179,0
DA:191,0
DA:192,0
DA:196,0
DA:197,0
DA:200,0
DA:201,0
DA:202,0
DA:203,0
DA:204,0
DA:205,0
DA:206,0
DA:211,0
DA:212,0
DA:213,0
DA:225,0
DA:226,0
DA:230,0
DA:231,0
DA:232,0
DA:234,0
DA:235,0
DA:241,0
DA:242,0
DA:244,0
LF:103
LH:0
BRDA:15,0,0,0
BRDA:20,1,0,0
BRDA:20,1,1,0
BRDA:21,2,0,0
BRDA:21,2,1,0
BRDA:22,3,0,0
BRDA:22,3,1,0
BRDA:53,4,0,0
BRDA:58,5,0,0
BRDA:58,5,1,0
BRDA:59,6,0,0
BRDA:59,6,1,0
BRDA:60,7,0,0
BRDA:60,7,1,0
BRDA:61,8,0,0
BRDA:61,8,1,0
BRDA:86,9,0,0
BRDA:91,10,0,0
BRDA:91,10,1,0
BRDA:92,11,0,0
BRDA:92,11,1,0
BRDA:138,12,0,0
BRDA:138,12,1,0
BRDA:139,13,0,0
BRDA:139,13,1,0
BRDA:169,14,0,0
BRDA:169,14,1,0
BRDA:196,15,0,0
BRDA:201,16,0,0
BRDA:201,16,1,0
BRDA:202,17,0,0
BRDA:202,17,1,0
BRDA:203,18,0,0
BRDA:203,18,1,0
BRDA:204,19,0,0
BRDA:204,19,1,0
BRF:36
BRH:0
end_of_record
TN:
SF:src\app\(dashboard)\lab\BillingTab.tsx
FN:14,CashOrderModal
FN:31,searchPatients
FN:40,toggleTest
FN:41,(anonymous_5)
FN:41,(anonymous_6)
FN:44,handleSubmit
FN:78,(anonymous_8)
FN:82,(anonymous_9)
FN:92,(anonymous_10)
FN:97,(anonymous_11)
FN:102,(anonymous_12)
FN:112,(anonymous_13)
FN:116,(anonymous_14)
FN:120,(anonymous_15)
FN:121,(anonymous_16)
FN:136,(anonymous_17)
FN:138,(anonymous_18)
FN:149,(anonymous_19)
FN:150,(anonymous_20)
FN:172,BillingOrderRow
FN:173,(anonymous_22)
FN:188,BillingTab
FN:197,(anonymous_24)
FN:198,(anonymous_25)
FN:204,(anonymous_26)
FN:205,(anonymous_27)
FN:213,(anonymous_28)
FN:238,(anonymous_29)
FN:238,(anonymous_30)
FN:261,(anonymous_31)
FN:261,(anonymous_32)
FN:284,(anonymous_33)
FN:284,(anonymous_34)
FN:291,(anonymous_35)
FN:291,(anonymous_36)
FN:293,(anonymous_37)
FN:294,(anonymous_38)
FNF:37
FNH:0
FNDA:0,CashOrderModal
FNDA:0,searchPatients
FNDA:0,toggleTest
FNDA:0,(anonymous_5)
FNDA:0,(anonymous_6)
FNDA:0,handleSubmit
FNDA:0,(anonymous_8)
FNDA:0,(anonymous_9)
FNDA:0,(anonymous_10)
FNDA:0,(anonymous_11)
FNDA:0,(anonymous_12)
FNDA:0,(anonymous_13)
FNDA:0,(anonymous_14)
FNDA:0,(anonymous_15)
FNDA:0,(anonymous_16)
FNDA:0,(anonymous_17)
FNDA:0,(anonymous_18)
FNDA:0,(anonymous_19)
FNDA:0,(anonymous_20)
FNDA:0,BillingOrderRow
FNDA:0,(anonymous_22)
FNDA:0,BillingTab
FNDA:0,(anonymous_24)
FNDA:0,(anonymous_25)
FNDA:0,(anonymous_26)
FNDA:0,(anonymous_27)
FNDA:0,(anonymous_28)
FNDA:0,(anonymous_29)
FNDA:0,(anonymous_30)
FNDA:0,(anonymous_31)
FNDA:0,(anonymous_32)
FNDA:0,(anonymous_33)
FNDA:0,(anonymous_34)
FNDA:0,(anonymous_35)
FNDA:0,(anonymous_36)
FNDA:0,(anonymous_37)
FNDA:0,(anonymous_38)
DA:2,0
DA:3,0
DA:4,0
DA:5,0
DA:6,0
DA:7,0
DA:8,0
DA:9,0
DA:15,0
DA:16,0
DA:17,0
DA:18,0
DA:20,0
DA:21,0
DA:22,0
DA:23,0
DA:24,0
DA:25,0
DA:26,0
DA:27,0
DA:28,0
DA:29,0
DA:32,0
DA:33,0
DA:34,0
DA:35,0
DA:36,0
DA:41,0
DA:45,0
DA:46,0
DA:47,0
DA:48,0
DA:49,0
DA:50,0
DA:51,0
DA:60,0
DA:61,0
DA:62,0
DA:64,0
DA:65,0
DA:78,0
DA:82,0
DA:92,0
DA:97,0
DA:102,0
DA:112,0
DA:116,0
DA:121,0
DA:137,0
DA:138,0
DA:150,0
DA:173,0
DA:174,0
DA:188,0
DA:189,0
DA:190,0
DA:191,0
DA:193,0
DA:194,0
DA:195,0
DA:197,0
DA:198,0
DA:205,0
DA:213,0
DA:238,0
DA:261,0
DA:284,0
DA:291,0
DA:293,0
DA:294,0
LF:70
LH:0
BRDA:17,0,0,0
BRDA:33,1,0,0
BRDA:33,1,1,0
BRDA:36,2,0,0
BRDA:36,2,1,0
BRDA:41,3,0,0
BRDA:41,3,1,0
BRDA:47,4,0,0
BRDA:47,4,1,0
BRDA:48,5,0,0
BRDA:48,5,1,0
BRDA:48,6,0,0
BRDA:48,6,1,0
BRDA:49,7,0,0
BRDA:49,7,1,0
BRDA:49,8,0,0
BRDA:49,8,1,0
BRDA:52,9,0,0
BRDA:52,9,1,0
BRDA:53,10,0,0
BRDA:53,10,1,0
BRDA:54,11,0,0
BRDA:54,11,1,0
BRDA:54,12,0,0
BRDA:54,12,1,0
BRDA:55,13,0,0
BRDA:55,13,1,0
BRDA:55,14,0,0
BRDA:55,14,1,0
BRDA:56,15,0,0
BRDA:56,15,1,0
BRDA:65,16,0,0
BRDA:65,16,1,0
BRDA:79,17,0,0
BRDA:79,17,1,0
BRDA:83,18,0,0
BRDA:83,18,1,0
BRDA:89,19,0,0
BRDA:110,20,0,0
BRDA:118,21,0,0
BRDA:151,22,0,0
BRDA:151,22,1,0
BRDA:158,23,0,0
BRDA:163,24,0,0
BRDA:163,24,1,0
BRDA:174,25,0,0
BRDA:174,25,1,0
BRDA:174,26,0,0
BRDA:174,26,1,0
BRDA:197,27,0,0
BRDA:197,27,1,0
BRDA:197,28,0,0
BRDA:197,28,1,0
BRDA:197,28,2,0
BRDA:198,29,0,0
BRDA:198,29,1,0
BRDA:207,30,0,0
BRDA:207,30,1,0
BRDA:212,31,0,0
BRDA:220,32,0,0
BRDA:220,32,1,0
BRDA:221,33,0,0
BRDA:221,33,1,0
BRDA:243,34,0,0
BRDA:243,34,1,0
BRDA:244,35,0,0
BRDA:244,35,1,0
BRDA:266,36,0,0
BRDA:266,36,1,0
BRDA:267,37,0,0
BRDA:267,37,1,0
BRDA:267,38,0,0
BRDA:267,38,1,0
BRDA:284,39,0,0
BRDA:284,39,1,0
BRDA:291,40,0,0
BRDA:292,41,0,0
BRF:77
BRH:0
end_of_record
TN:
SF:src\app\(dashboard)\lab\IPRequestsTab.tsx
FN:10,NewIPOrderModal
FN:17,(anonymous_2)
FN:26,toggleTest
FN:27,(anonymous_4)
FN:27,(anonymous_5)
FN:30,handleSubmit
FN:63,(anonymous_7)
FN:66,(anonymous_8)
FN:76,(anonymous_9)
FN:78,(anonymous_10)
FN:90,(anonymous_11)
FN:91,(anonymous_12)
FN:101,(anonymous_13)
FN:107,(anonymous_14)
FN:124,IPRequestsTab
FN:137,(anonymous_16)
FN:140,(anonymous_17)
FN:144,(anonymous_18)
FN:145,(anonymous_19)
FN:173,(anonymous_20)
FN:174,(anonymous_21)
FN:195,(anonymous_22)
FN:195,(anonymous_23)
FNF:23
FNH:0
FNDA:0,NewIPOrderModal
FNDA:0,(anonymous_2)
FNDA:0,toggleTest
FNDA:0,(anonymous_4)
FNDA:0,(anonymous_5)
FNDA:0,handleSubmit
FNDA:0,(anonymous_7)
FNDA:0,(anonymous_8)
FNDA:0,(anonymous_9)
FNDA:0,(anonymous_10)
FNDA:0,(anonymous_11)
FNDA:0,(anonymous_12)
FNDA:0,(anonymous_13)
FNDA:0,(anonymous_14)
FNDA:0,IPRequestsTab
FNDA:0,(anonymous_16)
FNDA:0,(anonymous_17)
FNDA:0,(anonymous_18)
FNDA:0,(anonymous_19)
FNDA:0,(anonymous_20)
FNDA:0,(anonymous_21)
FNDA:0,(anonymous_22)
FNDA:0,(anonymous_23)
DA:2,0
DA:3,0
DA:4,0
DA:5,0
DA:6,0
DA:7,0
DA:11,0
DA:12,0
DA:13,0
DA:14,0
DA:15,0
DA:17,0
DA:19,0
DA:20,0
DA:21,0
DA:22,0
DA:23,0
DA:24,0
DA:27,0
DA:31,0
DA:32,0
DA:33,0
DA:34,0
DA:35,0
DA:36,0
DA:44,0
DA:45,0
DA:46,0
DA:48,0
DA:49,0
DA:63,0
DA:67,0
DA:77,0
DA:78,0
DA:91,0
DA:101,0
DA:107,0
DA:124,0
DA:125,0
DA:126,0
DA:127,0
DA:137,0
DA:141,0
DA:144,0
DA:145,0
DA:174,0
DA:195,0
LF:47
LH:0
BRDA:13,0,0,0
BRDA:14,1,0,0
BRDA:27,2,0,0
BRDA:27,2,1,0
BRDA:33,3,0,0
BRDA:33,3,1,0
BRDA:34,4,0,0
BRDA:34,4,1,0
BRDA:38,5,0,0
BRDA:38,5,1,0
BRDA:40,6,0,0
BRDA:40,6,1,0
BRDA:41,7,0,0
BRDA:41,7,1,0
BRDA:49,8,0,0
BRDA:49,8,1,0
BRDA:84,9,0,0
BRDA:93,10,0,0
BRDA:93,10,1,0
BRDA:110,11,0,0
BRDA:115,12,0,0
BRDA:115,12,1,0
BRDA:126,13,0,0
BRDA:126,14,0,0
BRDA:126,14,1,0
BRDA:154,15,0,0
BRDA:156,16,0,0
BRDA:177,17,0,0
BRDA:177,17,1,0
BRDA:180,18,0,0
BRDA:180,18,1,0
BRDA:181,19,0,0
BRDA:181,19,1,0
BRDA:195,20,0,0
BRF:34
BRH:0
end_of_record
TN:
SF:src\app\(dashboard)\lab\OrdersTab.tsx
FN:12,OrdersTab
FN:26,(anonymous_2)
FN:27,(anonymous_3)
FN:59,(anonymous_4)
FN:60,(anonymous_5)
FN:61,(anonymous_6)
FN:62,(anonymous_7)
FN:70,(anonymous_8)
FNF:8
FNH:0
FNDA:0,OrdersTab
FNDA:0,(anonymous_2)
FNDA:0,(anonymous_3)
FNDA:0,(anonymous_4)
FNDA:0,(anonymous_5)
FNDA:0,(anonymous_6)
FNDA:0,(anonymous_7)
FNDA:0,(anonymous_8)
DA:2,0
DA:3,0
DA:6,0
DA:12,0
DA:27,0
DA:60,0
DA:61,0
DA:62,0
DA:63,0
DA:66,0
DA:67,0
DA:70,0
LF:12
LH:0
BRDA:29,0,0,0
BRDA:29,0,1,0
BRDA:38,1,0,0
BRDA:40,2,0,0
BRDA:42,3,0,0
BRDA:42,3,1,0
BRDA:63,4,0,0
BRDA:63,4,1,0
BRDA:65,5,0,0
BRDA:65,5,1,0
BRDA:66,6,0,0
BRDA:66,6,1,0
BRDA:69,7,0,0
BRDA:69,7,1,0
BRDA:76,8,0,0
BRDA:76,8,1,0
BRDA:85,9,0,0
BRDA:85,9,1,0
BRDA:86,10,0,0
BRDA:86,10,1,0
BRDA:89,11,0,0
BRDA:100,12,0,0
BRF:22
BRH:0
end_of_record
TN:
SF:src\app\(dashboard)\lab\PaymentModal.tsx
FN:6,PaymentModal
FN:8,(anonymous_2)
FN:13,handleSubmit
FN:44,(anonymous_4)
FN:51,(anonymous_5)
FN:57,(anonymous_6)
FN:58,(anonymous_7)
FNF:7
FNH:0
FNDA:0,PaymentModal
FNDA:0,(anonymous_2)
FNDA:0,handleSubmit
FNDA:0,(anonymous_4)
FNDA:0,(anonymous_5)
FNDA:0,(anonymous_6)
FNDA:0,(anonymous_7)
DA:2,0
DA:3,0
DA:6,0
DA:7,0
DA:8,0
DA:9,0
DA:10,0
DA:11,0
DA:14,0
DA:15,0
DA:16,0
DA:17,0
DA:22,0
DA:24,0
DA:25,0
DA:26,0
DA:44,0
DA:51,0
DA:58,0
LF:19
LH:0
BRDA:8,0,0,0
BRDA:8,0,1,0
BRDA:18,1,0,0
BRDA:18,1,1,0
BRDA:19,2,0,0
BRDA:19,2,1,0
BRDA:25,3,0,0
BRDA:25,3,1,0
BRDA:40,4,0,0
BRDA:40,4,1,0
BRDA:40,5,0,0
BRDA:40,5,1,0
BRDA:47,6,0,0
BRDA:59,7,0,0
BRDA:59,7,1,0
BRDA:67,8,0,0
BRDA:71,9,0,0
BRDA:71,9,1,0
BRDA:71,10,0,0
BRDA:71,10,1,0
BRDA:71,11,0,0
BRDA:71,11,1,0
BRF:22
BRH:0
end_of_record
TN:
SF:src\app\(dashboard)\lab\ReportsTab.tsx
FN:8,ReportsTab
FN:23,(anonymous_2)
FN:35,(anonymous_3)
FN:66,(anonymous_4)
FN:99,(anonymous_5)
FN:100,(anonymous_6)
FNF:6
FNH:0
FNDA:0,ReportsTab
FNDA:0,(anonymous_2)
FNDA:0,(anonymous_3)
FNDA:0,(anonymous_4)
FNDA:0,(anonymous_5)
FNDA:0,(anonymous_6)
DA:2,0
DA:3,0
DA:4,0
DA:5,0
DA:8,0
DA:9,0
DA:10,0
DA:11,0
DA:23,0
DA:36,0
DA:67,0
DA:100,0
LF:12
LH:0
BRDA:11,0,0,0
BRDA:28,1,0,0
BRDA:46,2,0,0
BRDA:48,3,0,0
BRDA:50,4,0,0
BRDA:50,4,1,0
BRDA:67,5,0,0
BRDA:67,5,1,0
BRDA:72,6,0,0
BRDA:72,6,1,0
BRDA:75,7,0,0
BRDA:75,7,1,0
BRDA:76,8,0,0
BRDA:76,8,1,0
BRDA:92,9,0,0
BRDA:103,10,0,0
BRDA:103,10,1,0
BRDA:103,11,0,0
BRDA:103,11,1,0
BRF:19
BRH:0
end_of_record
TN:
SF:src\app\(dashboard)\lab\constants.ts
FN:28,fmtDate
FNF:1
FNH:0
FNDA:0,fmtDate
DA:5,0
DA:10,0
DA:14,0
DA:17,0
DA:20,0
DA:24,0
DA:28,0
DA:29,0
DA:30,0
LF:9
LH:0
BRDA:29,0,0,0
BRDA:29,0,1,0
BRF:2
BRH:0
end_of_record
TN:
SF:src\app\(dashboard)\lab\hooks.ts
FN:24,useOrders
FN:27,(anonymous_11)
FN:44,(anonymous_12)
FN:51,useIPRequests
FN:71,useCreateOrder
FN:74,(anonymous_15)
FN:78,(anonymous_16)
FN:85,useCollectPayment
FN:88,(anonymous_18)
FN:103,(anonymous_19)
FN:119,useTATReport
FN:122,(anonymous_21)
FN:150,useBulkImportResults
FN:153,(anonymous_23)
FN:160,(anonymous_24)
FN:168,useLabDashboard
FN:171,(anonymous_26)
FN:180,useTests
FN:183,(anonymous_28)
FN:198,useAdmissions
FN:201,(anonymous_30)
FNF:21
FNH:0
FNDA:0,useOrders
FNDA:0,(anonymous_11)
FNDA:0,(anonymous_12)
FNDA:0,useIPRequests
FNDA:0,useCreateOrder
FNDA:0,(anonymous_15)
FNDA:0,(anonymous_16)
FNDA:0,useCollectPayment
FNDA:0,(anonymous_18)
FNDA:0,(anonymous_19)
FNDA:0,useTATReport
FNDA:0,(anonymous_21)
FNDA:0,useBulkImportResults
FNDA:0,(anonymous_23)
FNDA:0,(anonymous_24)
FNDA:0,useLabDashboard
FNDA:0,(anonymous_26)
FNDA:0,useTests
FNDA:0,(anonymous_28)
FNDA:0,useAdmissions
FNDA:0,(anonymous_30)
DA:1,0
DA:2,0
DA:24,0
DA:25,0
DA:28,0
DA:29,0
DA:30,0
DA:31,0
DA:32,0
DA:33,0
DA:34,0
DA:35,0
DA:36,0
DA:37,0
DA:40,0
DA:43,0
DA:44,0
DA:46,0
DA:51,0
DA:52,0
DA:71,0
DA:72,0
DA:73,0
DA:75,0
DA:76,0
DA:79,0
DA:80,0
DA:85,0
DA:86,0
DA:87,0
DA:97,0
DA:101,0
DA:104,0
DA:119,0
DA:120,0
DA:123,0
DA:124,0
DA:125,0
DA:126,0
DA:127,0
DA:128,0
DA:129,0
DA:130,0
DA:131,0
DA:132,0
DA:150,0
DA:151,0
DA:152,0
DA:154,0
DA:158,0
DA:161,0
DA:168,0
DA:169,0
DA:172,0
DA:173,0
DA:180,0
DA:181,0
DA:184,0
DA:185,0
DA:186,0
DA:187,0
DA:188,0
DA:191,0
DA:198,0
DA:199,0
DA:202,0
DA:203,0
DA:206,0
LF:68
LH:0
BRDA:24,0,0,0
BRDA:24,1,0,0
BRDA:24,2,0,0
BRDA:29,3,0,0
BRDA:29,3,1,0
BRDA:30,4,0,0
BRDA:30,4,1,0
BRDA:31,5,0,0
BRDA:31,5,1,0
BRDA:32,6,0,0
BRDA:32,6,1,0
BRDA:33,7,0,0
BRDA:33,7,1,0
BRDA:34,8,0,0
BRDA:34,8,1,0
BRDA:40,9,0,0
BRDA:40,9,1,0
BRDA:43,10,0,0
BRDA:43,10,1,0
BRDA:51,11,0,0
BRDA:51,12,0,0
BRDA:119,13,0,0
BRDA:119,14,0,0
BRDA:119,15,0,0
BRDA:124,16,0,0
BRDA:124,16,1,0
BRDA:125,17,0,0
BRDA:125,17,1,0
BRDA:126,18,0,0
BRDA:126,18,1,0
BRDA:127,19,0,0
BRDA:127,19,1,0
BRDA:128,20,0,0
BRDA:128,20,1,0
BRDA:168,21,0,0
BRDA:180,22,0,0
BRDA:182,23,0,0
BRDA:182,23,1,0
BRDA:182,24,0,0
BRDA:182,24,1,0
BRDA:185,25,0,0
BRDA:185,25,1,0
BRDA:186,26,0,0
BRDA:186,26,1,0
BRDA:187,27,0,0
BRDA:187,27,1,0
BRDA:191,28,0,0
BRDA:191,28,1,0
BRDA:200,29,0,0
BRDA:200,29,1,0
BRDA:202,30,0,0
BRDA:202,30,1,0
BRF:52
BRH:0
end_of_record
TN:
SF:src\app\(dashboard)\pharmacy\PurchaseModal.tsx
FN:14,PurchaseModal
FN:27,(anonymous_3)
FN:30,(anonymous_4)
FN:31,(anonymous_5)
FN:34,searchInv
FN:36,(anonymous_7)
FN:37,(anonymous_8)
FN:40,(anonymous_9)
FN:45,pickInv
FN:46,(anonymous_11)
FN:46,(anonymous_12)
FN:51,(anonymous_13)
FN:54,(anonymous_14)
FN:55,(anonymous_15)
FN:55,(anonymous_16)
FN:57,handleSubmit
FN:61,(anonymous_18)
FN:70,(anonymous_19)
FN:83,(anonymous_20)
FN:106,(anonymous_21)
FN:106,(anonymous_22)
FN:107,(anonymous_23)
FN:107,(anonymous_24)
FN:112,(anonymous_25)
FN:112,(anonymous_26)
FN:118,(anonymous_27)
FN:118,(anonymous_28)
FN:126,(anonymous_29)
FN:126,(anonymous_30)
FN:130,(anonymous_31)
FN:138,(anonymous_32)
FN:145,(anonymous_33)
FN:149,(anonymous_34)
FN:149,(anonymous_35)
FN:149,(anonymous_36)
FN:155,(anonymous_37)
FN:156,(anonymous_38)
FN:168,(anonymous_39)
FN:168,(anonymous_40)
FN:168,(anonymous_41)
FN:184,(anonymous_42)
FN:192,(anonymous_43)
FN:212,(anonymous_44)
FN:212,(anonymous_45)
FNF:44
FNH:0
FNDA:0,PurchaseModal
FNDA:0,(anonymous_3)
FNDA:0,(anonymous_4)
FNDA:0,(anonymous_5)
FNDA:0,searchInv
FNDA:0,(anonymous_7)
FNDA:0,(anonymous_8)
FNDA:0,(anonymous_9)
FNDA:0,pickInv
FNDA:0,(anonymous_11)
FNDA:0,(anonymous_12)
FNDA:0,(anonymous_13)
FNDA:0,(anonymous_14)
FNDA:0,(anonymous_15)
FNDA:0,(anonymous_16)
FNDA:0,handleSubmit
FNDA:0,(anonymous_18)
FNDA:0,(anonymous_19)
FNDA:0,(anonymous_20)
FNDA:0,(anonymous_21)
FNDA:0,(anonymous_22)
FNDA:0,(anonymous_23)
FNDA:0,(anonymous_24)
FNDA:0,(anonymous_25)
FNDA:0,(anonymous_26)
FNDA:0,(anonymous_27)
FNDA:0,(anonymous_28)
FNDA:0,(anonymous_29)
FNDA:0,(anonymous_30)
FNDA:0,(anonymous_31)
FNDA:0,(anonymous_32)
FNDA:0,(anonymous_33)
FNDA:0,(anonymous_34)
FNDA:0,(anonymous_35)
FNDA:0,(anonymous_36)
FNDA:0,(anonymous_37)
FNDA:0,(anonymous_38)
FNDA:0,(anonymous_39)
FNDA:0,(anonymous_40)
FNDA:0,(anonymous_41)
FNDA:0,(anonymous_42)
FNDA:0,(anonymous_43)
FNDA:0,(anonymous_44)
FNDA:0,(anonymous_45)
DA:2,0
DA:3,0
DA:4,0
DA:5,0
DA:8,0
DA:14,0
DA:15,0
DA:16,0
DA:21,0
DA:22,0
DA:23,0
DA:24,0
DA:25,0
DA:27,0
DA:28,0
DA:30,0
DA:31,0
DA:32,0
DA:35,0
DA:36,0
DA:37,0
DA:38,0
DA:39,0
DA:40,0
DA:46,0
DA:51,0
DA:54,0
DA:55,0
DA:58,0
DA:59,0
DA:60,0
DA:61,0
DA:62,0
DA:63,0
DA:64,0
DA:70,0
DA:72,0
DA:73,0
DA:74,0
DA:76,0
DA:77,0
DA:79,0
DA:83,0
DA:106,0
DA:107,0
DA:112,0
DA:118,0
DA:126,0
DA:131,0
DA:138,0
DA:146,0
DA:147,0
DA:149,0
DA:156,0
DA:168,0
DA:185,0
DA:192,0
DA:212,0
LF:58
LH:0
BRDA:35,0,0,0
BRDA:35,0,1,0
BRDA:36,1,0,0
BRDA:36,1,1,0
BRDA:36,2,0,0
BRDA:36,2,1,0
BRDA:40,3,0,0
BRDA:40,3,1,0
BRDA:40,4,0,0
BRDA:40,4,1,0
BRDA:46,5,0,0
BRDA:46,5,1,0
BRDA:49,6,0,0
BRDA:49,6,1,0
BRDA:49,7,0,0
BRDA:49,7,1,0
BRDA:55,8,0,0
BRDA:55,8,1,0
BRDA:60,9,0,0
BRDA:60,9,1,0
BRDA:60,10,0,0
BRDA:60,10,1,0
BRDA:61,11,0,0
BRDA:61,11,1,0
BRDA:65,12,0,0
BRDA:65,12,1,0
BRDA:66,13,0,0
BRDA:66,13,1,0
BRDA:77,14,0,0
BRDA:77,14,1,0
BRDA:136,15,0,0
BRDA:153,16,0,0
BRDA:153,17,0,0
BRDA:153,17,1,0
BRDA:159,18,0,0
BRDA:167,19,0,0
BRDA:190,20,0,0
BRDA:190,20,1,0
BRDA:191,21,0,0
BRDA:191,21,1,0
BRDA:192,22,0,0
BRDA:192,22,1,0
BRDA:201,23,0,0
BRDA:232,24,0,0
BRDA:244,25,0,0
BRDA:245,26,0,0
BRDA:245,26,1,0
BRF:47
BRH:0
end_of_record
TN:
SF:src\app\(dashboard)\pharmacy\PurchaseReturnsTab.tsx
FN:41,PurchaseReturnModal
FN:60,(anonymous_5)
FN:62,(anonymous_6)
FN:64,searchInv
FN:66,(anonymous_8)
FN:67,(anonymous_9)
FN:70,(anonymous_10)
FN:75,pickInv
FN:76,(anonymous_12)
FN:76,(anonymous_13)
FN:81,(anonymous_14)
FN:84,(anonymous_15)
FN:85,(anonymous_16)
FN:85,(anonymous_17)
FN:87,handleSubmit
FN:91,(anonymous_19)
FN:102,(anonymous_20)
FN:123,(anonymous_21)
FN:149,(anonymous_22)
FN:154,(anonymous_23)
FN:159,(anonymous_24)
FN:169,(anonymous_25)
FN:169,(anonymous_26)
FN:174,(anonymous_27)
FN:188,(anonymous_28)
FN:189,(anonymous_29)
FN:189,(anonymous_30)
FN:189,(anonymous_31)
FN:195,(anonymous_32)
FN:196,(anonymous_33)
FN:208,(anonymous_34)
FN:208,(anonymous_35)
FN:208,(anonymous_36)
FN:220,(anonymous_37)
FN:226,(anonymous_38)
FN:232,(anonymous_39)
FN:237,(anonymous_40)
FN:239,(anonymous_41)
FN:255,(anonymous_42)
FN:281,PurchaseReturnsTab
FN:289,(anonymous_44)
FN:300,(anonymous_45)
FN:329,(anonymous_46)
FN:330,(anonymous_47)
FN:348,(anonymous_48)
FN:348,(anonymous_49)
FN:350,(anonymous_50)
FN:350,(anonymous_51)
FN:380,(anonymous_52)
FN:404,(anonymous_53)
FN:404,(anonymous_54)
FNF:51
FNH:0
FNDA:0,PurchaseReturnModal
FNDA:0,(anonymous_5)
FNDA:0,(anonymous_6)
FNDA:0,searchInv
FNDA:0,(anonymous_8)
FNDA:0,(anonymous_9)
FNDA:0,(anonymous_10)
FNDA:0,pickInv
FNDA:0,(anonymous_12)
FNDA:0,(anonymous_13)
FNDA:0,(anonymous_14)
FNDA:0,(anonymous_15)
FNDA:0,(anonymous_16)
FNDA:0,(anonymous_17)
FNDA:0,handleSubmit
FNDA:0,(anonymous_19)
FNDA:0,(anonymous_20)
FNDA:0,(anonymous_21)
FNDA:0,(anonymous_22)
FNDA:0,(anonymous_23)
FNDA:0,(anonymous_24)
FNDA:0,(anonymous_25)
FNDA:0,(anonymous_26)
FNDA:0,(anonymous_27)
FNDA:0,(anonymous_28)
FNDA:0,(anonymous_29)
FNDA:0,(anonymous_30)
FNDA:0,(anonymous_31)
FNDA:0,(anonymous_32)
FNDA:0,(anonymous_33)
FNDA:0,(anonymous_34)
FNDA:0,(anonymous_35)
FNDA:0,(anonymous_36)
FNDA:0,(anonymous_37)
FNDA:0,(anonymous_38)
FNDA:0,(anonymous_39)
FNDA:0,(anonymous_40)
FNDA:0,(anonymous_41)
FNDA:0,(anonymous_42)
FNDA:0,PurchaseReturnsTab
FNDA:0,(anonymous_44)
FNDA:0,(anonymous_45)
FNDA:0,(anonymous_46)
FNDA:0,(anonymous_47)
FNDA:0,(anonymous_48)
FNDA:0,(anonymous_49)
FNDA:0,(anonymous_50)
FNDA:0,(anonymous_51)
FNDA:0,(anonymous_52)
FNDA:0,(anonymous_53)
FNDA:0,(anonymous_54)
DA:2,0
DA:3,0
DA:4,0
DA:5,0
DA:6,0
DA:10,0
DA:11,0
DA:36,0
DA:41,0
DA:48,0
DA:49,0
DA:50,0
DA:51,0
DA:52,0
DA:53,0
DA:54,0
DA:55,0
DA:56,0
DA:57,0
DA:58,0
DA:60,0
DA:61,0
DA:62,0
DA:65,0
DA:66,0
DA:67,0
DA:68,0
DA:69,0
DA:70,0
DA:76,0
DA:81,0
DA:84,0
DA:85,0
DA:88,0
DA:89,0
DA:90,0
DA:91,0
DA:92,0
DA:93,0
DA:95,0
DA:96,0
DA:102,0
DA:114,0
DA:115,0
DA:116,0
DA:118,0
DA:119,0
DA:123,0
DA:149,0
DA:154,0
DA:159,0
DA:169,0
DA:175,0
DA:188,0
DA:189,0
DA:196,0
DA:208,0
DA:220,0
DA:226,0
DA:232,0
DA:237,0
DA:239,0
DA:255,0
DA:281,0
DA:282,0
DA:283,0
DA:284,0
DA:285,0
DA:286,0
DA:287,0
DA:289,0
DA:290,0
DA:291,0
DA:300,0
DA:330,0
DA:348,0
DA:350,0
DA:381,0
DA:404,0
LF:79
LH:0
BRDA:50,0,0,0
BRDA:50,0,1,0
BRDA:51,1,0,0
BRDA:51,1,1,0
BRDA:55,2,0,0
BRDA:55,2,1,0
BRDA:65,3,0,0
BRDA:65,3,1,0
BRDA:66,4,0,0
BRDA:66,4,1,0
BRDA:66,5,0,0
BRDA:66,5,1,0
BRDA:70,6,0,0
BRDA:70,6,1,0
BRDA:70,7,0,0
BRDA:70,7,1,0
BRDA:76,8,0,0
BRDA:76,8,1,0
BRDA:78,9,0,0
BRDA:78,9,1,0
BRDA:78,10,0,0
BRDA:78,10,1,0
BRDA:79,11,0,0
BRDA:79,11,1,0
BRDA:85,12,0,0
BRDA:85,12,1,0
BRDA:90,13,0,0
BRDA:90,13,1,0
BRDA:91,14,0,0
BRDA:91,14,1,0
BRDA:91,15,0,0
BRDA:91,15,1,0
BRDA:99,16,0,0
BRDA:99,16,1,0
BRDA:101,17,0,0
BRDA:101,17,1,0
BRDA:103,18,0,0
BRDA:103,18,1,0
BRDA:106,19,0,0
BRDA:106,19,1,0
BRDA:107,20,0,0
BRDA:107,20,1,0
BRDA:110,21,0,0
BRDA:110,21,1,0
BRDA:119,22,0,0
BRDA:119,22,1,0
BRDA:132,23,0,0
BRDA:132,23,1,0
BRDA:168,24,0,0
BRDA:180,25,0,0
BRDA:179,26,0,0
BRDA:179,26,1,0
BRDA:182,27,0,0
BRDA:193,28,0,0
BRDA:193,29,0,0
BRDA:193,29,1,0
BRDA:207,30,0,0
BRDA:207,30,1,0
BRDA:217,31,0,0
BRDA:217,31,1,0
BRDA:259,32,0,0
BRDA:271,33,0,0
BRDA:272,34,0,0
BRDA:272,34,1,0
BRDA:286,35,0,0
BRDA:286,35,1,0
BRDA:290,36,0,0
BRDA:290,36,1,0
BRDA:291,37,0,0
BRDA:291,37,1,0
BRDA:299,38,0,0
BRDA:309,39,0,0
BRDA:311,40,0,0
BRDA:330,41,0,0
BRDA:330,41,1,0
BRDA:331,42,0,0
BRDA:331,42,1,0
BRDA:332,43,0,0
BRDA:332,43,1,0
BRDA:333,44,0,0
BRDA:333,44,1,0
BRDA:337,45,0,0
BRDA:337,45,1,0
BRDA:344,46,0,0
BRDA:344,46,1,0
BRDA:363,47,0,0
BRDA:370,48,0,0
BRDA:370,48,1,0
BRDA:371,49,0,0
BRDA:375,50,0,0
BRDA:380,51,0,0
BRDA:380,51,1,0
BRDA:388,52,0,0
BRDA:403,53,0,0
BRF:94
BRH:0
end_of_record
TN:
SF:src\app\(dashboard)\pharmacy\StockLedgerDrawer.tsx
FN:20,StockLedgerDrawer
FN:56,(anonymous_2)
FN:91,(anonymous_3)
FN:91,(anonymous_4)
FN:93,(anonymous_5)
FN:93,(anonymous_6)
FNF:6
FNH:0
FNDA:0,StockLedgerDrawer
FNDA:0,(anonymous_2)
FNDA:0,(anonymous_3)
FNDA:0,(anonymous_4)
FNDA:0,(anonymous_5)
FNDA:0,(anonymous_6)
DA:2,0
DA:3,0
DA:6,0
DA:13,0
DA:20,0
DA:27,0
DA:28,0
DA:29,0
DA:30,0
DA:57,0
DA:58,0
DA:59,0
DA:91,0
DA:93,0
LF:14
LH:0
BRDA:29,0,0,0
BRDA:29,0,1,0
BRDA:48,1,0,0
BRDA:50,2,0,0
BRDA:65,3,0,0
BRDA:65,3,1,0
BRDA:66,4,0,0
BRDA:66,4,1,0
BRDA:73,5,0,0
BRDA:73,5,1,0
BRDA:75,6,0,0
BRDA:76,7,0,0
BRDA:76,8,0,0
BRDA:76,8,1,0
BRDA:79,9,0,0
BRDA:87,10,0,0
BRDA:87,10,1,0
BRF:17
BRH:0
end_of_record
TN:
SF:src\app\(dashboard)\pharmacy\VendorPicker.tsx
FN:10,VendorPicker
FN:31,(anonymous_2)
FN:42,(anonymous_3)
FN:47,(anonymous_4)
FN:48,(anonymous_5)
FN:48,(anonymous_6)
FN:54,(anonymous_7)
FN:55,(anonymous_8)
FN:62,(anonymous_9)
FN:67,(anonymous_10)
FN:68,(anonymous_11)
FN:71,(anonymous_12)
FNF:12
FNH:0
FNDA:0,VendorPicker
FNDA:0,(anonymous_2)
FNDA:0,(anonymous_3)
FNDA:0,(anonymous_4)
FNDA:0,(anonymous_5)
FNDA:0,(anonymous_6)
FNDA:0,(anonymous_7)
FNDA:0,(anonymous_8)
FNDA:0,(anonymous_9)
FNDA:0,(anonymous_10)
FNDA:0,(anonymous_11)
FNDA:0,(anonymous_12)
DA:2,0
DA:3,0
DA:4,0
DA:10,0
DA:19,0
DA:20,0
DA:21,0
DA:22,0
DA:23,0
DA:24,0
DA:25,0
DA:27,0
DA:31,0
DA:43,0
DA:44,0
DA:45,0
DA:47,0
DA:48,0
DA:55,0
DA:62,0
DA:67,0
DA:68,0
DA:72,0
DA:73,0
DA:74,0
DA:75,0
DA:76,0
DA:77,0
DA:78,0
DA:79,0
DA:81,0
LF:31
LH:0
BRDA:11,0,0,0
BRDA:23,1,0,0
BRDA:23,2,0,0
BRDA:23,2,1,0
BRDA:27,3,0,0
BRDA:27,3,1,0
BRDA:40,4,0,0
BRDA:40,4,1,0
BRDA:41,5,0,0
BRDA:41,5,1,0
BRDA:49,6,0,0
BRDA:49,6,1,0
BRDA:52,7,0,0
BRDA:52,7,1,0
BRDA:58,8,0,0
BRDA:62,9,0,0
BRDA:72,10,0,0
BRDA:72,10,1,0
BRDA:86,11,0,0
BRDA:86,11,1,0
BRF:20
BRH:0
end_of_record
TN:
SF:src\app\(dashboard)\pharmacy\VendorsTab.tsx
FN:12,VendorFormModal
FN:41,(anonymous_2)
FN:41,(anonymous_3)
FN:43,handleSubmit
FN:77,(anonymous_5)
FN:82,(anonymous_6)
FN:86,(anonymous_7)
FN:92,(anonymous_8)
FN:96,(anonymous_9)
FN:101,(anonymous_10)
FN:105,(anonymous_11)
FN:110,(anonymous_12)
FN:114,(anonymous_13)
FN:118,(anonymous_14)
FN:123,(anonymous_15)
FN:143,VendorsTab
FN:151,toggleActive
FN:167,(anonymous_18)
FN:172,(anonymous_19)
FN:174,(anonymous_20)
FN:190,(anonymous_21)
FN:207,(anonymous_22)
FN:208,(anonymous_23)
FN:259,(anonymous_24)
FN:261,(anonymous_25)
FN:273,(anonymous_26)
FNF:26
FNH:0
FNDA:0,VendorFormModal
FNDA:0,(anonymous_2)
FNDA:0,(anonymous_3)
FNDA:0,handleSubmit
FNDA:0,(anonymous_5)
FNDA:0,(anonymous_6)
FNDA:0,(anonymous_7)
FNDA:0,(anonymous_8)
FNDA:0,(anonymous_9)
FNDA:0,(anonymous_10)
FNDA:0,(anonymous_11)
FNDA:0,(anonymous_12)
FNDA:0,(anonymous_13)
FNDA:0,(anonymous_14)
FNDA:0,(anonymous_15)
FNDA:0,VendorsTab
FNDA:0,toggleActive
FNDA:0,(anonymous_18)
FNDA:0,(anonymous_19)
FNDA:0,(anonymous_20)
FNDA:0,(anonymous_21)
FNDA:0,(anonymous_22)
FNDA:0,(anonymous_23)
FNDA:0,(anonymous_24)
FNDA:0,(anonymous_25)
FNDA:0,(anonymous_26)
DA:2,0
DA:3,0
DA:4,0
DA:7,0
DA:18,0
DA:19,0
DA:20,0
DA:21,0
DA:22,0
DA:38,0
DA:39,0
DA:41,0
DA:44,0
DA:45,0
DA:46,0
DA:47,0
DA:48,0
DA:49,0
DA:50,0
DA:52,0
DA:53,0
DA:55,0
DA:57,0
DA:58,0
DA:62,0
DA:63,0
DA:77,0
DA:82,0
DA:86,0
DA:92,0
DA:96,0
DA:101,0
DA:105,0
DA:110,0
DA:114,0
DA:118,0
DA:123,0
DA:143,0
DA:144,0
DA:145,0
DA:146,0
DA:147,0
DA:148,0
DA:149,0
DA:152,0
DA:153,0
DA:154,0
DA:155,0
DA:157,0
DA:167,0
DA:172,0
DA:174,0
DA:190,0
DA:208,0
DA:259,0
DA:261,0
DA:273,0
LF:57
LH:0
BRDA:24,0,0,0
BRDA:24,0,1,0
BRDA:26,1,0,0
BRDA:26,1,1,0
BRDA:27,2,0,0
BRDA:27,2,1,0
BRDA:28,3,0,0
BRDA:28,3,1,0
BRDA:29,4,0,0
BRDA:29,4,1,0
BRDA:30,5,0,0
BRDA:30,5,1,0
BRDA:31,6,0,0
BRDA:31,6,1,0
BRDA:32,7,0,0
BRDA:32,7,1,0
BRDA:33,8,0,0
BRDA:33,8,1,0
BRDA:34,9,0,0
BRDA:34,9,1,0
BRDA:35,10,0,0
BRDA:35,10,1,0
BRDA:39,11,0,0
BRDA:39,11,1,0
BRDA:46,12,0,0
BRDA:46,12,1,0
BRDA:48,13,0,0
BRDA:48,13,1,0
BRDA:58,14,0,0
BRDA:58,14,1,0
BRDA:69,15,0,0
BRDA:69,15,1,0
BRDA:126,16,0,0
BRDA:134,17,0,0
BRDA:134,17,1,0
BRDA:134,18,0,0
BRDA:134,18,1,0
BRDA:145,19,0,0
BRDA:145,20,0,0
BRDA:145,20,1,0
BRDA:154,21,0,0
BRDA:154,21,1,0
BRDA:155,22,0,0
BRDA:155,22,1,0
BRDA:173,23,0,0
BRDA:184,24,0,0
BRDA:186,25,0,0
BRDA:188,26,0,0
BRDA:188,26,1,0
BRDA:189,27,0,0
BRDA:189,27,1,0
BRDA:208,28,0,0
BRDA:208,28,1,0
BRDA:209,29,0,0
BRDA:209,29,1,0
BRDA:209,30,0,0
BRDA:209,30,1,0
BRDA:212,31,0,0
BRDA:212,32,0,0
BRDA:212,32,1,0
BRDA:215,33,0,0
BRDA:215,33,1,0
BRDA:216,34,0,0
BRDA:218,35,0,0
BRDA:218,35,1,0
BRDA:220,36,0,0
BRDA:220,36,1,0
BRDA:221,37,0,0
BRDA:221,37,1,0
BRDA:236,38,0,0
BRDA:244,39,0,0
BRDA:245,40,0,0
BRDA:246,41,0,0
BRDA:247,42,0,0
BRDA:249,43,0,0
BRDA:249,43,1,0
BRDA:251,44,0,0
BRDA:252,45,0,0
BRDA:256,46,0,0
BRDA:257,47,0,0
BRDA:262,48,0,0
BRDA:262,48,1,0
BRDA:263,49,0,0
BRDA:263,49,1,0
BRDA:272,50,0,0
BRF:85
BRH:0
end_of_record
TN:
SF:src\app\(dashboard)\pharmacy\hooks.ts
FN:12,useVendors
FN:15,(anonymous_10)
FN:23,useVendor
FN:26,(anonymous_12)
FN:34,useCreateVendor
FN:37,(anonymous_14)
FN:41,(anonymous_15)
FN:47,useUpdateVendor
FN:50,(anonymous_17)
FN:54,(anonymous_18)
FN:63,usePurchaseReturns
FN:66,(anonymous_20)
FN:75,usePurchaseReturn
FN:78,(anonymous_22)
FN:105,useCreatePurchaseReturn
FN:108,(anonymous_24)
FN:112,(anonymous_25)
FN:127,useStockLedger
FN:130,(anonymous_27)
FNF:19
FNH:0
FNDA:0,useVendors
FNDA:0,(anonymous_10)
FNDA:0,useVendor
FNDA:0,(anonymous_12)
FNDA:0,useCreateVendor
FNDA:0,(anonymous_14)
FNDA:0,(anonymous_15)
FNDA:0,useUpdateVendor
FNDA:0,(anonymous_17)
FNDA:0,(anonymous_18)
FNDA:0,usePurchaseReturns
FNDA:0,(anonymous_20)
FNDA:0,usePurchaseReturn
FNDA:0,(anonymous_22)
FNDA:0,useCreatePurchaseReturn
FNDA:0,(anonymous_24)
FNDA:0,(anonymous_25)
FNDA:0,useStockLedger
FNDA:0,(anonymous_27)
DA:1,0
DA:2,0
DA:12,0
DA:13,0
DA:16,0
DA:17,0
DA:18,0
DA:23,0
DA:24,0
DA:27,0
DA:28,0
DA:34,0
DA:35,0
DA:36,0
DA:38,0
DA:39,0
DA:42,0
DA:47,0
DA:48,0
DA:49,0
DA:51,0
DA:52,0
DA:55,0
DA:56,0
DA:63,0
DA:64,0
DA:67,0
DA:70,0
DA:75,0
DA:76,0
DA:79,0
DA:80,0
DA:105,0
DA:106,0
DA:107,0
DA:109,0
DA:110,0
DA:113,0
DA:116,0
DA:127,0
DA:128,0
DA:131,0
DA:134,0
LF:43
LH:0
BRDA:14,0,0,0
BRDA:14,0,1,0
BRDA:16,1,0,0
BRDA:16,1,1,0
BRDA:63,2,0,0
BRDA:63,3,0,0
BRDA:127,4,0,0
BRDA:127,5,0,0
BRF:8
BRH:0
end_of_record
TN:
SF:src\app\api\health\route.ts
FN:3,GET
FNF:1
FNH:0
FNDA:0,GET
DA:1,0
DA:3,0
DA:4,0
LF:3
LH:0
BRF:0
BRH:0
end_of_record
TN:
SF:src\components\DismissModal.tsx
FN:28,DismissModal
FN:41,(anonymous_2)
FN:64,(anonymous_3)
FN:105,(anonymous_4)
FN:108,(anonymous_5)
FN:125,(anonymous_6)
FN:128,(anonymous_7)
FN:149,(anonymous_8)
FNF:8
FNH:0
FNDA:0,DismissModal
FNDA:0,(anonymous_2)
FNDA:0,(anonymous_3)
FNDA:0,(anonymous_4)
FNDA:0,(anonymous_5)
FNDA:0,(anonymous_6)
FNDA:0,(anonymous_7)
FNDA:0,(anonymous_8)
DA:2,0
DA:3,0
DA:19,0
DA:26,0
DA:28,0
DA:29,0
DA:31,0
DA:34,0
DA:35,0
DA:36,0
DA:37,0
DA:39,0
DA:41,0
DA:42,0
DA:43,0
DA:44,0
DA:45,0
DA:46,0
DA:50,0
DA:52,0
DA:53,0
DA:64,0
DA:106,0
DA:108,0
DA:126,0
DA:128,0
DA:149,0
LF:27
LH:0
BRDA:32,0,0,0
BRDA:32,0,1,0
BRDA:42,1,0,0
BRDA:42,1,1,0
BRDA:92,2,0,0
BRDA:110,3,0,0
BRDA:110,3,1,0
BRDA:115,4,0,0
BRDA:115,4,1,0
BRDA:128,5,0,0
BRDA:128,5,1,0
BRDA:130,6,0,0
BRDA:130,6,1,0
BRDA:155,7,0,0
BRDA:168,8,0,0
BRDA:168,8,1,0
BRDA:171,9,0,0
BRDA:171,9,1,0
BRF:18
BRH:0
end_of_record
TN:
SF:src\components\PatientHistoryDrawer.tsx
FN:132,age
FN:137,fmtDate
FN:141,fmtTime
FN:162,PatientHistoryDrawer
FN:178,(anonymous_5)
FN:179,(anonymous_6)
FN:180,(anonymous_7)
FN:182,(anonymous_8)
FN:227,(anonymous_9)
FN:234,(anonymous_10)
FN:238,(anonymous_11)
FN:258,(anonymous_12)
FN:259,(anonymous_13)
FN:268,(anonymous_14)
FN:273,(anonymous_15)
FN:274,(anonymous_16)
FN:287,(anonymous_17)
FN:290,(anonymous_18)
FN:291,(anonymous_19)
FN:293,(anonymous_20)
FN:298,printConsultation
FN:332,(anonymous_22)
FN:340,printInvoiceReceipt
FN:343,(anonymous_24)
FN:369,refundInvoice
FN:386,printFullReport
FN:400,(anonymous_27)
FN:417,(anonymous_28)
FN:418,(anonymous_29)
FN:421,(anonymous_30)
FN:429,(anonymous_31)
FN:446,(anonymous_32)
FN:460,(anonymous_33)
FN:468,(anonymous_34)
FN:475,(anonymous_35)
FN:476,(anonymous_36)
FN:562,(anonymous_37)
FN:565,(anonymous_38)
FN:568,(anonymous_39)
FN:571,(anonymous_40)
FN:574,(anonymous_41)
FN:582,(anonymous_42)
FN:608,(anonymous_43)
FN:609,(anonymous_44)
FN:660,(anonymous_45)
FN:672,(anonymous_46)
FN:697,(anonymous_47)
FN:698,(anonymous_48)
FN:709,(anonymous_49)
FN:770,(anonymous_50)
FN:774,(anonymous_51)
FN:774,(anonymous_52)
FN:796,(anonymous_53)
FN:805,(anonymous_54)
FN:840,(anonymous_55)
FN:887,(anonymous_56)
FN:895,(anonymous_57)
FN:919,(anonymous_58)
FN:934,(anonymous_59)
FN:970,(anonymous_60)
FN:983,(anonymous_61)
FN:986,(anonymous_62)
FN:986,(anonymous_63)
FN:1026,(anonymous_64)
FN:1056,(anonymous_65)
FN:1069,(anonymous_66)
FN:1079,(anonymous_67)
FN:1083,(anonymous_68)
FNF:68
FNH:0
FNDA:0,age
FNDA:0,fmtDate
FNDA:0,fmtTime
FNDA:0,PatientHistoryDrawer
FNDA:0,(anonymous_5)
FNDA:0,(anonymous_6)
FNDA:0,(anonymous_7)
FNDA:0,(anonymous_8)
FNDA:0,(anonymous_9)
FNDA:0,(anonymous_10)
FNDA:0,(anonymous_11)
FNDA:0,(anonymous_12)
FNDA:0,(anonymous_13)
FNDA:0,(anonymous_14)
FNDA:0,(anonymous_15)
FNDA:0,(anonymous_16)
FNDA:0,(anonymous_17)
FNDA:0,(anonymous_18)
FNDA:0,(anonymous_19)
FNDA:0,(anonymous_20)
FNDA:0,printConsultation
FNDA:0,(anonymous_22)
FNDA:0,printInvoiceReceipt
FNDA:0,(anonymous_24)
FNDA:0,refundInvoice
FNDA:0,printFullReport
FNDA:0,(anonymous_27)
FNDA:0,(anonymous_28)
FNDA:0,(anonymous_29)
FNDA:0,(anonymous_30)
FNDA:0,(anonymous_31)
FNDA:0,(anonymous_32)
FNDA:0,(anonymous_33)
FNDA:0,(anonymous_34)
FNDA:0,(anonymous_35)
FNDA:0,(anonymous_36)
FNDA:0,(anonymous_37)
FNDA:0,(anonymous_38)
FNDA:0,(anonymous_39)
FNDA:0,(anonymous_40)
FNDA:0,(anonymous_41)
FNDA:0,(anonymous_42)
FNDA:0,(anonymous_43)
FNDA:0,(anonymous_44)
FNDA:0,(anonymous_45)
FNDA:0,(anonymous_46)
FNDA:0,(anonymous_47)
FNDA:0,(anonymous_48)
FNDA:0,(anonymous_49)
FNDA:0,(anonymous_50)
FNDA:0,(anonymous_51)
FNDA:0,(anonymous_52)
FNDA:0,(anonymous_53)
FNDA:0,(anonymous_54)
FNDA:0,(anonymous_55)
FNDA:0,(anonymous_56)
FNDA:0,(anonymous_57)
FNDA:0,(anonymous_58)
FNDA:0,(anonymous_59)
FNDA:0,(anonymous_60)
FNDA:0,(anonymous_61)
FNDA:0,(anonymous_62)
FNDA:0,(anonymous_63)
FNDA:0,(anonymous_64)
FNDA:0,(anonymous_65)
FNDA:0,(anonymous_66)
FNDA:0,(anonymous_67)
FNDA:0,(anonymous_68)
DA:2,0
DA:5,0
DA:6,0
DA:7,0
DA:8,0
DA:14,0
DA:108,0
DA:120,0
DA:133,0
DA:134,0
DA:138,0
DA:142,0
DA:162,0
DA:163,0
DA:164,0
DA:165,0
DA:166,0
DA:167,0
DA:168,0
DA:169,0
DA:170,0
DA:171,0
DA:172,0
DA:173,0
DA:174,0
DA:175,0
DA:178,0
DA:179,0
DA:180,0
DA:182,0
DA:196,0
DA:197,0
DA:198,0
DA:199,0
DA:200,0
DA:201,0
DA:202,0
DA:203,0
DA:214,0
DA:215,0
DA:216,0
DA:217,0
DA:218,0
DA:219,0
DA:220,0
DA:226,0
DA:227,0
DA:234,0
DA:235,0
DA:237,0
DA:238,0
DA:241,0
DA:242,0
DA:243,0
DA:244,0
DA:245,0
DA:246,0
DA:247,0
DA:248,0
DA:249,0
DA:250,0
DA:252,0
DA:257,0
DA:258,0
DA:259,0
DA:268,0
DA:269,0
DA:270,0
DA:271,0
DA:273,0
DA:274,0
DA:276,0
DA:277,0
DA:278,0
DA:279,0
DA:283,0
DA:287,0
DA:290,0
DA:291,0
DA:292,0
DA:293,0
DA:299,0
DA:300,0
DA:301,0
DA:332,0
DA:334,0
DA:336,0
DA:341,0
DA:342,0
DA:343,0
DA:344,0
DA:363,0
DA:365,0
DA:370,0
DA:371,0
DA:373,0
DA:374,0
DA:375,0
DA:376,0
DA:377,0
DA:379,0
DA:380,0
DA:382,0
DA:387,0
DA:388,0
DA:389,0
DA:400,0
DA:417,0
DA:418,0
DA:421,0
DA:429,0
DA:438,0
DA:440,0
DA:446,0
DA:447,0
DA:448,0
DA:449,0
DA:450,0
DA:451,0
DA:452,0
DA:454,0
DA:456,0
DA:460,0
DA:461,0
DA:462,0
DA:468,0
DA:469,0
DA:473,0
DA:474,0
DA:475,0
DA:476,0
DA:562,0
DA:565,0
DA:568,0
DA:571,0
DA:574,0
DA:582,0
DA:608,0
DA:610,0
DA:661,0
DA:672,0
DA:697,0
DA:699,0
DA:709,0
DA:770,0
DA:774,0
DA:775,0
DA:797,0
DA:806,0
DA:841,0
DA:888,0
DA:889,0
DA:890,0
DA:895,0
DA:897,0
DA:919,0
DA:934,0
DA:971,0
DA:983,0
DA:986,0
DA:987,0
DA:1026,0
DA:1056,0
DA:1070,0
DA:1071,0
DA:1072,0
DA:1078,0
DA:1079,0
DA:1080,0
DA:1081,0
DA:1084,0
DA:1091,0
LF:172
LH:0
BRDA:133,0,0,0
BRDA:133,0,1,0
BRDA:179,1,0,0
BRDA:179,1,1,0
BRDA:202,2,0,0
BRDA:202,2,1,0
BRDA:215,3,0,0
BRDA:215,3,1,0
BRDA:243,4,0,0
BRDA:243,4,1,0
BRDA:244,5,0,0
BRDA:244,5,1,0
BRDA:245,6,0,0
BRDA:245,6,1,0
BRDA:247,7,0,0
BRDA:247,7,1,0
BRDA:248,8,0,0
BRDA:248,8,1,0
BRDA:249,9,0,0
BRDA:249,9,1,0
BRDA:250,10,0,0
BRDA:250,10,1,0
BRDA:277,11,0,0
BRDA:277,11,1,0
BRDA:277,11,2,0
BRDA:278,12,0,0
BRDA:278,12,1,0
BRDA:279,13,0,0
BRDA:279,13,1,0
BRDA:291,14,0,0
BRDA:291,14,1,0
BRDA:302,15,0,0
BRDA:302,15,1,0
BRDA:306,16,0,0
BRDA:306,16,1,0
BRDA:308,17,0,0
BRDA:308,17,1,0
BRDA:321,18,0,0
BRDA:321,18,1,0
BRDA:324,19,0,0
BRDA:324,19,1,0
BRDA:325,20,0,0
BRDA:325,20,1,0
BRDA:326,21,0,0
BRDA:326,21,1,0
BRDA:345,22,0,0
BRDA:345,22,1,0
BRDA:347,23,0,0
BRDA:347,23,1,0
BRDA:350,24,0,0
BRDA:350,24,1,0
BRDA:352,25,0,0
BRDA:352,25,1,0
BRDA:355,26,0,0
BRDA:355,26,1,0
BRDA:356,27,0,0
BRDA:356,27,1,0
BRDA:360,28,0,0
BRDA:360,28,1,0
BRDA:361,29,0,0
BRDA:361,29,1,0
BRDA:370,30,0,0
BRDA:370,30,1,0
BRDA:380,31,0,0
BRDA:380,31,1,0
BRDA:390,32,0,0
BRDA:390,32,1,0
BRDA:393,33,0,0
BRDA:393,33,1,0
BRDA:412,34,0,0
BRDA:412,34,1,0
BRDA:414,35,0,0
BRDA:414,35,1,0
BRDA:415,36,0,0
BRDA:415,36,1,0
BRDA:418,37,0,0
BRDA:418,37,1,0
BRDA:421,38,0,0
BRDA:421,38,1,0
BRDA:422,39,0,0
BRDA:422,39,1,0
BRDA:446,40,0,0
BRDA:450,41,0,0
BRDA:450,41,1,0
BRDA:454,42,0,0
BRDA:454,42,1,0
BRDA:461,43,0,0
BRDA:461,43,1,0
BRDA:461,44,0,0
BRDA:461,44,1,0
BRDA:461,44,2,0
BRDA:470,45,0,0
BRDA:470,45,1,0
BRDA:493,46,0,0
BRDA:493,46,1,0
BRDA:499,47,0,0
BRDA:500,48,0,0
BRDA:503,49,0,0
BRDA:506,50,0,0
BRDA:511,51,0,0
BRDA:511,51,1,0
BRDA:511,51,2,0
BRDA:519,52,0,0
BRDA:533,53,0,0
BRDA:552,54,0,0
BRDA:552,54,1,0
BRDA:563,55,0,0
BRDA:563,55,1,0
BRDA:566,56,0,0
BRDA:566,56,1,0
BRDA:569,57,0,0
BRDA:569,57,1,0
BRDA:572,58,0,0
BRDA:572,58,1,0
BRDA:575,59,0,0
BRDA:575,59,1,0
BRDA:576,60,0,0
BRDA:592,61,0,0
BRDA:599,62,0,0
BRDA:601,63,0,0
BRDA:601,63,1,0
BRDA:614,64,0,0
BRDA:614,64,1,0
BRDA:616,65,0,0
BRDA:622,66,0,0
BRDA:624,67,0,0
BRDA:631,68,0,0
BRDA:631,68,1,0
BRDA:632,69,0,0
BRDA:632,69,1,0
BRDA:638,70,0,0
BRDA:650,71,0,0
BRDA:654,72,0,0
BRDA:663,73,0,0
BRDA:663,73,1,0
BRDA:672,74,0,0
BRDA:672,74,1,0
BRDA:690,75,0,0
BRDA:690,75,1,0
BRDA:715,76,0,0
BRDA:725,77,0,0
BRDA:732,78,0,0
BRDA:732,78,1,0
BRDA:732,78,2,0
BRDA:732,78,3,0
BRDA:732,78,4,0
BRDA:734,79,0,0
BRDA:734,79,1,0
BRDA:737,80,0,0
BRDA:740,81,0,0
BRDA:743,82,0,0
BRDA:746,83,0,0
BRDA:749,84,0,0
BRDA:755,85,0,0
BRDA:762,86,0,0
BRDA:770,87,0,0
BRDA:779,88,0,0
BRDA:781,89,0,0
BRDA:792,90,0,0
BRDA:800,91,0,0
BRDA:800,91,1,0
BRDA:806,92,0,0
BRDA:806,92,1,0
BRDA:808,93,0,0
BRDA:808,93,1,0
BRDA:808,94,0,0
BRDA:808,94,1,0
BRDA:809,95,0,0
BRDA:809,95,1,0
BRDA:809,96,0,0
BRDA:809,96,1,0
BRDA:826,97,0,0
BRDA:829,98,0,0
BRDA:845,99,0,0
BRDA:853,100,0,0
BRDA:869,101,0,0
BRDA:872,102,0,0
BRDA:879,103,0,0
BRDA:879,103,1,0
BRDA:880,104,0,0
BRDA:890,105,0,0
BRDA:890,105,1,0
BRDA:892,106,0,0
BRDA:892,106,1,0
BRDA:908,107,0,0
BRDA:909,108,0,0
BRDA:917,109,0,0
BRDA:925,110,0,0
BRDA:932,111,0,0
BRDA:932,111,1,0
BRDA:940,112,0,0
BRDA:958,113,0,0
BRDA:961,114,0,0
BRDA:967,115,0,0
BRDA:975,116,0,0
BRDA:983,117,0,0
BRDA:991,118,0,0
BRDA:1004,119,0,0
BRDA:1017,120,0,0
BRDA:1022,121,0,0
BRDA:1032,122,0,0
BRDA:1033,123,0,0
BRDA:1035,124,0,0
BRDA:1035,124,1,0
BRDA:1043,125,0,0
BRDA:1053,126,0,0
BRDA:1053,126,1,0
BRDA:1071,127,0,0
BRDA:1071,127,1,0
BRDA:1079,128,0,0
BRDA:1079,128,1,0
BRDA:1079,128,2,0
BRDA:1080,129,0,0
BRDA:1080,129,1,0
BRF:214
BRH:0
end_of_record
TN:
SF:src\components\Providers.tsx
FN:7,Providers
FN:9,(anonymous_2)
FNF:2
FNH:0
FNDA:0,Providers
FNDA:0,(anonymous_2)
DA:3,0
DA:4,0
DA:5,0
DA:7,0
DA:8,0
DA:10,0
LF:6
LH:0
BRF:0
BRH:0
end_of_record
TN:
SF:src\components\layout\Header.tsx
FN:5,Header
FN:9,(anonymous_2)
FNF:2
FNH:0
FNDA:0,Header
FNDA:0,(anonymous_2)
DA:2,0
DA:3,0
DA:5,0
DA:6,0
DA:7,0
DA:9,0
DA:10,0
DA:11,0
LF:8
LH:0
BRF:0
BRH:0
end_of_record
TN:
SF:src\components\layout\Sidebar.tsx
FN:127,Sidebar
FN:135,isActive
FN:140,handleLogout
FN:182,(anonymous_5)
FN:182,(anonymous_6)
FN:195,(anonymous_7)
FN:196,(anonymous_8)
FN:208,(anonymous_9)
FNF:8
FNH:0
FNDA:0,Sidebar
FNDA:0,isActive
FNDA:0,handleLogout
FNDA:0,(anonymous_5)
FNDA:0,(anonymous_6)
FNDA:0,(anonymous_7)
FNDA:0,(anonymous_8)
FNDA:0,(anonymous_9)
DA:3,0
DA:4,0
DA:5,0
DA:29,0
DA:30,0
DA:31,0
DA:32,0
DA:36,0
DA:46,0
DA:70,0
DA:127,0
DA:128,0
DA:129,0
DA:130,0
DA:131,0
DA:133,0
DA:136,0
DA:137,0
DA:141,0
DA:142,0
DA:146,0
DA:147,0
DA:151,0
DA:182,0
DA:196,0
DA:197,0
DA:199,0
DA:209,0
DA:210,0
LF:29
LH:0
BRDA:133,0,0,0
BRDA:133,0,1,0
BRDA:136,1,0,0
BRDA:136,1,1,0
BRDA:137,2,0,0
BRDA:137,2,1,0
BRDA:151,3,0,0
BRDA:151,3,1,0
BRDA:151,4,0,0
BRDA:151,4,1,0
BRDA:157,5,0,0
BRDA:157,5,1,0
BRDA:163,6,0,0
BRDA:163,6,1,0
BRDA:165,7,0,0
BRDA:176,8,0,0
BRDA:185,9,0,0
BRDA:185,9,1,0
BRDA:187,10,0,0
BRDA:187,10,1,0
BRDA:189,11,0,0
BRDA:197,12,0,0
BRDA:197,12,1,0
BRDA:201,13,0,0
BRDA:206,14,0,0
BRDA:214,15,0,0
BRDA:214,15,1,0
BRDA:217,16,0,0
BRDA:217,16,1,0
BRDA:223,17,0,0
BRDA:226,18,0,0
BRDA:226,18,1,0
BRDA:227,19,0,0
BRDA:230,20,0,0
BRDA:246,21,0,0
BRDA:269,22,0,0
BRDA:269,22,1,0
BRDA:271,23,0,0
BRDA:271,23,1,0
BRF:39
BRH:0
end_of_record
TN:
SF:src\components\ui\button.tsx
FN:42,(anonymous_6)
FNF:1
FNH:0
FNDA:0,(anonymous_6)
DA:1,0
DA:2,0
DA:3,0
DA:4,0
DA:6,0
DA:41,0
DA:43,0
DA:53,0
DA:55,0
LF:9
LH:0
BRDA:42,0,0,0
BRDA:43,1,0,0
BRDA:43,1,1,0
BRF:3
BRH:0
end_of_record
TN:
SF:src\components\ui\card.tsx
FNF:0
FNH:0
DA:1,0
DA:2,0
DA:13,0
DA:20,0
DA:31,0
DA:39,0
DA:46,0
DA:53,0
DA:55,0
LF:9
LH:0
BRF:0
BRH:0
end_of_record
TN:
SF:src\components\ui\stats-card.tsx
FN:18,StatsCard
FNF:1
FNH:0
FNDA:0,StatsCard
DA:10,0
DA:18,0
LF:2
LH:0
BRDA:18,0,0,0
BRDA:25,1,0,0
BRDA:26,2,0,0
BRDA:27,3,0,0
BRDA:27,3,1,0
BRDA:28,4,0,0
BRDA:28,4,1,0
BRDA:32,5,0,0
BRF:8
BRH:0
end_of_record
TN:
SF:src\components\ui\toaster.tsx
FN:23,useToast
FN:31,Toaster
FN:34,(anonymous_8)
FN:36,(anonymous_9)
FN:39,(anonymous_10)
FN:40,(anonymous_11)
FN:40,(anonymous_12)
FN:46,(anonymous_13)
FN:50,(anonymous_14)
FN:75,(anonymous_15)
FNF:10
FNH:0
FNDA:0,useToast
FNDA:0,Toaster
FNDA:0,(anonymous_8)
FNDA:0,(anonymous_9)
FNDA:0,(anonymous_10)
FNDA:0,(anonymous_11)
FNDA:0,(anonymous_12)
FNDA:0,(anonymous_13)
FNDA:0,(anonymous_14)
FNDA:0,(anonymous_15)
DA:3,0
DA:4,0
DA:5,0
DA:6,0
DA:21,0
DA:23,0
DA:24,0
DA:25,0
DA:26,0
DA:31,0
DA:32,0
DA:34,0
DA:35,0
DA:36,0
DA:39,0
DA:40,0
DA:47,0
DA:50,0
DA:75,0
LF:19
LH:0
BRDA:25,0,0,0
BRDA:25,0,1,0
BRDA:50,1,0,0
BRDA:50,1,1,0
BRDA:55,2,0,0
BRDA:55,2,1,0
BRDA:57,3,0,0
BRDA:57,3,1,0
BRDA:63,4,0,0
BRDA:68,5,0,0
BRF:10
BRH:0
end_of_record
TN:
SF:src\lib\api.ts
FN:5,getAuthState
FN:20,redirectToLogin
FN:28,createApiInstance
FN:37,(anonymous_10)
FN:55,(anonymous_11)
FN:60,(anonymous_12)
FN:61,(anonymous_13)
FNF:7
FNH:0
FNDA:0,getAuthState
FNDA:0,redirectToLogin
FNDA:0,createApiInstance
FNDA:0,(anonymous_10)
FNDA:0,(anonymous_11)
FNDA:0,(anonymous_12)
FNDA:0,(anonymous_13)
DA:1,0
DA:6,0
DA:7,0
DA:8,0
DA:9,0
DA:10,0
DA:11,0
DA:16,0
DA:21,0
DA:22,0
DA:29,0
DA:36,0
DA:38,0
DA:40,0
DA:41,0
DA:48,0
DA:49,0
DA:50,0
DA:53,0
DA:55,0
DA:59,0
DA:60,0
DA:62,0
DA:63,0
DA:64,0
DA:65,0
DA:68,0
DA:72,0
DA:78,0
DA:81,0
DA:82,0
DA:83,0
DA:84,0
DA:86,0
LF:34
LH:0
BRDA:6,0,0,0
BRDA:6,0,1,0
BRDA:9,1,0,0
BRDA:9,1,1,0
BRDA:12,2,0,0
BRDA:12,2,1,0
BRDA:13,3,0,0
BRDA:13,3,1,0
BRDA:21,4,0,0
BRDA:21,4,1,0
BRDA:40,5,0,0
BRDA:40,5,1,0
BRDA:40,6,0,0
BRDA:40,6,1,0
BRDA:49,7,0,0
BRDA:49,7,1,0
BRDA:49,8,0,0
BRDA:49,8,1,0
BRDA:49,8,2,0
BRDA:62,9,0,0
BRDA:62,9,1,0
BRDA:63,10,0,0
BRDA:63,10,1,0
BRDA:78,11,0,0
BRDA:78,11,1,0
BRF:25
BRH:0
end_of_record
TN:
SF:src\lib\print.ts
FN:89,age
FN:95,fmtDate
FN:100,fmtDateTime
FN:105,hospitalHeader
FN:157,generatePrescriptionHtml
FN:158,(anonymous_12)
FN:174,(anonymous_13)
FN:184,(anonymous_14)
FN:271,generateReceiptHtml
FN:359,generatePatientReportHtml
FN:360,(anonymous_17)
FN:369,(anonymous_18)
FN:373,(anonymous_19)
FN:442,(anonymous_20)
FN:442,(anonymous_21)
FN:481,generateLabReportHtml
FN:482,(anonymous_23)
FN:483,(anonymous_24)
FN:484,(anonymous_25)
FN:486,(anonymous_26)
FN:595,generateSampleLabelHtml
FN:624,printDocument
FNF:22
FNH:0
FNDA:0,age
FNDA:0,fmtDate
FNDA:0,fmtDateTime
FNDA:0,hospitalHeader
FNDA:0,generatePrescriptionHtml
FNDA:0,(anonymous_12)
FNDA:0,(anonymous_13)
FNDA:0,(anonymous_14)
FNDA:0,generateReceiptHtml
FNDA:0,generatePatientReportHtml
FNDA:0,(anonymous_17)
FNDA:0,(anonymous_18)
FNDA:0,(anonymous_19)
FNDA:0,(anonymous_20)
FNDA:0,(anonymous_21)
FNDA:0,generateLabReportHtml
FNDA:0,(anonymous_23)
FNDA:0,(anonymous_24)
FNDA:0,(anonymous_25)
FNDA:0,(anonymous_26)
FNDA:0,generateSampleLabelHtml
FNDA:0,printDocument
DA:90,0
DA:91,0
DA:92,0
DA:96,0
DA:97,0
DA:101,0
DA:102,0
DA:106,0
DA:108,0
DA:110,0
DA:111,0
DA:112,0
DA:113,0
DA:114,0
DA:115,0
DA:116,0
DA:117,0
DA:118,0
DA:119,0
DA:120,0
DA:121,0
DA:124,0
DA:157,0
DA:158,0
DA:159,0
DA:160,0
DA:161,0
DA:162,0
DA:163,0
DA:164,0
DA:165,0
DA:166,0
DA:167,0
DA:168,0
DA:169,0
DA:170,0
DA:171,0
DA:174,0
DA:178,0
DA:184,0
DA:198,0
DA:271,0
DA:272,0
DA:359,0
DA:360,0
DA:369,0
DA:370,0
DA:373,0
DA:376,0
DA:377,0
DA:378,0
DA:379,0
DA:380,0
DA:381,0
DA:382,0
DA:384,0
DA:400,0
DA:442,0
DA:481,0
DA:482,0
DA:483,0
DA:484,0
DA:486,0
DA:504,0
DA:595,0
DA:596,0
DA:624,0
DA:625,0
DA:626,0
DA:627,0
DA:628,0
DA:630,0
DA:631,0
DA:632,0
LF:74
LH:0
BRDA:90,0,0,0
BRDA:90,0,1,0
BRDA:96,1,0,0
BRDA:96,1,1,0
BRDA:101,2,0,0
BRDA:101,2,1,0
BRDA:106,3,0,0
BRDA:106,3,1,0
BRDA:111,4,0,0
BRDA:111,4,1,0
BRDA:113,5,0,0
BRDA:113,5,1,0
BRDA:115,6,0,0
BRDA:115,6,1,0
BRDA:117,7,0,0
BRDA:117,7,1,0
BRDA:118,8,0,0
BRDA:118,8,1,0
BRDA:119,9,0,0
BRDA:119,9,1,0
BRDA:120,10,0,0
BRDA:120,10,1,0
BRDA:161,11,0,0
BRDA:161,11,1,0
BRDA:161,12,0,0
BRDA:161,12,1,0
BRDA:162,13,0,0
BRDA:162,13,1,0
BRDA:163,14,0,0
BRDA:163,14,1,0
BRDA:164,15,0,0
BRDA:164,15,1,0
BRDA:165,16,0,0
BRDA:165,16,1,0
BRDA:166,17,0,0
BRDA:166,17,1,0
BRDA:167,18,0,0
BRDA:167,18,1,0
BRDA:168,19,0,0
BRDA:168,19,1,0
BRDA:169,20,0,0
BRDA:169,20,1,0
BRDA:170,21,0,0
BRDA:170,21,1,0
BRDA:178,22,0,0
BRDA:178,22,1,0
BRDA:187,23,0,0
BRDA:187,23,1,0
BRDA:191,24,0,0
BRDA:191,24,1,0
BRDA:192,25,0,0
BRDA:192,25,1,0
BRDA:196,26,0,0
BRDA:196,26,1,0
BRDA:213,27,0,0
BRDA:213,27,1,0
BRDA:214,28,0,0
BRDA:214,28,1,0
BRDA:217,29,0,0
BRDA:217,29,1,0
BRDA:221,30,0,0
BRDA:221,30,1,0
BRDA:223,31,0,0
BRDA:223,31,1,0
BRDA:224,32,0,0
BRDA:224,32,1,0
BRDA:225,33,0,0
BRDA:225,33,1,0
BRDA:226,34,0,0
BRDA:226,34,1,0
BRDA:232,35,0,0
BRDA:232,35,1,0
BRDA:234,36,0,0
BRDA:234,36,1,0
BRDA:235,37,0,0
BRDA:235,37,1,0
BRDA:235,38,0,0
BRDA:235,38,1,0
BRDA:237,39,0,0
BRDA:237,39,1,0
BRDA:237,40,0,0
BRDA:237,40,1,0
BRDA:243,41,0,0
BRDA:243,41,1,0
BRDA:245,42,0,0
BRDA:245,42,1,0
BRDA:247,43,0,0
BRDA:247,43,1,0
BRDA:254,44,0,0
BRDA:254,44,1,0
BRDA:255,45,0,0
BRDA:255,45,1,0
BRDA:261,46,0,0
BRDA:261,46,1,0
BRDA:310,47,0,0
BRDA:310,47,1,0
BRDA:311,48,0,0
BRDA:311,48,1,0
BRDA:312,49,0,0
BRDA:312,49,1,0
BRDA:312,50,0,0
BRDA:312,50,1,0
BRDA:313,51,0,0
BRDA:313,51,1,0
BRDA:313,52,0,0
BRDA:313,52,1,0
BRDA:314,53,0,0
BRDA:314,53,1,0
BRDA:314,54,0,0
BRDA:314,54,1,0
BRDA:315,55,0,0
BRDA:315,55,1,0
BRDA:330,56,0,0
BRDA:330,56,1,0
BRDA:365,57,0,0
BRDA:365,57,1,0
BRDA:366,58,0,0
BRDA:366,58,1,0
BRDA:366,59,0,0
BRDA:366,59,1,0
BRDA:370,60,0,0
BRDA:370,60,1,0
BRDA:377,61,0,0
BRDA:377,61,1,0
BRDA:378,62,0,0
BRDA:378,62,1,0
BRDA:378,63,0,0
BRDA:378,63,1,0
BRDA:379,64,0,0
BRDA:379,64,1,0
BRDA:380,65,0,0
BRDA:380,65,1,0
BRDA:381,66,0,0
BRDA:381,66,1,0
BRDA:382,67,0,0
BRDA:382,67,1,0
BRDA:391,68,0,0
BRDA:391,68,1,0
BRDA:392,69,0,0
BRDA:392,69,1,0
BRDA:393,70,0,0
BRDA:393,70,1,0
BRDA:394,71,0,0
BRDA:394,71,1,0
BRDA:419,72,0,0
BRDA:419,72,1,0
BRDA:422,73,0,0
BRDA:422,73,1,0
BRDA:423,74,0,0
BRDA:423,74,1,0
BRDA:429,75,0,0
BRDA:429,75,1,0
BRDA:433,76,0,0
BRDA:433,76,1,0
BRDA:449,77,0,0
BRDA:449,77,1,0
BRDA:483,78,0,0
BRDA:483,78,1,0
BRDA:483,79,0,0
BRDA:483,79,1,0
BRDA:484,80,0,0
BRDA:484,80,1,0
BRDA:484,81,0,0
BRDA:484,81,1,0
BRDA:487,82,0,0
BRDA:487,82,1,0
BRDA:487,83,0,0
BRDA:487,83,1,0
BRDA:490,84,0,0
BRDA:490,84,1,0
BRDA:490,85,0,0
BRDA:490,85,1,0
BRDA:493,86,0,0
BRDA:493,86,1,0
BRDA:496,87,0,0
BRDA:496,87,1,0
BRDA:499,88,0,0
BRDA:499,88,1,0
BRDA:501,89,0,0
BRDA:501,89,1,0
BRDA:516,90,0,0
BRDA:516,90,1,0
BRDA:523,91,0,0
BRDA:523,91,1,0
BRDA:529,92,0,0
BRDA:529,92,1,0
BRDA:530,93,0,0
BRDA:530,93,1,0
BRDA:534,94,0,0
BRDA:534,94,1,0
BRDA:534,95,0,0
BRDA:534,95,1,0
BRDA:534,95,2,0
BRDA:536,96,0,0
BRDA:536,96,1,0
BRDA:537,97,0,0
BRDA:537,97,1,0
BRDA:538,98,0,0
BRDA:538,98,1,0
BRDA:541,99,0,0
BRDA:541,99,1,0
BRDA:558,100,0,0
BRDA:558,100,1,0
BRDA:570,101,0,0
BRDA:570,101,1,0
BRDA:570,102,0,0
BRDA:570,102,1,0
BRDA:613,103,0,0
BRDA:613,103,1,0
BRDA:626,104,0,0
BRDA:626,104,1,0
BRF:211
BRH:0
end_of_record
TN:
SF:src\lib\utils.ts
FN:4,cn
FN:8,formatCurrency
FN:16,formatDate
FN:21,formatTime
FN:26,getInitials
FN:30,debounce
FN:35,(anonymous_13)
FN:37,(anonymous_14)
FNF:8
FNH:8
FNDA:2,cn
FNDA:3,formatCurrency
FNDA:2,formatDate
FNDA:1,formatTime
FNDA:2,getInitials
FNDA:2,debounce
FNDA:5,(anonymous_13)
FNDA:2,(anonymous_14)
DA:1,1
DA:2,1
DA:4,2
DA:5,2
DA:8,3
DA:9,3
DA:16,2
DA:17,2
DA:18,2
DA:21,1
DA:22,1
DA:23,1
DA:26,2
DA:27,2
DA:30,2
DA:35,2
DA:36,5
DA:37,5
LF:18
LH:18
BRDA:8,0,0,2
BRDA:16,1,0,1
BRF:2
BRH:2
end_of_record
TN:
SF:src\store\auth.store.ts
FN:25,(anonymous_1)
FN:34,(anonymous_2)
FN:44,(anonymous_3)
FN:55,(anonymous_4)
FN:66,(anonymous_5)
FN:73,(anonymous_6)
FN:77,(anonymous_7)
FN:80,(anonymous_8)
FN:80,(anonymous_9)
FN:80,(anonymous_10)
FNF:10
FNH:7
FNDA:1,(anonymous_1)
FNDA:4,(anonymous_2)
FNDA:6,(anonymous_3)
FNDA:1,(anonymous_4)
FNDA:2,(anonymous_5)
FNDA:1,(anonymous_6)
FNDA:1,(anonymous_7)
FNDA:0,(anonymous_8)
FNDA:0,(anonymous_9)
FNDA:0,(anonymous_10)
DA:1,1
DA:2,1
DA:23,20
DA:25,1
DA:35,4
DA:45,6
DA:56,1
DA:67,2
DA:68,2
DA:69,1
DA:73,1
DA:78,1
DA:80,0
LF:13
LH:12
BRDA:41,0,0,4
BRDA:41,0,1,2
BRDA:68,1,0,1
BRDA:68,1,1,1
BRDA:78,2,0,1
BRDA:78,2,1,0
BRF:6
BRH:5
end_of_record
TN:
SF:src\store\ui.store.ts
FN:11,(anonymous_1)
FN:15,(anonymous_2)
FN:16,(anonymous_3)
FN:16,(anonymous_4)
FN:17,(anonymous_5)
FNF:5
FNH:0
FNDA:0,(anonymous_1)
FNDA:0,(anonymous_2)
FNDA:0,(anonymous_3)
FNDA:0,(anonymous_4)
FNDA:0,(anonymous_5)
DA:1,0
DA:11,0
DA:15,0
DA:16,0
DA:17,0
LF:5
LH:0
BRF:0
BRH:0
end_of_record
